Setting plot parameters for matplotlib.
0 0
0 1
0 2
0 3
0 4
0 5
0 6
0 7
0 8
0 9
0 10
0 11
0 12
0 13
0 14
0 15
0 16
0 17
0 18
0 19
0 20
0 21
0 22
0 23
0 24
0 25
0 26
0 27
0 28
0 29
0 30
0 31
0 32
0 33
0 34
0 35
0 36
0 37
0 38
0 39
0 40
0 41
0 42
0 43
0 44
0 45
0 46
0 47
0 48
0 49
0 50
0 51
0 52
0 53
0 54
0 55
0 56
0 57
0 58
0 59
0 60
0 61
0 62
0 63
0 64
0 65
0 66
0 67
0 68
0 69
0 70
0 71
0 72
0 73
0 74
0 75
0 76
0 77
0 78
0 79
0 80
0 81
0 82
0 83
0 84
0 85
0 86
0 87
0 88
0 89
0 90
1 0
1 0 89 90
------------------
0.0156184798808 1.35885614741e-05 7.14735813298

1 1
1 2
1 3
1 4
1 5
1 6
1 7
1 8
1 9
1 10
1 11
1 12
1 13
1 14
1 15
1 16
1 17
1 18
1 19
1 20
1 21
1 22
1 23
1 24
1 25
1 26
1 27
1 28
1 29
1 30
1 31
1 32
1 33
1 34
1 35
1 36
1 37
1 38
1 39
1 40
1 41
1 42
1 43
1 44
1 45
1 46
1 47
1 48
1 49
1 50
1 51
1 52
1 53
1 54
1 55
1 56
1 57
1 58
1 59
1 60
1 61
1 62
1 63
1 64
1 65
1 66
1 67
1 68
1 69
1 70
1 71
1 72
1 73
1 74
1 75
1 76
1 77
1 78
1 79
1 80
1 81
1 82
1 83
1 84
1 85
1 86
1 87
1 88
1 89
1 90
2 0
2 0 88 90
------------------
0.0338599105812 3.85218536424e-06 6.32048081432

2 1
2 1 88 89
------------------
0.0174068554396 5.62536257121e-06 5.54531163025

2 2
2 3
2 4
2 5
2 6
2 7
2 8
2 9
2 10
2 11
2 12
2 13
2 14
2 15
2 16
2 17
2 18
2 19
2 20
2 21
2 22
2 23
2 24
2 25
2 26
2 27
2 28
2 29
2 30
2 31
2 32
2 33
2 34
2 35
2 36
2 37
2 38
2 39
2 40
2 41
2 42
2 43
2 44
2 45
2 46
2 47
2 48
2 49
2 50
2 51
2 52
2 53
2 54
2 55
2 56
2 57
2 58
2 59
2 60
2 61
2 62
2 63
2 64
2 65
2 66
2 67
2 68
2 69
2 70
2 71
2 72
2 73
2 74
2 75
2 76
2 77
2 78
2 79
2 80
2 81
2 82
2 83
2 84
2 85
2 86
2 87
2 88
2 89
2 90
3 0
3 0 87 90
------------------
0.0526378539493 8.38402974558e-06 4.06791448164

3 1
3 1 87 89
------------------
0.0374962742176 1.17531612996e-05 3.92467225592

3 2
3 2 87 88
------------------
0.0174068554396 1.91472113525e-05 4.46706478879

3 3
3 4
3 5
3 6
3 7
3 8
3 9
3 10
3 11
3 12
3 13
3 14
3 15
3 16
3 17
3 18
3 19
3 20
3 21
3 22
3 23
3 24
3 25
3 26
3 27
3 28
3 29
3 30
3 31
3 32
3 33
3 34
3 35
3 36
3 37
3 38
3 39
3 40
3 41
3 42
3 43
3 44
3 45
3 46
3 47
3 48
3 49
3 50
3 51
3 52
3 53
3 54
3 55
3 56
3 57
3 58
3 59
3 60
3 61
3 62
3 63
3 64
3 65
3 66
3 67
3 68
3 69
3 70
3 71
3 72
3 73
3 74
3 75
3 76
3 77
3 78
3 79
3 80
3 81
3 82
3 83
3 84
3 85
3 86
3 87
3 88
3 89
3 90
4 0
4 0 86 90
------------------
0.0714754098361 5.8823258756e-06 3.46161450684

4 1
4 1 86 89
------------------
0.0553204172876 1.10183972008e-05 3.41445462639

4 2
4 2 86 88
------------------
0.0371982116244 1.23983709264e-05 3.50100492846

4 3
4 3 86 87
------------------
0.0182414307004 8.99874072732e-06 3.86277465747

4 4
4 5
4 6
4 7
4 8
4 9
4 10
4 11
4 12
4 13
4 14
4 15
4 16
4 17
4 18
4 19
4 20
4 21
4 22
4 23
4 24
4 25
4 26
4 27
4 28
4 29
4 30
4 31
4 32
4 33
4 34
4 35
4 36
4 37
4 38
4 39
4 40
4 41
4 42
4 43
4 44
4 45
4 46
4 47
4 48
4 49
4 50
4 51
4 52
4 53
4 54
4 55
4 56
4 57
4 58
4 59
4 60
4 61
4 62
4 63
4 64
4 65
4 66
4 67
4 68
4 69
4 70
4 71
4 72
4 73
4 74
4 75
4 76
4 77
4 78
4 79
4 80
4 81
4 82
4 83
4 84
4 85
4 86
4 87
4 88
4 89
4 90
5 0
5 0 85 90
------------------
0.0895976154993 7.30834454022e-06 2.59269565522

5 1
5 1 85 89
------------------
0.0719523099851 9.40652338434e-06 2.85857231106

5 2
5 2 85 88
------------------
0.0549627421759 1.08217126293e-05 2.72982246652

5 3
5 3 85 87
------------------
0.0371385991058 1.24305834114e-05 2.54966025634

5 4
5 4 85 86
------------------
0.0174068554396 1.75791211302e-05 2.333907428

5 5
5 6
5 7
5 8
5 9
5 10
5 11
5 12
5 13
5 14
5 15
5 16
5 17
5 18
5 19
5 20
5 21
5 22
5 23
5 24
5 25
5 26
5 27
5 28
5 29
5 30
5 31
5 32
5 33
5 34
5 35
5 36
5 37
5 38
5 39
5 40
5 41
5 42
5 43
5 44
5 45
5 46
5 47
5 48
5 49
5 50
5 51
5 52
5 53
5 54
5 55
5 56
5 57
5 58
5 59
5 60
5 61
5 62
5 63
5 64
5 65
5 66
5 67
5 68
5 69
5 70
5 71
5 72
5 73
5 74
5 75
5 76
5 77
5 78
5 79
5 80
5 81
5 82
5 83
5 84
5 85
5 86
5 87
5 88
5 89
5 90
6 0
6 0 84 90
------------------
0.10956780924 7.47571158793e-06 2.00036707918

6 1
6 1 84 89
------------------
0.0886438152012 8.50913001051e-06 2.01516999852

6 2
6 2 84 88
------------------
0.0710581222057 1.66979024318e-05 3.15264620332

6 3
6 3 84 87
------------------
0.0532935916542 1.20070666649e-05 2.74782309491

6 4
6 4 84 86
------------------
0.0351713859911 1.68559717013e-05 2.40858961143

6 5
6 5 84 85
------------------
0.0190760059613 3.21884347908e-05 2.41277066639

6 6
6 7
6 8
6 9
6 10
6 11
6 12
6 13
6 14
6 15
6 16
6 17
6 18
6 19
6 20
6 21
6 22
6 23
6 24
6 25
6 26
6 27
6 28
6 29
6 30
6 31
6 32
6 33
6 34
6 35
6 36
6 37
6 38
6 39
6 40
6 41
6 42
6 43
6 44
6 45
6 46
6 47
6 48
6 49
6 50
6 51
6 52
6 53
6 54
6 55
6 56
6 57
6 58
6 59
6 60
6 61
6 62
6 63
6 64
6 65
6 66
6 67
6 68
6 69
6 70
6 71
6 72
6 73
6 74
6 75
6 76
6 77
6 78
6 79
6 80
6 81
6 82
6 83
6 84
6 85
6 86
6 87
6 88
6 89
6 90
7 0
7 0 83 90
------------------
0.126438152012 1.36608572606e-05 2.84147689692

7 1
7 1 83 89
------------------
0.103189269747 2.28028433935e-05 2.585200347

7 2
7 2 83 88
------------------
0.0900149031297 7.52615944028e-06 2.51626193945

7 3
7 3 83 87
------------------
0.0701639344262 1.23794866586e-05 2.58446898629

7 4
7 4 83 86
------------------
0.0574664679583 2.01049219317e-05 2.21291432623

7 5
7 5 83 85
------------------
0.0392846497765 2.10072987125e-05 2.22094968181

7 6
7 6 83 84
------------------
0.0199701937407 2.88088303712e-05 4.32758331603

7 7
7 8
7 9
7 10
7 11
7 12
7 13
7 14
7 15
7 16
7 17
7 18
7 19
7 20
7 21
7 22
7 23
7 24
7 25
7 26
7 27
7 28
7 29
7 30
7 31
7 32
7 33
7 34
7 35
7 36
7 37
7 38
7 39
7 40
7 41
7 42
7 43
7 44
7 45
7 46
7 47
7 48
7 49
7 50
7 51
7 52
7 53
7 54
7 55
7 56
7 57
7 58
7 59
7 60
7 61
7 62
7 63
7 64
7 65
7 66
7 67
7 68
7 69
7 70
7 71
7 72
7 73
7 74
7 75
7 76
7 77
7 78
7 79
7 80
7 81
7 82
7 83
7 84
7 85
7 86
7 87
7 88
7 89
7 90
8 0
8 0 82 90
------------------
0.137108792846 2.14112925252e-05 3.07624346621

8 1
8 1 82 89
------------------
0.122026825633 2.31778705522e-05 2.77441442608

8 2
8 2 82 88
------------------
0.106229508197 2.90983847118e-05 3.12424559957

8 3
8 3 82 87
------------------
0.095260804769 3.4408161818e-05 3.37515394021

8 4
8 4 82 86
------------------
0.0773770491803 3.32928873274e-05 2.81186877311

8 5
8 5 82 85
------------------
0.0567511177347 4.36157719942e-05 3.03323050255

8 6
8 6 82 84
------------------
0.037913561848 7.64406790983e-05 3.16748145657

8 7
8 7 82 83
------------------
0.0192548435171 3.65662364725e-05 2.75336771964

8 8
8 9
8 10
8 11
8 12
8 13
8 14
8 15
8 16
8 17
8 18
8 19
8 20
8 21
8 22
8 23
8 24
8 25
8 26
8 27
8 28
8 29
8 30
8 31
8 32
8 33
8 34
8 35
8 36
8 37
8 38
8 39
8 40
8 41
8 42
8 43
8 44
8 45
8 46
8 47
8 48
8 49
8 50
8 51
8 52
8 53
8 54
8 55
8 56
8 57
8 58
8 59
8 60
8 61
8 62
8 63
8 64
8 65
8 66
8 67
8 68
8 69
8 70
8 71
8 72
8 73
8 74
8 75
8 76
8 77
8 78
8 79
8 80
8 81
8 82
8 83
8 84
8 85
8 86
8 87
8 88
8 89
8 90
9 0
9 0 81 90
------------------
0.151713859911 2.20883492884e-05 3.90422283591

9 1
9 1 81 89
------------------
0.142414307004 4.244573616e-05 4.60887537192

9 2
9 2 81 88
------------------
0.124172876304 3.98177058241e-05 4.2062251946

9 3
9 3 81 87
------------------
0.108077496274 3.03008361953e-05 4.22567018989

9 4
9 4 81 86
------------------
0.0937704918033 3.75333175024e-05 3.85259114953

9 5
9 5 81 85
------------------
0.0772578241431 3.74210952673e-05 3.74605438823

9 6
9 6 81 84
------------------
0.0586587183308 4.08695385238e-05 4.18234853633

9 7
9 7 81 83
------------------
0.0391058122206 5.57532146256e-05 4.5127249892

9 8
9 8 81 82
------------------
0.0203874813711 0.00017522482982 3.76852868638

9 9
9 10
9 11
9 12
9 13
9 14
9 15
9 16
9 17
9 18
9 19
9 20
9 21
9 22
9 23
9 24
9 25
9 26
9 27
9 28
9 29
9 30
9 31
9 32
9 33
9 34
9 35
9 36
9 37
9 38
9 39
9 40
9 41
9 42
9 43
9 44
9 45
9 46
9 47
9 48
9 49
9 50
9 51
9 52
9 53
9 54
9 55
9 56
9 57
9 58
9 59
9 60
9 61
9 62
9 63
9 64
9 65
9 66
9 67
9 68
9 69
9 70
9 71
9 72
9 73
9 74
9 75
9 76
9 77
9 78
9 79
9 80
9 81
9 82
9 83
9 84
9 85
9 86
9 87
9 88
9 89
9 90
10 0
10 0 80 90
------------------
0.17609538003 3.40514422766e-05 6.03580063172

10 1
10 1 80 89
------------------
0.157675111773 4.65627728548e-05 6.17142204578

10 2
10 2 80 88
------------------
0.14694485842 4.65581435753e-05 5.73988960674

10 3
10 3 80 87
------------------
0.126199701937 5.25043314461e-05 6.41079455133

10 4
10 4 80 86
------------------
0.113561847988 6.24041712906e-05 6.50146096402

10 5
10 5 80 85
------------------
0.0932339791356 8.05893474655e-05 5.39847885223

10 6
10 6 80 84
------------------
0.0763636363636 6.64395754645e-05 5.26724316622

10 7
10 7 80 83
------------------
0.0608047690015 0.000103516479794 5.95931579657

10 8
10 8 80 82
------------------
0.0401192250373 8.75993149822e-05 5.34313928378

10 9
10 9 80 81
------------------
0.0199701937407 0.000342757967673 5.91967163691

10 10
10 11
10 12
10 13
10 14
10 15
10 16
10 17
10 18
10 19
10 20
10 21
10 22
10 23
10 24
10 25
10 26
10 27
10 28
10 29
10 30
10 31
10 32
10 33
10 34
10 35
10 36
10 37
10 38
10 39
10 40
10 41
10 42
10 43
10 44
10 45
10 46
10 47
10 48
10 49
10 50
10 51
10 52
10 53
10 54
10 55
10 56
10 57
10 58
10 59
10 60
10 61
10 62
10 63
10 64
10 65
10 66
10 67
10 68
10 69
10 70
10 71
10 72
10 73
10 74
10 75
10 76
10 77
10 78
10 79
10 80
10 81
10 82
10 83
10 84
10 85
10 86
10 87
10 88
10 89
10 90
11 0
11 0 79 90
------------------
0.195469448584 3.11933264178e-05 7.33747582987

11 1
11 1 79 89
------------------
0.176154992548 2.74001628172e-05 7.36554790703

11 2
11 2 79 88
------------------
0.164590163934 0.000148426548105 9.23568642274

11 3
11 3 79 87
------------------
0.142354694486 4.84657746113e-05 7.61895094169

11 4
11 4 79 86
------------------
0.12697466468 3.46382560267e-05 8.61938982887

11 5
11 5 79 85
------------------
0.112965722802 0.000113390287365 7.29802476162

11 6
11 6 79 84
------------------
0.0949031296572 8.5593850442e-05 7.44464246207

11 7
11 7 79 83
------------------
0.0775558867362 0.000222291704419 11.443907251

11 8
11 8 79 82
------------------
0.0614008941878 5.91971787053e-05 7.53811148813

11 9
11 9 79 81
------------------
0.0420268256334 0.000154629193185 7.07564048911

11 10
11 10 79 80
------------------
0.0214008941878 0.000305892617811 8.24109569717

11 11
11 12
11 13
11 14
11 15
11 16
11 17
11 18
11 19
11 20
11 21
11 22
11 23
11 24
11 25
11 26
11 27
11 28
11 29
11 30
11 31
11 32
11 33
11 34
11 35
11 36
11 37
11 38
11 39
11 40
11 41
11 42
11 43
11 44
11 45
11 46
11 47
11 48
11 49
11 50
11 51
11 52
11 53
11 54
11 55
11 56
11 57
11 58
11 59
11 60
11 61
11 62
11 63
11 64
11 65
11 66
11 67
11 68
11 69
11 70
11 71
11 72
11 73
11 74
11 75
11 76
11 77
11 78
11 79
11 80
11 81
11 82
11 83
11 84
11 85
11 86
11 87
11 88
11 89
11 90
12 0
12 0 78 90
------------------
0.205901639344 0.000401355878264 21.6919733808

12 1
12 1 78 89
------------------
0.192071535022 5.43470383032e-05 8.34194378197

12 2
12 2 78 88
------------------
0.177526080477 4.44115848048e-05 8.42545642088

12 3
12 3 78 87
------------------
0.166795827124 6.96577797589e-05 8.8724426687

12 4
12 4 78 86
------------------
0.150104321908 9.59707367519e-05 8.48686172357

12 5
12 5 78 85
------------------
0.134485842027 0.000120944578214 9.2710202492

12 6
12 6 78 84
------------------
0.117138599106 0.000120525640193 9.32138979524

12 7
12 7 78 83
------------------
0.0933532041729 0.000114654731596 9.50606982179

12 8
12 8 78 82
------------------
0.074694485842 9.60717726881e-05 8.20805821214

12 9
12 9 78 81
------------------
0.0628315946349 6.92404709076e-05 9.90934644791

12 10
12 10 78 80
------------------
0.0435171385991 0.000328851818066 9.04264814345

12 11
12 11 78 79
------------------
0.0202682563338 0.000191455529392 8.49866274621

12 12
12 13
12 14
12 15
12 16
12 17
12 18
12 19
12 20
12 21
12 22
12 23
12 24
12 25
12 26
12 27
12 28
12 29
12 30
12 31
12 32
12 33
12 34
12 35
12 36
12 37
12 38
12 39
12 40
12 41
12 42
12 43
12 44
12 45
12 46
12 47
12 48
12 49
12 50
12 51
12 52
12 53
12 54
12 55
12 56
12 57
12 58
12 59
12 60
12 61
12 62
12 63
12 64
12 65
12 66
12 67
12 68
12 69
12 70
12 71
12 72
12 73
12 74
12 75
12 76
12 77
12 78
12 79
12 80
12 81
12 82
12 83
12 84
12 85
12 86
12 87
12 88
12 89
12 90
13 0
13 0 77 90
------------------
0.226050670641 7.52314246733e-05 11.0916302064

13 1
13 1 77 89
------------------
0.208047690015 8.79975746754e-05 11.826068097

13 2
13 2 77 88
------------------
0.19654247392 7.03660319388e-05 10.6773878916

13 3
13 3 77 87
------------------
0.183606557377 6.82620384525e-05 10.9424292534

13 4
13 4 77 86
------------------
0.171326378539 5.42637448477e-05 11.6790324004

13 5
13 5 77 85
------------------
0.152965722802 0.000146291062459 11.0073265691

13 6
13 6 77 84
------------------
0.137108792846 0.000147724588282 10.8325023017

13 7
13 7 77 83
------------------
0.119523099851 0.000174848717757 11.0975259125

13 8
13 8 77 82
------------------
0.10348733234 0.000183197383629 10.6144863077

13 9
13 9 77 81
------------------
0.0822056631893 0.000417005001393 10.7234409734

13 10
13 10 77 80
------------------
0.0652757078987 0.000184512753084 12.3360528513

13 11
13 11 77 79
------------------
0.0413710879285 0.000671161186498 12.360579596

13 12
13 12 77 78
------------------
0.0232488822653 0.000339107319398 11.5321447474

13 13
13 14
13 15
13 16
13 17
13 18
13 19
13 20
13 21
13 22
13 23
13 24
13 25
13 26
13 27
13 28
13 29
13 30
13 31
13 32
13 33
13 34
13 35
13 36
13 37
13 38
13 39
13 40
13 41
13 42
13 43
13 44
13 45
13 46
13 47
13 48
13 49
13 50
13 51
13 52
13 53
13 54
13 55
13 56
13 57
13 58
13 59
13 60
13 61
13 62
13 63
13 64
13 65
13 66
13 67
13 68
13 69
13 70
13 71
13 72
13 73
13 74
13 75
13 76
13 77
13 78
13 79
13 80
13 81
13 82
13 83
13 84
13 85
13 86
13 87
13 88
13 89
13 90
14 0
14 0 76 90
------------------
0.242682563338 9.90846450631e-05 13.5185756129

14 1
14 1 76 89
------------------
0.228554396423 4.29923801373e-05 12.3820692282

14 2
14 2 76 88
------------------
0.221102831595 5.36777275175e-05 12.8511475873

14 3
14 3 76 87
------------------
0.202146050671 0.000195662091664 13.9089031662

14 4
14 4 76 86
------------------
0.184381520119 0.000175554699409 13.3790788121

14 5
14 5 76 85
------------------
0.166915052161 9.09293234927e-05 14.3716628931

14 6
14 6 76 84
------------------
0.152429210134 0.000516319074897 16.2584546562

14 7
14 7 76 83
------------------
0.131684053651 0.000255932533833 13.5073760416

14 8
14 8 76 82
------------------
0.1139195231 0.000136673594776 14.261290335

14 9
14 9 76 81
------------------
0.0988971684054 0.000181948298582 13.2886083986

14 10
14 10 76 80
------------------
0.0856631892697 0.000215469800331 13.7333833637

14 11
14 11 76 79
------------------
0.0623546944858 0.000366947698863 12.5639174368

14 12
14 12 76 78
------------------
0.0442324888227 0.000929581573771 13.2209548233

14 13
14 13 76 77
------------------
0.0209239940387 0.000381473159237 12.7536607141

14 14
14 15
14 16
14 17
14 18
14 19
14 20
14 21
14 22
14 23
14 24
14 25
14 26
14 27
14 28
14 29
14 30
14 31
14 32
14 33
14 34
14 35
14 36
14 37
14 38
14 39
14 40
14 41
14 42
14 43
14 44
14 45
14 46
14 47
14 48
14 49
14 50
14 51
14 52
14 53
14 54
14 55
14 56
14 57
14 58
14 59
14 60
14 61
14 62
14 63
14 64
14 65
14 66
14 67
14 68
14 69
14 70
14 71
14 72
14 73
14 74
14 75
14 76
14 77
14 78
14 79
14 80
14 81
14 82
14 83
14 84
14 85
14 86
14 87
14 88
14 89
14 90
15 0
15 0 75 90
------------------
0.261281669151 0.000169621310526 13.7570641045

15 1
15 1 75 89
------------------
0.247570789866 7.17429668939e-05 14.5314705161

15 2
15 2 75 88
------------------
0.22652757079 0.000182372055658 15.6422210504

15 3
15 3 75 87
------------------
0.21347242921 0.000104188525342 14.1307660119

15 4
15 4 75 86
------------------
0.200834575261 0.000348266380653 14.932756928

15 5
15 5 75 85
------------------
0.186646795827 0.000287672315057 15.5439344203

15 6
15 6 75 84
------------------
0.174903129657 0.000256084914497 15.6542263135

15 7
15 7 75 83
------------------
0.155469448584 0.000308372179322 13.9200513488

15 8
15 8 75 82
------------------
0.137645305514 0.000604324744684 13.6925708469

15 9
15 9 75 81
------------------
0.122742175857 0.000589115403934 14.0780823496

15 10
15 10 75 80
------------------
0.101639344262 0.00041540072015 13.0910497515

15 11
15 11 75 79
------------------
0.0829806259314 0.00110777083555 16.2144832399

15 12
15 12 75 78
------------------
0.066348733234 0.00113549453169 15.3570840273

15 13
15 13 75 77
------------------
0.0431594634873 0.00177789412827 19.6551897979

15 14
15 14 75 76
------------------
0.0234873323398 0.00309073495241 14.8924128602

15 15
15 16
15 17
15 18
15 19
15 20
15 21
15 22
15 23
15 24
15 25
15 26
15 27
15 28
15 29
15 30
15 31
15 32
15 33
15 34
15 35
15 36
15 37
15 38
15 39
15 40
15 41
15 42
15 43
15 44
15 45
15 46
15 47
15 48
15 49
15 50
15 51
15 52
15 53
15 54
15 55
15 56
15 57
15 58
15 59
15 60
15 61
15 62
15 63
15 64
15 65
15 66
15 67
15 68
15 69
15 70
15 71
15 72
15 73
15 74
15 75
15 76
15 77
15 78
15 79
15 80
15 81
15 82
15 83
15 84
15 85
15 86
15 87
15 88
15 89
15 90
16 0
16 0 74 90
------------------
0.27433681073 0.000170760538267 16.280212257

16 1
16 1 74 89
------------------
0.263368107303 0.000286739863304 17.2155732854

16 2
16 2 74 88
------------------
0.250611028316 0.000125017417695 16.3563969906

16 3
16 3 74 87
------------------
0.234754098361 0.000286396860852 16.5113981236

16 4
16 4 74 86
------------------
0.225394932936 0.000247021002729 16.735519244

16 5
16 5 74 85
------------------
0.208524590164 0.000436689942667 17.2826395469

16 6
16 6 74 84
------------------
0.195588673621 0.000376955992398 16.6963227266

16 7
16 7 74 83
------------------
0.176631892697 0.000529923063075 17.0796026354

16 8
16 8 74 82
------------------
0.158807749627 0.000318331872365 15.9907150313

16 9
16 9 74 81
------------------
0.13913561848 0.000138443668262 18.6393303306

16 10
16 10 74 80
------------------
0.126497764531 0.000920281192466 16.7226466293

16 11
16 11 74 79
------------------
0.107540983607 0.00178256396083 19.1489019359

16 12
16 12 74 78
------------------
0.0829210134128 0.00104907177742 16.2845084929

16 13
16 13 74 77
------------------
0.0658122205663 0.00110165450985 18.7836803792

16 14
16 14 74 76
------------------
0.043219076006 0.00158344514879 16.9337640903

16 15
16 15 74 75
------------------
0.0242026825633 0.00146751741571 16.1690930672

16 16
16 17
16 18
16 19
16 20
16 21
16 22
16 23
16 24
16 25
16 26
16 27
16 28
16 29
16 30
16 31
16 32
16 33
16 34
16 35
16 36
16 37
16 38
16 39
16 40
16 41
16 42
16 43
16 44
16 45
16 46
16 47
16 48
16 49
16 50
16 51
16 52
16 53
16 54
16 55
16 56
16 57
16 58
16 59
16 60
16 61
16 62
16 63
16 64
16 65
16 66
16 67
16 68
16 69
16 70
16 71
16 72
16 73
16 74
16 75
16 76
16 77
16 78
16 79
16 80
16 81
16 82
16 83
16 84
16 85
16 86
16 87
16 88
16 89
16 90
17 0
17 0 73 90
------------------
0.292995529061 0.000208020632904 19.8166706027

17 1
17 1 73 89
------------------
0.279701937407 0.000532414992584 19.7693634827

17 2
17 2 73 88
------------------
0.267600596125 8.74364442667e-05 19.7235513852

17 3
17 3 73 87
------------------
0.253770491803 0.000128853136921 19.4134160316

17 4
17 4 73 86
------------------
0.232488822653 0.000323023764612 19.0334349378

17 5
17 5 73 85
------------------
0.228017883756 0.000293175002308 20.0231073112

17 6
17 6 73 84
------------------
0.204232488823 0.0007000759477 17.8248969456

17 7
17 7 73 83
------------------
0.195290611028 0.000680543676791 17.7410733342

17 8
17 8 73 82
------------------
0.178479880775 0.000188093777685 20.6935970129

17 9
17 9 73 81
------------------
0.161073025335 0.00121363369499 19.0649562998

17 10
17 10 73 80
------------------
0.143785394933 0.00113070401364 20.1493887811

17 11
17 11 73 79
------------------
0.124172876304 0.00116027464691 19.020786562

17 12
17 12 73 78
------------------
0.105931445604 0.0019175656882 18.1359781969

17 13
17 13 73 77
------------------
0.0846497764531 0.00116818576941 20.1394253398

17 14
17 14 73 76
------------------
0.0684947839046 0.00416765795516 21.6729389733

17 15
17 15 73 75
------------------
0.045782414307 0.00184895647532 19.4861840277

17 16
17 16 73 74
------------------
0.0208643815201 0.00100180028364 19.2925411058

17 17
17 18
17 19
17 20
17 21
17 22
17 23
17 24
17 25
17 26
17 27
17 28
17 29
17 30
17 31
17 32
17 33
17 34
17 35
17 36
17 37
17 38
17 39
17 40
17 41
17 42
17 43
17 44
17 45
17 46
17 47
17 48
17 49
17 50
17 51
17 52
17 53
17 54
17 55
17 56
17 57
17 58
17 59
17 60
17 61
17 62
17 63
17 64
17 65
17 66
17 67
17 68
17 69
17 70
17 71
17 72
17 73
17 74
17 75
17 76
17 77
17 78
17 79
17 80
17 81
17 82
17 83
17 84
17 85
17 86
17 87
17 88
17 89
17 90
18 0
18 0 72 90
------------------
0.302950819672 0.000134895231819 22.0295147946

18 1
18 1 72 89
------------------
0.295678092399 0.000202330542908 20.9859536959

18 2
18 2 72 88
------------------
0.281967213115 0.000503324964231 23.4974804585

18 3
18 3 72 87
------------------
0.27219076006 0.000738668942177 22.5749221408

18 4
18 4 72 86
------------------
0.259016393443 0.000219144615046 21.8400283559

18 5
18 5 72 85
------------------
0.245305514158 0.000435563580787 20.3879470867

18 6
18 6 72 84
------------------
0.230700447094 0.000466966729573 19.9416848292

18 7
18 7 72 83
------------------
0.211087928465 0.00107419267674 21.7296826463

18 8
18 8 72 82
------------------
0.201371087928 0.00163532113299 20.2272362064

18 9
18 9 72 81
------------------
0.182414307004 0.000909561127112 21.1622446679

18 10
18 10 72 80
------------------
0.164292101341 0.0012202907475 19.4324791042

18 11
18 11 72 79
------------------
0.14217585693 0.00212307205646 18.8219055026

18 12
18 12 72 78
------------------
0.127332339791 0.000808122913434 22.733795824

18 13
18 13 72 77
------------------
0.108017883756 0.00289568047439 20.9151167495

18 14
18 14 72 76
------------------
0.0872727272727 0.00188782746745 20.7269719424

18 15
18 15 72 75
------------------
0.068912071535 0.00107362915029 21.510139356

18 16
18 16 72 74
------------------
0.044172876304 0.00284777532752 21.2190538875

18 17
18 17 72 73
------------------
0.0243815201192 0.00155330797908 20.2456835885

18 18
18 19
18 20
18 21
18 22
18 23
18 24
18 25
18 26
18 27
18 28
18 29
18 30
18 31
18 32
18 33
18 34
18 35
18 36
18 37
18 38
18 39
18 40
18 41
18 42
18 43
18 44
18 45
18 46
18 47
18 48
18 49
18 50
18 51
18 52
18 53
18 54
18 55
18 56
18 57
18 58
18 59
18 60
18 61
18 62
18 63
18 64
18 65
18 66
18 67
18 68
18 69
18 70
18 71
18 72
18 73
18 74
18 75
18 76
18 77
18 78
18 79
18 80
18 81
18 82
18 83
18 84
18 85
18 86
18 87
18 88
18 89
18 90
19 0
19 0 71 90
------------------
0.325365126677 0.00119023422084 26.3842282107

19 1
19 1 71 89
------------------
0.30915052161 0.00127381762194 29.902777746

19 2
19 2 71 88
------------------
0.301341281669 0.000253243643021 23.8214526995

19 3
19 3 71 87
------------------
0.289180327869 0.000431800271528 21.259532937

19 4
19 4 71 86
------------------
0.271117734724 0.00131889300004 22.2363470294

19 5
19 5 71 85
------------------
0.26479880775 0.000316971988342 24.2024360147

19 6
19 6 71 84
------------------
0.246140089419 0.000549416782379 21.6941652388

19 7
19 7 71 83
------------------
0.227421758569 0.00140776972768 22.283216948

19 8
19 8 71 82
------------------
0.221460506706 0.000916862920546 21.7349564643

19 9
19 9 71 81
------------------
0.200655737705 0.0011763146785 22.0196117575

19 10
19 10 71 80
------------------
0.186050670641 0.000769989661838 20.3691564384

19 11
19 11 71 79
------------------
0.167570789866 0.00173078713907 22.6804337253

19 12
19 12 71 78
------------------
0.147183308495 0.00636887770839 27.8124582017

19 13
19 13 71 77
------------------
0.132876304024 0.00137398579671 23.9507072734

19 14
19 14 71 76
------------------
0.112309985097 0.00306832529015 26.1214731699

19 15
19 15 71 75
------------------
0.0929359165425 0.00304043403421 22.8384326361

19 16
19 16 71 74
------------------
0.0699850968703 0.00951939182355 24.3304805952

19 17
19 17 71 73
------------------
0.0453651266766 0.0051965890383 23.825678938

19 18
19 18 71 72
------------------
0.0224739195231 0.00363626261124 23.0555550712

19 19
19 20
19 21
19 22
19 23
19 24
19 25
19 26
19 27
19 28
19 29
19 30
19 31
19 32
19 33
19 34
19 35
19 36
19 37
19 38
19 39
19 40
19 41
19 42
19 43
19 44
19 45
19 46
19 47
19 48
19 49
19 50
19 51
19 52
19 53
19 54
19 55
19 56
19 57
19 58
19 59
19 60
19 61
19 62
19 63
19 64
19 65
19 66
19 67
19 68
19 69
19 70
19 71
19 72
19 73
19 74
19 75
19 76
19 77
19 78
19 79
19 80
19 81
19 82
19 83
19 84
19 85
19 86
19 87
19 88
19 89
19 90
20 0
20 0 70 90
------------------
0.34348733234 0.000451267597093 25.7081733999

20 1
20 1 70 89
------------------
0.322921013413 0.00114579713774 25.8117274308

20 2
20 2 70 88
------------------
0.317019374069 0.000489071945014 24.9131463667

20 3
20 3 70 87
------------------
0.303129657228 0.000646816951717 24.9149489236

20 4
20 4 70 86
------------------
0.296035767511 0.00261348469466 29.6795896455

20 5
20 5 70 85
------------------
0.279880774963 0.00133925879711 24.4795611795

20 6
20 6 70 84
------------------
0.270998509687 0.00113749568843 24.4008193591

20 7
20 7 70 83
------------------
0.245245901639 0.000793882171027 23.3671892877

20 8
20 8 70 82
------------------
0.234456035768 0.00113047688522 24.7675293444

20 9
20 9 70 81
------------------
0.224500745156 0.00199018311296 26.8520194023

20 10
20 10 70 80
------------------
0.203099850969 0.0269383972094 44.5894998538

20 11
20 11 70 79
------------------
0.188733233979 0.00413064558416 26.3119417111

20 12
20 12 70 78
------------------
0.169716840537 0.00102149980712 24.2706771186

20 13
20 13 70 77
------------------
0.153204172876 0.00261533591783 23.5122293521

20 14
20 14 70 76
------------------
0.131564828614 0.00337943956709 24.6694450629

20 15
20 15 70 75
------------------
0.110402384501 0.00534782853266 25.857198124

20 16
20 16 70 74
------------------
0.0891803278689 0.00181166804328 24.3394781658

20 17
20 17 70 73
------------------
0.0665871833085 0.00471018333679 22.9590778845

20 18
20 18 70 72
------------------
0.0486438152012 0.0039147093712 25.1207863038

20 19
20 19 70 71
------------------
0.0261698956781 0.00761442553609 25.0139029929

20 20
20 21
20 22
20 23
20 24
20 25
20 26
20 27
20 28
20 29
20 30
20 31
20 32
20 33
20 34
20 35
20 36
20 37
20 38
20 39
20 40
20 41
20 42
20 43
20 44
20 45
20 46
20 47
20 48
20 49
20 50
20 51
20 52
20 53
20 54
20 55
20 56
20 57
20 58
20 59
20 60
20 61
20 62
20 63
20 64
20 65
20 66
20 67
20 68
20 69
20 70
20 71
20 72
20 73
20 74
20 75
20 76
20 77
20 78
20 79
20 80
20 81
20 82
20 83
20 84
20 85
20 86
20 87
20 88
20 89
20 90
21 0
21 0 69 90
------------------
0.362324888227 0.00058789433194 26.5638688619

21 1
21 1 69 89
------------------
0.346467958271 0.000318238087882 26.9641326903

21 2
21 2 69 88
------------------
0.331684053651 0.000306730411182 26.3409559589

21 3
21 3 69 87
------------------
0.326438152012 0.000827224847175 29.7100351696

21 4
21 4 69 86
------------------
0.309388971684 0.000526860885307 26.6000239038

21 5
21 5 69 85
------------------
0.295797317437 0.00131907359744 26.8531642338

21 6
21 6 69 84
------------------
0.280774962742 0.00142083906306 27.8439790086

21 7
21 7 69 83
------------------
0.271713859911 0.00241999244912 27.3890652389

21 8
21 8 69 82
------------------
0.259850968703 0.00153091595217 29.3478451896

21 9
21 9 69 81
------------------
0.237913561848 0.00235739751618 27.9091338354

21 10
21 10 69 80
------------------
0.222891207154 0.00479054035114 27.7107183854

21 11
21 11 69 79
------------------
0.205484351714 0.00213094315767 26.60638707

21 12
21 12 69 78
------------------
0.187242921013 0.00300327255376 24.4685009626

21 13
21 13 69 77
------------------
0.169955290611 0.00142291073456 26.6189691084

21 14
21 14 69 76
------------------
0.1539195231 0.00579471500346 28.0577993291

21 15
21 15 69 75
------------------
0.138002980626 0.00257872038136 28.4441357247

21 16
21 16 69 74
------------------
0.112429210134 0.00447252271562 25.0005773417

21 17
21 17 69 73
------------------
0.0954396423249 0.00922591037528 26.5376864803

21 18
21 18 69 72
------------------
0.0690909090909 0.0119501767492 29.9354844474

21 19
21 19 69 71
------------------
0.0475111773472 0.00276640266457 26.5792186491

21 20
21 20 69 70
------------------
0.0259314456036 0.00660258355337 26.4860690339

21 21
21 22
21 23
21 24
21 25
21 26
21 27
21 28
21 29
21 30
21 31
21 32
21 33
21 34
21 35
21 36
21 37
21 38
21 39
21 40
21 41
21 42
21 43
21 44
21 45
21 46
21 47
21 48
21 49
21 50
21 51
21 52
21 53
21 54
21 55
21 56
21 57
21 58
21 59
21 60
21 61
21 62
21 63
21 64
21 65
21 66
21 67
21 68
21 69
21 70
21 71
21 72
21 73
21 74
21 75
21 76
21 77
21 78
21 79
21 80
21 81
21 82
21 83
21 84
21 85
21 86
21 87
21 88
21 89
21 90
22 0
22 0 68 90
------------------
0.376333830104 0.000437437670224 26.9414917869

22 1
22 1 68 89
------------------
0.362265275708 0.000621874212805 27.222072922

22 2
22 2 68 88
------------------
0.350402384501 0.000849198727448 29.3427731499

22 3
22 3 68 87
------------------
0.345156482861 0.00180063613713 30.0623350017

22 4
22 4 68 86
------------------
0.326736214605 0.000960121435588 27.1395326318

22 5
22 5 68 85
------------------
0.318092399404 0.000812358261018 30.4870908971

22 6
22 6 68 84
------------------
0.295678092399 0.0016670747598 26.1102711299

22 7
22 7 68 83
------------------
0.29001490313 0.00171895277341 28.8172163105

22 8
22 8 68 82
------------------
0.269925484352 0.000674048289168 31.2265617995

22 9
22 9 68 81
------------------
0.25913561848 0.000837887156589 29.8615093197

22 10
22 10 68 80
------------------
0.243695976155 0.00416883469192 28.3907106964

22 11
22 11 68 79
------------------
0.228494783905 0.00396660448199 28.5646836749

22 12
22 12 68 78
------------------
0.212876304024 0.00409601133224 32.0891195263

22 13
22 13 68 77
------------------
0.19219076006 0.00598238255003 27.6062906322

22 14
22 14 68 76
------------------
0.175618479881 0.00200189144293 29.0122988909

22 15
22 15 68 75
------------------
0.157317436662 0.00226368492201 28.7379357571

22 16
22 16 68 74
------------------
0.135976154993 0.0132026777393 30.0457194054

22 17
22 17 68 73
------------------
0.117317436662 0.00741967623656 29.368664905

22 18
22 18 68 72
------------------
0.0950223546945 0.00441634237073 26.7398126997

22 19
22 19 68 71
------------------
0.0725484351714 0.0107757255726 29.1486431156

22 20
22 20 68 70
------------------
0.0476304023845 0.028551297389 29.8162319224

22 21
22 21 68 69
------------------
0.0252757078987 0.0151784238854 26.8496895167

22 22
22 23
22 24
22 25
22 26
22 27
22 28
22 29
22 30
22 31
22 32
22 33
22 34
22 35
22 36
22 37
22 38
22 39
22 40
22 41
22 42
22 43
22 44
22 45
22 46
22 47
22 48
22 49
22 50
22 51
22 52
22 53
22 54
22 55
22 56
22 57
22 58
22 59
22 60
22 61
22 62
22 63
22 64
22 65
22 66
22 67
22 68
22 69
22 70
22 71
22 72
22 73
22 74
22 75
22 76
22 77
22 78
22 79
22 80
22 81
22 82
22 83
22 84
22 85
22 86
22 87
22 88
22 89
22 90
23 0
23 0 67 90
------------------
0.389090909091 0.0016645491389 31.1008164411

23 1
23 1 67 89
------------------
0.382652757079 0.00144999204674 31.6559831658

23 2
23 2 67 88
------------------
0.370074515648 0.00186051719067 29.6214131015

23 3
23 3 67 87
------------------
0.354456035768 0.00232779275766 31.4135314004

23 4
23 4 67 86
------------------
0.347004470939 0.000898698978673 28.314637794

23 5
23 5 67 85
------------------
0.326915052161 0.00479636582982 34.0012799433

23 6
23 6 67 84
------------------
0.313621460507 0.00242695363131 32.6667233596

23 7
23 7 67 83
------------------
0.311475409836 0.00434911827445 32.0853780977

23 8
23 8 67 82
------------------
0.297347242921 0.00522292196812 31.1052955471

23 9
23 9 67 81
------------------
0.278628912072 0.00783075195593 37.9615295943

23 10
23 10 67 80
------------------
0.265335320417 0.0017766834488 31.0675216032

23 11
23 11 67 79
------------------
0.249180327869 0.00584009368626 31.4326988943

23 12
23 12 67 78
------------------
0.231892697466 0.00230063001852 31.7716231801

23 13
23 13 67 77
------------------
0.213770491803 0.00245442925202 31.8745745189

23 14
23 14 67 76
------------------
0.19737704918 0.00416545661544 29.941815656

23 15
23 15 67 75
------------------
0.17609538003 0.0141061297233 33.6282348913

23 16
23 16 67 74
------------------
0.164411326379 0.00968054394516 28.7468911825

23 17
23 17 67 73
------------------
0.144321907601 0.00419326828216 31.3750976878

23 18
23 18 67 72
------------------
0.114575260805 0.0117400343105 30.7671755846

23 19
23 19 67 71
------------------
0.0956780923994 0.0133848484583 29.5916358048

23 20
23 20 67 70
------------------
0.074217585693 0.00638721254177 29.0790613323

23 21
23 21 67 69
------------------
0.0538301043219 0.0635111878505 34.4191082842

23 22
23 22 67 68
------------------
0.02521609538 0.0127032925404 30.1585761006

23 23
23 24
23 25
23 26
23 27
23 28
23 29
23 30
23 31
23 32
23 33
23 34
23 35
23 36
23 37
23 38
23 39
23 40
23 41
23 42
23 43
23 44
23 45
23 46
23 47
23 48
23 49
23 50
23 51
23 52
23 53
23 54
23 55
23 56
23 57
23 58
23 59
23 60
23 61
23 62
23 63
23 64
23 65
23 66
23 67
23 68
23 69
23 70
23 71
23 72
23 73
23 74
23 75
23 76
23 77
23 78
23 79
23 80
23 81
23 82
23 83
23 84
23 85
23 86
23 87
23 88
23 89
23 90
24 0
24 0 66 90
------------------
0.409180327869 0.0011844162025 30.8457381955

24 1
24 1 66 89
------------------
0.397019374069 0.000612339049836 30.6476283485

24 2
24 2 66 88
------------------
0.384619970194 0.000353262831525 33.7254762935

24 3
24 3 66 87
------------------
0.374485842027 0.0017639018529 31.5577430101

24 4
24 4 66 86
------------------
0.363815201192 0.00141821371051 30.2711487166

24 5
24 5 66 85
------------------
0.347719821162 0.000927612511949 31.2381944688

24 6
24 6 66 84
------------------
0.342235469449 0.00107696795935 32.9528810086

24 7
24 7 66 83
------------------
0.327570789866 0.00514511043584 31.9833890856

24 8
24 8 66 82
------------------
0.312071535022 0.00290810808446 33.2490524707

24 9
24 9 66 81
------------------
0.298897168405 0.00194791545863 32.9531334502

24 10
24 10 66 80
------------------
0.28345752608 0.00674743030441 36.0897434321

24 11
24 11 66 79
------------------
0.268077496274 0.00236129552387 29.7697206871

24 12
24 12 66 78
------------------
0.254187779434 0.00574027342942 31.758527019

24 13
24 13 66 77
------------------
0.22956780924 0.00460018375204 29.8057415739

24 14
24 14 66 76
------------------
0.21347242921 0.00546212032578 29.2346116212

24 15
24 15 66 75
------------------
0.203219076006 0.00578622893507 29.5629317902

24 16
24 16 66 74
------------------
0.181937406855 0.00431674393182 33.9331142191

24 17
24 17 66 73
------------------
0.162742175857 0.0136994030708 34.7502402383

24 18
24 18 66 72
------------------
0.140923994039 0.00900200348644 30.0723776653

24 19
24 19 66 71
------------------
0.116244411326 0.0171735299317 31.502039819

24 20
24 20 66 70
------------------
0.0971684053651 0.0265647916229 33.8887483955

24 21
24 21 66 69
------------------
0.0749925484352 0.0187184213526 31.507799572

24 22
24 22 66 68
------------------
0.0519821162444 0.0137417939895 31.8748142259

24 23
24 23 66 67
------------------
0.0262295081967 0.0360201181125 32.7669145541

24 24
24 25
24 26
24 27
24 28
24 29
24 30
24 31
24 32
24 33
24 34
24 35
24 36
24 37
24 38
24 39
24 40
24 41
24 42
24 43
24 44
24 45
24 46
24 47
24 48
24 49
24 50
24 51
24 52
24 53
24 54
24 55
24 56
24 57
24 58
24 59
24 60
24 61
24 62
24 63
24 64
24 65
24 66
24 67
24 68
24 69
24 70
24 71
24 72
24 73
24 74
24 75
24 76
24 77
24 78
24 79
24 80
24 81
24 82
24 83
24 84
24 85
24 86
24 87
24 88
24 89
24 90
25 0
25 0 65 90
------------------
0.422473919523 0.00129110623553 34.602614393

25 1
25 1 65 89
------------------
0.414187779434 0.00237594441568 33.532737261

25 2
25 2 65 88
------------------
0.397436661699 0.00277092147099 33.6062436285

25 3
25 3 65 87
------------------
0.386348733234 0.00245589248092 33.4124057108

25 4
25 4 65 86
------------------
0.373949329359 0.00270967271354 33.2662134446

25 5
25 5 65 85
------------------
0.367093889717 0.00317865564461 33.9650337332

25 6
25 6 65 84
------------------
0.360655737705 0.00417477784661 31.526498089

25 7
25 7 65 83
------------------
0.341043219076 0.00124961688303 34.9366772316

25 8
25 8 65 82
------------------
0.32739195231 0.00890673184388 38.1834933177

25 9
25 9 65 81
------------------
0.316423248882 0.00275138113473 33.7957228846

25 10
25 10 65 80
------------------
0.309210134128 0.00331114629209 32.2879382088

25 11
25 11 65 79
------------------
0.281788375559 0.0067457358101 31.5511141629

25 12
25 12 65 78
------------------
0.272250372578 0.00614063712865 32.4384422143

25 13
25 13 65 77
------------------
0.253412816692 0.00560872784731 33.0211887808

25 14
25 14 65 76
------------------
0.237078986587 0.0134135249096 34.3837104044

25 15
25 15 65 75
------------------
0.222652757079 0.0106073988174 32.9888920566

25 16
25 16 65 74
------------------
0.199701937407 0.0154330021207 34.147629669

25 17
25 17 65 73
------------------
0.189269746647 0.0151664445648 31.946584969

25 18
25 18 65 72
------------------
0.162921013413 0.0093468534156 32.0352824308

25 19
25 19 65 71
------------------
0.146050670641 0.0104960712937 34.1659913303

25 20
25 20 65 70
------------------
0.122742175857 0.00872406782485 34.2354644669

25 21
25 21 65 69
------------------
0.102116244411 0.0106287313468 32.5143649116

25 22
25 22 65 68
------------------
0.074694485842 0.0256160337341 33.16260646

25 23
25 23 65 67
------------------
0.0497764530551 0.0141996793695 32.4233657981

25 24
25 24 65 66
------------------
0.0242026825633 0.0600355120731 35.8217361144

25 25
25 26
25 27
25 28
25 29
25 30
25 31
25 32
25 33
25 34
25 35
25 36
25 37
25 38
25 39
25 40
25 41
25 42
25 43
25 44
25 45
25 46
25 47
25 48
25 49
25 50
25 51
25 52
25 53
25 54
25 55
25 56
25 57
25 58
25 59
25 60
25 61
25 62
25 63
25 64
25 65
25 66
25 67
25 68
25 69
25 70
25 71
25 72
25 73
25 74
25 75
25 76
25 77
25 78
25 79
25 80
25 81
25 82
25 83
25 84
25 85
25 86
25 87
25 88
25 89
25 90
26 0
26 0 64 90
------------------
0.442205663189 0.00238154689658 36.9694953537

26 1
26 1 64 89
------------------
0.42694485842 0.0015297041711 34.4371187426

26 2
26 2 64 88
------------------
0.420685543964 0.00209264242995 33.1663939488

26 3
26 3 64 87
------------------
0.406140089419 0.00400561366466 36.9397962632

26 4
26 4 64 86
------------------
0.397555886736 0.00151079467764 35.5351199433

26 5
26 5 64 85
------------------
0.382712369598 0.00424229004065 33.5367022468

26 6
26 6 64 84
------------------
0.369299552906 0.00287874259308 33.7070360014

26 7
26 7 64 83
------------------
0.362742175857 0.0016680707498 33.8611138815

26 8
26 8 64 82
------------------
0.346050670641 0.00512498823697 33.9039603842

26 9
26 9 64 81
------------------
0.332339791356 0.00573783296493 30.7034234071

26 10
26 10 64 80
------------------
0.319284649776 0.0135541661081 39.8773642107

26 11
26 11 64 79
------------------
0.3078390462 0.00490566073196 32.8193581313

26 12
26 12 64 78
------------------
0.28345752608 0.0356886007626 43.2688364725

26 13
26 13 64 77
------------------
0.274277198212 0.0107695790203 33.9239887701

26 14
26 14 64 76
------------------
0.250074515648 0.00568787236958 33.9214502243

26 15
26 15 64 75
------------------
0.246318926975 0.0053001140367 34.2293706892

26 16
26 16 64 74
------------------
0.224262295082 0.00985601276616 32.9222302167

26 17
26 17 64 73
------------------
0.203159463487 0.0136574880082 33.5660998845

26 18
26 18 64 72
------------------
0.186646795827 0.00839064875519 34.1577116149

26 19
26 19 64 71
------------------
0.167988077496 0.0130816131072 35.4839093782

26 20
26 20 64 70
------------------
0.146885245902 0.0162133336771 32.9301123131

26 21
26 21 64 69
------------------
0.127213114754 0.0167312513265 33.7903899309

26 22
26 22 64 68
------------------
0.101877794337 0.0135069648856 35.8466271929

26 23
26 23 64 67
------------------
0.0778539493294 0.0174036792165 34.1038115538

26 24
26 24 64 66
------------------
0.0529955290611 0.059670060147 39.3316803294

26 25
26 25 64 65
------------------
0.0265871833085 0.0147132041946 33.9646316701

26 26
26 27
26 28
26 29
26 30
26 31
26 32
26 33
26 34
26 35
26 36
26 37
26 38
26 39
26 40
26 41
26 42
26 43
26 44
26 45
26 46
26 47
26 48
26 49
26 50
26 51
26 52
26 53
26 54
26 55
26 56
26 57
26 58
26 59
26 60
26 61
26 62
26 63
26 64
26 65
26 66
26 67
26 68
26 69
26 70
26 71
26 72
26 73
26 74
26 75
26 76
26 77
26 78
26 79
26 80
26 81
26 82
26 83
26 84
26 85
26 86
26 87
26 88
26 89
26 90
27 0
27 0 63 90
------------------
0.447749627422 0.00208010365059 33.8554233078

27 1
27 1 63 89
------------------
0.441669150522 0.000699808847126 35.7804269831

27 2
27 2 63 88
------------------
0.43606557377 0.0023860034485 36.2251868781

27 3
27 3 63 87
------------------
0.424500745156 0.00192479098479 35.6685214736

27 4
27 4 63 86
------------------
0.412101341282 0.0051520955402 35.7160830765

27 5
27 5 63 85
------------------
0.400536512668 0.0040567423259 34.9610480287

27 6
27 6 63 84
------------------
0.390163934426 0.00499772452238 35.415928929

27 7
27 7 63 83
------------------
0.378718330849 0.0042796626916 34.5418815682

27 8
27 8 63 82
------------------
0.361192250373 0.00203908204967 36.2688752784

27 9
27 9 63 81
------------------
0.351177347243 0.00658795652895 39.0081362199

27 10
27 10 63 80
------------------
0.338360655738 0.00371015286084 36.9144284066

27 11
27 11 63 79
------------------
0.32172876304 0.00556016413966 34.4254401613

27 12
27 12 63 78
------------------
0.313621460507 0.00249858977726 35.2332305885

27 13
27 13 63 77
------------------
0.291147540984 0.00536734426809 34.5546560281

27 14
27 14 63 76
------------------
0.274515648286 0.0181142915627 37.1074200544

27 15
27 15 63 75
------------------
0.255916542474 0.0154636258774 37.5014603147

27 16
27 16 63 74
------------------
0.2460804769 0.0179868668784 33.5533280496

27 17
27 17 63 73
------------------
0.230223546945 0.0265562880276 36.4628651033

27 18
27 18 63 72
------------------
0.207272727273 0.0118716655026 41.8852027951

27 19
27 19 63 71
------------------
0.184619970194 0.0124140078425 37.3691292692

27 20
27 20 63 70
------------------
0.173532041729 0.0336126616332 35.0871284697

27 21
27 21 63 69
------------------
0.147779433681 0.0179797390957 35.6348588406

27 22
27 22 63 68
------------------
0.128941877794 0.0163791491601 34.1548656501

27 23
27 23 63 67
------------------
0.101877794337 0.0144483249922 35.287259785

27 24
27 24 63 66
------------------
0.0776751117735 0.0434928402195 36.6714943985

27 25
27 25 63 65
------------------
0.055737704918 0.0334446820445 36.2858627667

27 26
27 26 63 64
------------------
0.0284947839046 0.0314143570782 37.8489721806

27 27
27 28
27 29
27 30
27 31
27 32
27 33
27 34
27 35
27 36
27 37
27 38
27 39
27 40
27 41
27 42
27 43
27 44
27 45
27 46
27 47
27 48
27 49
27 50
27 51
27 52
27 53
27 54
27 55
27 56
27 57
27 58
27 59
27 60
27 61
27 62
27 63
27 64
27 65
27 66
27 67
27 68
27 69
27 70
27 71
27 72
27 73
27 74
27 75
27 76
27 77
27 78
27 79
27 80
27 81
27 82
27 83
27 84
27 85
27 86
27 87
27 88
27 89
27 90
28 0
28 0 62 90
------------------
0.473740685544 0.00155562326068 35.1265897796

28 1
28 1 62 89
------------------
0.461937406855 0.00512903440326 38.4630125377

28 2
28 2 62 88
------------------
0.451207153502 0.00609815804948 36.8579962953

28 3
28 3 62 87
------------------
0.43695976155 0.00566055039745 42.4380275112

28 4
28 4 62 86
------------------
0.431117734724 0.000979721301945 37.1376916183

28 5
28 5 62 85
------------------
0.42348733234 0.00554659246982 35.3391401461

28 6
28 6 62 84
------------------
0.409955290611 0.0034833592623 36.6661464103

28 7
28 7 62 83
------------------
0.396125186289 0.00445774528568 34.8654424488

28 8
28 8 62 82
------------------
0.382354694486 0.00510118975388 38.7290929291

28 9
28 9 62 81
------------------
0.372995529061 0.00889291570729 42.5454755308

28 10
28 10 62 80
------------------
0.352011922504 0.00400375055927 37.4730649673

28 11
28 11 62 79
------------------
0.344560357675 0.00783695873615 37.3307511371

28 12
28 12 62 78
------------------
0.32172876304 0.00746949856252 37.0491628855

28 13
28 13 62 77
------------------
0.319284649776 0.00513121116723 36.9598557299

28 14
28 14 62 76
------------------
0.29913561848 0.0198806872965 36.4224609417

28 15
28 15 62 75
------------------
0.282265275708 0.0132105807765 36.9873302345

28 16
28 16 62 74
------------------
0.26217585693 0.0171837486867 42.4254052902

28 17
28 17 62 73
------------------
0.24912071535 0.00670001894372 37.2130793761

28 18
28 18 62 72
------------------
0.231833084948 0.0102592725144 36.83965416

28 19
28 19 62 71
------------------
0.209538002981 0.0228499439633 38.0271682016

28 20
28 20 62 70
------------------
0.195469448584 0.017775664909 36.7183372425

28 21
28 21 62 69
------------------
0.173174366617 0.0601965798321 43.9825179903

28 22
28 22 62 68
------------------
0.149806259314 0.015504106881 37.2392655576

28 23
28 23 62 67
------------------
0.128166915052 0.0277966588332 39.7236000503

28 24
28 24 62 66
------------------
0.109687034277 0.0281730300626 36.2450561307

28 25
28 25 62 65
------------------
0.0788077496274 0.0368787472412 38.6032011652

28 26
28 26 62 64
------------------
0.0557973174367 0.0348262745068 36.8448525

28 27
28 27 62 63
------------------
0.0266467958271 0.0596007354122 38.2920292649

28 28
28 29
28 30
28 31
28 32
28 33
28 34
28 35
28 36
28 37
28 38
28 39
28 40
28 41
28 42
28 43
28 44
28 45
28 46
28 47
28 48
28 49
28 50
28 51
28 52
28 53
28 54
28 55
28 56
28 57
28 58
28 59
28 60
28 61
28 62
28 63
28 64
28 65
28 66
28 67
28 68
28 69
28 70
28 71
28 72
28 73
28 74
28 75
28 76
28 77
28 78
28 79
28 80
28 81
28 82
28 83
28 84
28 85
28 86
28 87
28 88
28 89
28 90
29 0
29 0 61 90
------------------
0.484411326379 0.00356779704039 39.8336065183

29 1
29 1 61 89
------------------
0.478330849478 0.00378532946425 37.2304299714

29 2
29 2 61 88
------------------
0.465931445604 0.00343489541047 38.6275962685

29 3
29 3 61 87
------------------
0.457645305514 0.00210473159089 40.0312057815

29 4
29 4 61 86
------------------
0.448345752608 0.00731886647071 41.3518435362

29 5
29 5 61 85
------------------
0.437853949329 0.00217724274169 37.0141562176

29 6
29 6 61 84
------------------
0.426646795827 0.0025381922709 37.7906601926

29 7
29 7 61 83
------------------
0.406915052161 0.00507830812246 39.5042318411

29 8
29 8 61 82
------------------
0.392965722802 0.00798334954976 38.1843114307

29 9
29 9 61 81
------------------
0.389210134128 0.0154850939986 44.8212792389

29 10
29 10 61 80
------------------
0.371684053651 0.0074252035938 38.7079336557

29 11
29 11 61 79
------------------
0.35654247392 0.0222854880074 44.0726679148

29 12
29 12 61 78
------------------
0.343248882265 0.0134758813652 40.5505224638

29 13
29 13 61 77
------------------
0.336393442623 0.0138940435988 39.5559226326

29 14
29 14 61 76
------------------
0.318748137109 0.0102105340679 37.6670431729

29 15
29 15 61 75
------------------
0.304679582712 0.016315132106 38.2794847986

29 16
29 16 61 74
------------------
0.294426229508 0.0202100147882 40.8624656919

29 17
29 17 61 73
------------------
0.276244411326 0.0152138514141 38.2802153292

29 18
29 18 61 72
------------------
0.255499254844 0.0119848133292 37.5609968586

29 19
29 19 61 71
------------------
0.237615499255 0.011131484191 38.1986719646

29 20
29 20 61 70
------------------
0.221043219076 0.0178654788217 39.4228442902

29 21
29 21 61 69
------------------
0.2 0.0232237100238 37.0868306281

29 22
29 22 61 68
------------------
0.178599105812 0.0217032923494 49.0653246349

29 23
29 23 61 67
------------------
0.153859910581 0.0329540268117 38.874801102

29 24
29 24 61 66
------------------
0.136691505216 0.0413225398442 44.2598566748

29 25
29 25 61 65
------------------
0.107302533532 0.0305636463912 37.8069187873

29 26
29 26 61 64
------------------
0.0836363636364 0.0412698283147 37.1013926523

29 27
29 27 61 63
------------------
0.0566915052161 0.0293573422749 36.1474866357

29 28
29 28 61 62
------------------
0.0298658718331 0.0394012962521 37.7126854485

29 29
29 30
29 31
29 32
29 33
29 34
29 35
29 36
29 37
29 38
29 39
29 40
29 41
29 42
29 43
29 44
29 45
29 46
29 47
29 48
29 49
29 50
29 51
29 52
29 53
29 54
29 55
29 56
29 57
29 58
29 59
29 60
29 61
29 62
29 63
29 64
29 65
29 66
29 67
29 68
29 69
29 70
29 71
29 72
29 73
29 74
29 75
29 76
29 77
29 78
29 79
29 80
29 81
29 82
29 83
29 84
29 85
29 86
29 87
29 88
29 89
29 90
30 0
30 0 60 90
------------------
0.499612518629 0.00719668796283 39.6969776051

30 1
30 1 60 89
------------------
0.493949329359 0.00303829080333 38.0327625225

30 2
30 2 60 88
------------------
0.47868852459 0.0054937021077 40.0684241595

30 3
30 3 60 87
------------------
0.46956780924 0.00322647916188 36.8880744443

30 4
30 4 60 86
------------------
0.46825633383 0.00413420974881 36.7066733018

30 5
30 5 60 85
------------------
0.448464977645 0.00653058294978 40.3883058532

30 6
30 6 60 84
------------------
0.443278688525 0.00278219535752 37.5046991979

30 7
30 7 60 83
------------------
0.430044709389 0.00741400150187 38.5322108721

30 8
30 8 60 82
------------------
0.421341281669 0.00284044681605 38.8057517619

30 9
30 9 60 81
------------------
0.40566318927 0.0143586071633 39.6952813171

30 10
30 10 60 80
------------------
0.402086438152 0.0139767269219 41.0521080021

30 11
30 11 60 79
------------------
0.383725782414 0.0191166066462 41.1081312583

30 12
30 12 60 78
------------------
0.369180327869 0.00957549147943 38.9838588679

30 13
30 13 60 77
------------------
0.361967213115 0.00632517502246 37.878931765

30 14
30 14 60 76
------------------
0.342652757079 0.0198245395311 39.2743712571

30 15
30 15 60 75
------------------
0.324828614009 0.0185509329828 39.3396592074

30 16
30 16 60 74
------------------
0.305931445604 0.0138451656109 41.5537722881

30 17
30 17 60 73
------------------
0.293770491803 0.0231541261405 38.8900664988

30 18
30 18 60 72
------------------
0.276363636364 0.0287620264544 38.3508889279

30 19
30 19 60 71
------------------
0.258002980626 0.0234339874611 38.8595949732

30 20
30 20 60 70
------------------
0.241669150522 0.0253682962353 42.1049954145

30 21
30 21 60 69
------------------
0.215558867362 0.0396548397938 39.7184904453

30 22
30 22 60 68
------------------
0.204828614009 0.0317634487743 36.9556306163

30 23
30 23 60 67
------------------
0.177168405365 0.0338413021653 41.2115969456

30 24
30 24 60 66
------------------
0.162026825633 0.0174887048654 40.9425743269

30 25
30 25 60 65
------------------
0.133174366617 0.0728719105934 42.035028021

30 26
30 26 60 64
------------------
0.107064083458 0.0736400142458 40.3620415415

30 27
30 27 60 63
------------------
0.0866169895678 0.06308717107 38.6295378559

30 28
30 28 60 62
------------------
0.0555588673621 0.0649887823425 45.0558261489

30 29
30 29 60 61
------------------
0.0287928464978 0.0908564621805 38.7122346537

30 30
30 31
30 32
30 33
30 34
30 35
30 36
30 37
30 38
30 39
30 40
30 41
30 42
30 43
30 44
30 45
30 46
30 47
30 48
30 49
30 50
30 51
30 52
30 53
30 54
30 55
30 56
30 57
30 58
30 59
30 60
30 61
30 62
30 63
30 64
30 65
30 66
30 67
30 68
30 69
30 70
30 71
30 72
30 73
30 74
30 75
30 76
30 77
30 78
30 79
30 80
30 81
30 82
30 83
30 84
30 85
30 86
30 87
30 88
30 89
30 90
31 0
31 0 59 90
------------------
0.512131147541 0.00204538034795 38.871936159

31 1
31 1 59 89
------------------
0.51260804769 0.00386272227807 39.452120527

31 2
31 2 59 88
------------------
0.495916542474 0.00188888870181 40.6247015896

31 3
31 3 59 87
------------------
0.489359165425 0.00279638018451 38.0546419505

31 4
31 4 59 86
------------------
0.477675111773 0.00876502041806 43.9649012781

31 5
31 5 59 85
------------------
0.465991058122 0.0155840601528 43.4759827332

31 6
31 6 59 84
------------------
0.457883755589 0.00845091857533 40.9291881087

31 7
31 7 59 83
------------------
0.446318926975 0.0117849115283 39.4848893789

31 8
31 8 59 82
------------------
0.431117734724 0.00673615041733 41.0532237461

31 9
31 9 59 81
------------------
0.428912071535 0.00852565061146 40.4128946089

31 10
31 10 59 80
------------------
0.414843517139 0.00906702331664 39.6136898212

31 11
31 11 59 79
------------------
0.392429210134 0.0171386961265 39.9603133927

31 12
31 12 59 78
------------------
0.390581222057 0.00770371649345 40.3633102259

31 13
31 13 59 77
------------------
0.372339791356 0.0126486251902 40.1227789094

31 14
31 14 59 76
------------------
0.360774962742 0.0200657946543 38.6526618448

31 15
31 15 59 75
------------------
0.337108792846 0.0319784043806 41.6953389004

31 16
31 16 59 74
------------------
0.331266766021 0.0327737228949 42.2670828361

31 17
31 17 59 73
------------------
0.317257824143 0.0190979672016 45.5188750657

31 18
31 18 59 72
-----