1 0 89.0000 90.0000 1.5618e-02 3.6169e+03 1.5516e+04 1.3589e-05 7.5717e+00 4.4617e+00 7.1474e+00
2 0 88.0000 90.0000 3.3860e-02 1.7721e+03 9.8332e+03 3.8522e-06 8.1561e+00 3.7344e+00 6.3205e+00
2 1 88.0000 89.0000 1.7407e-02 3.2090e+02 1.6558e+02 5.6254e-06 7.8625e+00 3.9259e+00 5.5453e+00
3 0 87.0000 90.0000 5.2638e-02 1.7357e+03 1.1395e+04 8.3840e-06 8.0221e+00 4.3720e+00 4.0679e+00
3 1 87.0000 89.0000 3.7496e-02 2.4435e+02 1.6961e+02 1.1753e-05 7.8478e+00 4.3658e+00 3.9247e+00
3 2 87.0000 88.0000 1.7407e-02 1.6646e+02 9.7482e+01 1.9147e-05 7.6207e+00 4.0303e+00 4.4671e+00
4 0 86.0000 90.0000 7.1475e-02 2.0092e+03 3.7616e+04 5.8823e-06 7.9259e+00 3.8289e+00 3.4616e+00
4 1 86.0000 89.0000 5.5320e-02 2.1121e+02 1.5379e+02 1.1018e-05 7.6658e+00 4.2232e+00 3.4145e+00
4 2 86.0000 88.0000 3.7198e-02 1.5938e+02 1.0090e+02 1.2398e-05 8.0994e+00 4.6586e+00 3.5010e+00
4 3 86.0000 87.0000 1.8241e-02 1.3619e+02 6.7481e+01 8.9987e-06 8.2044e+00 4.0900e+00 3.8628e+00
5 0 85.0000 90.0000 8.9598e-02 8.0202e+02 4.5853e+03 7.3083e-06 8.2948e+00 4.4871e+00 2.5927e+00
5 1 85.0000 89.0000 7.1952e-02 1.7480e+02 1.3255e+02 9.4065e-06 7.8012e+00 4.3406e+00 2.8586e+00
5 2 85.0000 88.0000 5.4963e-02 1.3803e+02 8.3965e+01 1.0822e-05 7.8761e+00 4.3359e+00 2.7298e+00
5 3 85.0000 87.0000 3.7139e-02 1.2448e+02 7.1994e+01 1.2431e-05 8.3600e+00 4.4770e+00 2.5497e+00
5 4 85.0000 86.0000 1.7407e-02 1.0849e+02 5.5720e+01 1.7579e-05 8.2321e+00 4.4323e+00 2.3339e+00
6 0 84.0000 90.0000 1.0957e-01 1.0701e+03 1.4784e+04 7.4757e-06 8.2468e+00 4.4232e+00 2.0004e+00
6 1 84.0000 89.0000 8.8644e-02 1.7303e+02 1.3669e+02 8.5091e-06 8.3004e+00 4.2736e+00 2.0152e+00
6 2 84.0000 88.0000 7.1058e-02 1.3508e+02 9.3477e+01 1.6698e-05 8.6363e+00 5.1774e+00 3.1526e+00
6 3 84.0000 87.0000 5.3294e-02 1.1131e+02 6.2470e+01 1.2007e-05 8.6376e+00 4.2824e+00 2.7478e+00
6 4 84.0000 86.0000 3.5171e-02 9.9789e+01 5.5873e+01 1.6856e-05 8.6169e+00 4.6005e+00 2.4086e+00
6 5 84.0000 85.0000 1.9076e-02 8.6984e+01 5.3901e+01 3.2188e-05 8.5589e+00 4.7628e+00 2.4128e+00
7 0 83.0000 90.0000 1.2644e-01 3.9388e+02 1.3180e+03 1.3661e-05 8.7639e+00 5.1457e+00 2.8415e+00
7 1 83.0000 89.0000 1.0319e-01 1.4849e+02 1.3826e+02 2.2803e-05 8.3415e+00 5.1631e+00 2.5852e+00
7 2 83.0000 88.0000 9.0015e-02 1.2108e+02 7.8079e+01 7.5262e-06 8.2977e+00 4.1549e+00 2.5163e+00
7 3 83.0000 87.0000 7.0164e-02 1.0523e+02 6.1966e+01 1.2379e-05 8.5071e+00 4.3667e+00 2.5845e+00
7 4 83.0000 86.0000 5.7466e-02 9.2202e+01 5.2949e+01 2.0105e-05 8.4947e+00 4.6488e+00 2.2129e+00
7 5 83.0000 85.0000 3.9285e-02 8.2157e+01 4.5403e+01 2.1007e-05 8.5167e+00 4.7543e+00 2.2209e+00
7 6 83.0000 84.0000 1.9970e-02 8.3398e+01 4.9270e+01 2.8809e-05 8.9032e+00 5.4462e+00 4.3276e+00
8 0 82.0000 90.0000 1.3711e-01 9.1159e+02 1.3847e+04 2.1411e-05 8.4046e+00 4.7670e+00 3.0762e+00
8 1 82.0000 89.0000 1.2203e-01 1.4290e+02 1.3147e+02 2.3178e-05 8.4825e+00 4.8954e+00 2.7744e+00
8 2 82.0000 88.0000 1.0623e-01 1.1685e+02 9.2474e+01 2.9098e-05 8.6196e+00 5.1848e+00 3.1242e+00
8 3 82.0000 87.0000 9.5261e-02 1.0040e+02 6.7606e+01 3.4408e-05 8.7557e+00 5.1780e+00 3.3752e+00
8 4 82.0000 86.0000 7.7377e-02 8.5405e+01 5.4453e+01 3.3293e-05 8.4150e+00 5.0736e+00 2.8119e+00
8 5 82.0000 85.0000 5.6751e-02 8.0009e+01 4.8653e+01 4.3616e-05 8.5190e+00 5.0929e+00 3.0332e+00
8 6 82.0000 84.0000 3.7914e-02 6.9278e+01 4.1957e+01 7.6441e-05 8.5761e+00 4.9012e+00 3.1675e+00
8 7 82.0000 83.0000 1.9255e-02 6.8474e+01 3.7669e+01 3.6566e-05 8.6153e+00 4.7998e+00 2.7534e+00
9 0 81.0000 90.0000 1.5171e-01 4.2031e+02 2.7632e+03 2.2088e-05 8.9167e+00 5.2074e+00 3.9042e+00
9 1 81.0000 89.0000 1.4241e-01 1.3565e+02 1.3888e+02 4.2446e-05 8.8278e+00 5.5669e+00 4.6089e+00
9 2 81.0000 88.0000 1.2417e-01 1.0344e+02 8.3760e+01 3.9818e-05 8.3625e+00 5.0288e+00 4.2062e+00
9 3 81.0000 87.0000 1.0808e-01 9.2276e+01 6.3353e+01 3.0301e-05 8.6878e+00 5.2201e+00 4.2257e+00
9 4 81.0000 86.0000 9.3770e-02 7.8999e+01 4.9292e+01 3.7533e-05 8.4983e+00 4.8633e+00 3.8526e+00
9 5 81.0000 85.0000 7.7258e-02 7.2503e+01 4.4041e+01 3.7421e-05 8.7100e+00 4.9719e+00 3.7461e+00
9 6 81.0000 84.0000 5.8659e-02 6.9136e+01 4.0482e+01 4.0870e-05 8.8421e+00 5.2741e+00 4.1823e+00
9 7 81.0000 83.0000 3.9106e-02 6.4504e+01 3.7523e+01 5.5753e-05 9.0411e+00 5.2342e+00 4.5127e+00
9 8 81.0000 82.0000 2.0387e-02 5.5303e+01 3.5557e+01 1.7522e-04 8.4508e+00 5.2665e+00 3.7685e+00
10 0 80.0000 90.0000 1.7610e-01 4.5999e+02 3.2809e+03 3.4051e-05 8.8684e+00 5.6492e+00 6.0358e+00
10 1 80.0000 89.0000 1.5768e-01 1.3108e+02 1.4329e+02 4.6563e-05 8.8319e+00 5.6478e+00 6.1714e+00
10 2 80.0000 88.0000 1.4694e-01 1.0194e+02 8.6165e+01 4.6558e-05 8.7218e+00 5.4709e+00 5.7399e+00
10 3 80.0000 87.0000 1.2620e-01 9.1384e+01 7.0082e+01 5.2504e-05 9.2758e+00 5.8156e+00 6.4108e+00
10 4 80.0000 86.0000 1.1356e-01 8.0876e+01 5.7462e+01 6.2404e-05 9.2814e+00 5.8080e+00 6.5015e+00
10 5 80.0000 85.0000 9.3234e-02 6.9014e+01 4.6076e+01 8.0589e-05 8.7837e+00 5.4086e+00 5.3985e+00
10 6 80.0000 84.0000 7.6364e-02 6.5357e+01 4.0684e+01 6.6440e-05 8.7796e+00 5.2972e+00 5.2672e+00
10 7 80.0000 83.0000 6.0805e-02 6.3651e+01 4.0097e+01 1.0352e-04 9.2512e+00 5.8417e+00 5.9593e+00
10 8 80.0000 82.0000 4.0119e-02 5.6108e+01 3.3203e+01 8.7599e-05 8.9678e+00 4.9278e+00 5.3431e+00
10 9 80.0000 81.0000 1.9970e-02 4.8223e+01 3.1340e+01 3.4276e-04 8.5714e+00 5.1569e+00 5.9197e+00
11 0 79.0000 90.0000 1.9547e-01 3.8985e+02 4.0557e+03 3.1193e-05 9.0725e+00 5.3083e+00 7.3375e+00
11 1 79.0000 89.0000 1.7615e-01 1.2853e+02 1.3473e+02 2.7400e-05 9.1569e+00 5.3721e+00 7.3655e+00
11 2 79.0000 88.0000 1.6459e-01 9.2502e+01 9.0419e+01 1.4843e-04 8.8701e+00 6.4139e+00 9.2357e+00
11 3 79.0000 87.0000 1.4235e-01 8.2847e+01 6.2506e+01 4.8466e-05 8.9154e+00 5.3878e+00 7.6190e+00
11 4 79.0000 86.0000 1.2697e-01 7.9667e+01 5.3419e+01 3.4638e-05 9.4354e+00 5.4671e+00 8.6194e+00
11 5 79.0000 85.0000 1.1297e-01 6.5805e+01 4.6500e+01 1.1339e-04 8.9594e+00 5.7850e+00 7.2980e+00
11 6 79.0000 84.0000 9.4903e-02 6.1077e+01 3.8400e+01 8.5594e-05 8.6608e+00 5.1745e+00 7.4446e+00
11 7 79.0000 83.0000 7.7556e-02 5.9444e+01 4.4010e+01 2.2229e-04 9.1738e+00 6.9031e+00 1.1444e+01
11 8 79.0000 82.0000 6.1401e-02 5.8880e+01 3.3854e+01 5.9197e-05 9.4236e+00 5.5487e+00 7.5381e+00
11 9 79.0000 81.0000 4.2027e-02 5.1000e+01 3.1307e+01 1.5463e-04 8.7377e+00 5.1422e+00 7.0756e+00
11 10 79.0000 80.0000 2.1401e-02 5.2529e+01 3.4522e+01 3.0589e-04 9.3177e+00 5.9609e+00 8.2411e+00
12 0 78.0000 90.0000 2.0590e-01 2.8707e+02 2.2577e+03 4.0136e-04 7.5279e+00 6.4074e+00 2.1692e+01
12 1 78.0000 89.0000 1.9207e-01 1.2277e+02 1.3877e+02 5.4347e-05 9.1110e+00 5.7729e+00 8.3419e+00
12 2 78.0000 88.0000 1.7753e-01 9.5780e+01 8.2357e+01 4.4412e-05 9.2276e+00 5.5738e+00 8.4255e+00
12 3 78.0000 87.0000 1.6680e-01 8.1784e+01 6.5111e+01 6.9658e-05 9.0895e+00 5.6348e+00 8.8724e+00
12 4 78.0000 86.0000 1.5010e-01 7.0480e+01 5.1416e+01 9.5971e-05 9.0382e+00 5.6546e+00 8.4869e+00
12 5 78.0000 85.0000 1.3449e-01 6.7699e+01 4.7672e+01 1.2094e-04 9.2376e+00 6.1714e+00 9.2710e+00
12 6 78.0000 84.0000 1.1714e-01 6.2184e+01 4.2863e+01 1.2053e-04 9.2325e+00 5.9340e+00 9.3214e+00
12 7 78.0000 83.0000 9.3353e-02 5.8662e+01 3.9491e+01 1.1465e-04 9.3129e+00 6.1199e+00 9.5061e+00
12 8 78.0000 82.0000 7.4694e-02 5.4820e+01 3.5128e+01 9.6072e-05 9.2668e+00 5.9060e+00 8.2081e+00
12 9 78.0000 81.0000 6.2832e-02 5.0963e+01 2.7507e+01 6.9240e-05 9.1294e+00 4.9752e+00 9.9093e+00
12 10 78.0000 80.0000 4.3517e-02 4.6501e+01 3.0351e+01 3.2885e-04 8.9838e+00 5.7370e+00 9.0426e+00
12 11 78.0000 79.0000 2.0268e-02 4.7306e+01 2.7505e+01 1.9146e-04 9.1441e+00 5.7957e+00 8.4987e+00
13 0 77.0000 90.0000 2.2605e-01 3.2446e+02 2.6198e+03 7.5231e-05 8.7356e+00 5.7253e+00 1.1092e+01
13 1 77.0000 89.0000 2.0805e-01 1.1595e+02 1.4027e+02 8.7998e-05 9.3245e+00 6.2358e+00 1.1826e+01
13 2 77.0000 88.0000 1.9654e-01 8.9212e+01 8.2622e+01 7.0366e-05 9.1779e+00 5.5757e+00 1.0677e+01
13 3 77.0000 87.0000 1.8361e-01 8.0297e+01 6.4982e+01 6.8262e-05 9.5242e+00 5.9371e+00 1.0942e+01
13 4 77.0000 86.0000 1.7133e-01 7.0229e+01 4.8522e+01 5.4264e-05 9.3082e+00 5.2221e+00 1.1679e+01
13 5 77.0000 85.0000 1.5297e-01 6.1329e+01 4.4238e+01 1.4629e-04 8.8709e+00 5.8562e+00 1.1007e+01
13 6 77.0000 84.0000 1.3711e-01 5.8370e+01 4.1646e+01 1.4772e-04 9.1062e+00 6.1641e+00 1.0833e+01
13 7 77.0000 83.0000 1.1952e-01 5.2384e+01 3.3503e+01 1.7485e-04 8.6807e+00 5.3497e+00 1.1098e+01
13 8 77.0000 82.0000 1.0349e-01 5.2027e+01 3.2540e+01 1.8320e-04 9.3701e+00 5.7199e+00 1.0614e+01
13 9 77.0000 81.0000 8.2206e-02 4.7675e+01 3.2845e+01 4.1701e-04 9.1557e+00 6.1008e+00 1.0723e+01
13 10 77.0000 80.0000 6.5276e-02 4.9478e+01 3.1097e+01 1.8451e-04 9.6759e+00 6.2723e+00 1.2336e+01
13 11 77.0000 79.0000 4.1371e-02 4.5878e+01 3.4416e+01 6.7116e-04 9.4066e+00 7.0761e+00 1.2361e+01
13 12 77.0000 78.0000 2.3249e-02 4.1907e+01 2.5697e+01 3.3911e-04 8.8629e+00 5.5500e+00 1.1532e+01
14 0 76.0000 90.0000 2.4268e-01 2.9150e+02 2.8203e+03 9.9085e-05 8.6837e+00 5.5713e+00 1.3519e+01
14 1 76.0000 89.0000 2.2855e-01 1.0996e+02 1.2503e+02 4.2992e-05 9.4227e+00 5.5279e+00 1.2382e+01
14 2 76.0000 88.0000 2.2110e-01 8.5867e+01 7.5506e+01 5.3678e-05 9.1491e+00 5.2795e+00 1.2851e+01
14 3 76.0000 87.0000 2.0215e-01 7.4555e+01 6.7765e+01 1.9566e-04 9.3831e+00 6.5845e+00 1.3909e+01
14 4 76.0000 86.0000 1.8438e-01 6.3766e+01 5.0511e+01 1.7555e-04 8.7512e+00 5.7766e+00 1.3379e+01
14 5 76.0000 85.0000 1.6692e-01 5.9071e+01 3.9745e+01 9.0929e-05 8.8751e+00 5.0905e+00 1.4372e+01
14 6 76.0000 84.0000 1.5243e-01 5.9559e+01 4.9788e+01 5.1632e-04 9.7462e+00 7.6963e+00 1.6258e+01
14 7 76.0000 83.0000 1.3168e-01 5.3814e+01 3.9746e+01 2.5593e-04 9.4575e+00 6.6749e+00 1.3507e+01
14 8 76.0000 82.0000 1.1392e-01 5.1676e+01 3.2309e+01 1.3667e-04 9.6714e+00 5.7903e+00 1.4261e+01
14 9 76.0000 81.0000 9.8897e-02 4.9217e+01 3.1438e+01 1.8195e-04 9.6212e+00 6.1064e+00 1.3289e+01
14 10 76.0000 80.0000 8.5663e-02 4.2863e+01 2.6407e+01 2.1547e-04 8.8900e+00 5.2438e+00 1.3733e+01
14 11 76.0000 79.0000 6.2355e-02 4.5333e+01 2.8920e+01 3.6695e-04 9.2885e+00 6.2359e+00 1.2564e+01
14 12 76.0000 78.0000 4.4232e-02 3.7792e+01 2.5481e+01 9.2958e-04 8.7823e+00 5.5527e+00 1.3221e+01
14 13 76.0000 77.0000 2.0924e-02 4.0729e+01 2.6434e+01 3.8147e-04 9.4677e+00 6.3998e+00 1.2754e+01
15 0 75.0000 90.0000 2.6128e-01 5.4032e+02 1.3335e+04 1.6962e-04 9.0092e+00 6.5142e+00 1.3757e+01
15 1 75.0000 89.0000 2.4757e-01 1.0472e+02 1.2389e+02 7.1743e-05 9.6615e+00 5.9837e+00 1.4531e+01
15 2 75.0000 88.0000 2.2653e-01 7.9191e+01 8.1837e+01 1.8237e-04 8.9374e+00 6.2878e+00 1.5642e+01
15 3 75.0000 87.0000 2.1347e-01 7.4928e+01 6.4726e+01 1.0419e-04 9.5679e+00 6.1376e+00 1.4131e+01
15 4 75.0000 86.0000 2.0083e-01 6.1493e+01 5.3390e+01 3.4827e-04 8.9940e+00 6.6904e+00 1.4933e+01
15 5 75.0000 85.0000 1.8665e-01 5.6483e+01 4.5126e+01 2.8767e-04 8.8129e+00 6.2892e+00 1.5544e+01
15 6 75.0000 84.0000 1.7490e-01 5.3004e+01 3.8237e+01 2.5608e-04 9.0527e+00 5.9375e+00 1.5654e+01
15 7 75.0000 83.0000 1.5547e-01 5.1751e+01 3.8095e+01 3.0837e-04 9.4651e+00 6.5319e+00 1.3920e+01
15 8 75.0000 82.0000 1.3765e-01 4.7721e+01 3.6958e+01 6.0432e-04 9.2331e+00 6.7899e+00 1.3693e+01
15 9 75.0000 81.0000 1.2274e-01 4.5607e+01 3.3847e+01 5.8912e-04 9.2997e+00 6.6117e+00 1.4078e+01
15 10 75.0000 80.0000 1.0164e-01 4.2968e+01 2.7924e+01 4.1540e-04 9.1928e+00 5.9635e+00 1.3091e+01
15 11 75.0000 79.0000 8.2981e-02 4.0675e+01 3.2199e+01 1.1078e-03 9.3081e+00 7.0677e+00 1.6214e+01
15 12 75.0000 78.0000 6.6349e-02 3.9637e+01 2.9542e+01 1.1355e-03 9.2760e+00 6.6989e+00 1.5357e+01
15 13 75.0000 77.0000 4.3159e-02 3.8330e+01 3.2558e+01 1.7779e-03 9.2398e+00 7.8877e+00 1.9655e+01
15 14 75.0000 76.0000 2.3487e-02 3.6346e+01 2.6553e+01 3.0907e-03 9.5150e+00 6.7468e+00 1.4892e+01
16 0 74.0000 90.0000 2.7434e-01 2.7498e+02 2.3294e+03 1.7076e-04 9.3910e+00 6.5718e+00 1.6280e+01
16 1 74.0000 89.0000 2.6337e-01 9.9359e+01 1.3697e+02 2.8674e-04 9.4272e+00 7.3357e+00 1.7216e+01
16 2 74.0000 88.0000 2.5061e-01 8.3691e+01 8.2001e+01 1.2502e-04 9.8274e+00 6.2817e+00 1.6356e+01
16 3 74.0000 87.0000 2.3475e-01 7.0347e+01 6.7834e+01 2.8640e-04 9.3880e+00 6.8478e+00 1.6511e+01
16 4 74.0000 86.0000 2.2539e-01 6.3333e+01 5.4408e+01 2.4702e-04 9.4977e+00 6.6126e+00 1.6736e+01
16 5 74.0000 85.0000 2.0852e-01 5.6266e+01 4.8842e+01 4.3669e-04 9.2648e+00 6.8514e+00 1.7283e+01
16 6 74.0000 84.0000 1.9559e-01 5.4422e+01 4.3152e+01 3.7696e-04 9.4569e+00 6.6140e+00 1.6696e+01
16 7 74.0000 83.0000 1.7663e-01 4.9793e+01 3.8988e+01 5.2992e-04 9.6600e+00 6.9142e+00 1.7080e+01
16 8 74.0000 82.0000 1.5881e-01 4.7238e+01 3.3700e+01 3.1833e-04 9.4496e+00 6.2340e+00 1.5991e+01
16 9 74.0000 81.0000 1.3914e-01 4.6266e+01 2.6162e+01 1.3844e-04 9.6228e+00 5.4103e+00 1.8639e+01
16 10 74.0000 80.0000 1.2650e-01 4.2725e+01 3.2558e+01 9.2028e-04 9.5770e+00 6.9620e+00 1.6723e+01
16 11 74.0000 79.0000 1.0754e-01 3.7854e+01 3.0988e+01 1.7826e-03 8.9358e+00 6.8884e+00 1.9149e+01
16 12 74.0000 78.0000 8.2921e-02 3.7685e+01 2.5855e+01 1.0491e-03 9.3315e+00 6.0000e+00 1.6285e+01
16 13 74.0000 77.0000 6.5812e-02 3.9337e+01 2.8308e+01 1.1017e-03 9.5264e+00 7.3684e+00 1.8784e+01
16 14 74.0000 76.0000 4.3219e-02 3.4762e+01 2.4190e+01 1.5834e-03 9.0020e+00 6.3786e+00 1.6934e+01
16 15 74.0000 75.0000 2.4203e-02 3.5786e+01 2.4298e+01 1.4675e-03 9.6720e+00 6.7661e+00 1.6169e+01
17 0 73.0000 90.0000 2.9300e-01 4.1874e+02 4.7215e+03 2.0802e-04 8.9843e+00 6.3224e+00 1.9817e+01
17 1 73.0000 89.0000 2.7970e-01 9.7740e+01 1.4412e+02 5.3241e-04 9.4744e+00 7.8921e+00 1.9769e+01
17 2 73.0000 88.0000 2.6760e-01 8.1488e+01 7.9382e+01 8.7436e-05 9.8021e+00 5.8264e+00 1.9724e+01
17 3 73.0000 87.0000 2.5377e-01 7.3291e+01 6.4609e+01 1.2885e-04 1.0102e+01 6.5904e+00 1.9413e+01
17 4 73.0000 86.0000 2.3249e-01 5.8946e+01 5.0219e+01 3.2302e-04 9.1845e+00 6.1639e+00 1.9033e+01
17 5 73.0000 85.0000 2.2802e-01 5.9684e+01 4.8986e+01 2.9318e-04 1.0049e+01 6.9598e+00 2.0023e+01
17 6 73.0000 84.0000 2.0423e-01 5.1567e+01 4.3920e+01 7.0008e-04 9.5201e+00 7.1394e+00 1.7825e+01
17 7 73.0000 83.0000 1.9529e-01 4.7957e+01 3.8248e+01 6.8054e-04 9.4974e+00 6.8135e+00 1.7741e+01
17 8 73.0000 82.0000 1.7848e-01 4.8579e+01 3.0583e+01 1.8809e-04 9.9989e+00 5.8553e+00 2.0694e+01
17 9 73.0000 81.0000 1.6107e-01 4.0972e+01 3.2484e+01 1.2136e-03 9.0097e+00 6.7219e+00 1.9065e+01
17 10 73.0000 80.0000 1.4379e-01 3.9210e+01 2.8416e+01 1.1307e-03 8.9487e+00 6.0976e+00 2.0149e+01
17 11 73.0000 79.0000 1.2417e-01 3.9408e+01 3.0248e+01 1.1603e-03 9.4275e+00 7.0156e+00 1.9021e+01
17 12 73.0000 78.0000 1.0593e-01 3.8004e+01 2.9167e+01 1.9176e-03 9.4301e+00 7.1552e+00 1.8136e+01
17 13 73.0000 77.0000 8.4650e-02 3.7937e+01 2.8173e+01 1.1682e-03 9.7610e+00 7.1143e+00 2.0139e+01
17 14 73.0000 76.0000 6.8495e-02 3.2785e+01 2.7083e+01 4.1677e-03 9.0224e+00 7.3269e+00 2.1673e+01
17 15 73.0000 75.0000 4.5782e-02 3.6255e+01 2.5290e+01 1.8490e-03 1.0058e+01 7.1061e+00 1.9486e+01
17 16 73.0000 74.0000 2.0864e-02 3.7817e+01 2.3358e+01 1.0018e-03 9.9229e+00 6.7530e+00 1.9293e+01
18 0 72.0000 90.0000 3.0295e-01 4.4781e+02 1.4123e+04 1.3490e-04 1.0092e+01 6.6483e+00 2.2030e+01
18 1 72.0000 89.0000 2.9568e-01 9.6021e+01 1.2858e+02 2.0233e-04 9.6522e+00 6.6356e+00 2.0986e+01
18 2 72.0000 88.0000 2.8197e-01 8.0987e+01 9.6189e+01 5.0332e-04 1.0058e+01 8.1795e+00 2.3497e+01
18 3 72.0000 87.0000 2.7219e-01 6.1729e+01 6.5503e+01 7.3867e-04 8.9913e+00 7.2134e+00 2.2575e+01
18 4 72.0000 86.0000 2.5902e-01 6.3465e+01 5.3746e+01 2.1914e-04 1.0188e+01 6.7997e+00 2.1840e+01
18 5 72.0000 85.0000 2.4531e-01 5.2932e+01 4.4766e+01 4.3556e-04 9.5659e+00 6.5257e+00 2.0388e+01
18 6 72.0000 84.0000 2.3070e-01 5.0395e+01 4.0124e+01 4.6697e-04 9.4802e+00 6.7602e+00 1.9942e+01
18 7 72.0000 83.0000 2.1109e-01 4.4409e+01 3.6625e+01 1.0742e-03 8.8864e+00 6.7803e+00 2.1730e+01
18 8 72.0000 82.0000 2.0137e-01 4.2772e+01 3.7455e+01 1.6353e-03 9.3338e+00 7.3954e+00 2.0227e+01
18 9 72.0000 81.0000 1.8241e-01 4.1029e+01 3.0024e+01 9.0956e-04 9.1887e+00 6.4862e+00 2.1162e+01
18 10 72.0000 80.0000 1.6429e-01 3.9332e+01 2.9322e+01 1.2203e-03 9.1942e+00 6.6158e+00 1.9432e+01
18 11 72.0000 79.0000 1.4218e-01 3.7994e+01 3.1401e+01 2.1231e-03 9.5060e+00 7.5515e+00 1.8822e+01
18 12 72.0000 78.0000 1.2733e-01 4.0442e+01 2.8035e+01 8.0812e-04 1.0182e+01 6.9872e+00 2.2734e+01
18 13 72.0000 77.0000 1.0802e-01 3.3250e+01 2.5408e+01 2.8957e-03 9.0885e+00 6.7964e+00 2.0915e+01
18 14 72.0000 76.0000 8.7273e-02 3.5394e+01 2.5652e+01 1.8878e-03 9.8923e+00 6.8801e+00 2.0727e+01
18 15 72.0000 75.0000 6.8912e-02 3.5195e+01 2.3503e+01 1.0736e-03 9.9413e+00 6.5884e+00 2.1510e+01
18 16 72.0000 74.0000 4.4173e-02 3.4217e+01 2.7069e+01 2.8478e-03 9.8768e+00 7.6636e+00 2.1219e+01
18 17 72.0000 73.0000 2.4382e-02 3.3001e+01 2.1038e+01 1.5533e-03 9.9070e+00 6.4492e+00 2.0246e+01
19 0 71.0000 90.0000 3.2537e-01 2.1050e+02 2.1150e+03 1.1902e-03 9.6012e+00 9.1465e+00 2.6384e+01
19 1 71.0000 89.0000 3.0915e-01 9.4822e+01 1.7244e+02 1.2738e-03 9.6895e+00 9.9930e+00 2.9903e+01
19 2 71.0000 88.0000 3.0134e-01 7.3239e+01 7.8320e+01 2.5324e-04 9.6833e+00 6.4107e+00 2.3821e+01
19 3 71.0000 87.0000 2.8918e-01 6.4150e+01 6.6961e+01 4.3180e-04 9.5275e+00 6.9670e+00 2.1260e+01
19 4 71.0000 86.0000 2.7112e-01 5.5825e+01 5.9759e+01 1.3189e-03 9.2748e+00 7.8926e+00 2.2236e+01
19 5 71.0000 85.0000 2.6480e-01 5.2628e+01 4.1883e+01 3.1697e-04 9.4170e+00 6.0815e+00 2.4202e+01
19 6 71.0000 84.0000 2.4614e-01 5.0614e+01 4.2314e+01 5.4942e-04 9.9666e+00 7.1748e+00 2.1694e+01
19 7 71.0000 83.0000 2.2742e-01 4.4577e+01 3.8311e+01 1.4078e-03 9.1173e+00 7.2750e+00 2.2283e+01
19 8 71.0000 82.0000 2.2146e-01 4.5978e+01 3.7294e+01 9.1686e-04 9.8116e+00 7.7193e+00 2.1735e+01
19 9 71.0000 81.0000 2.0066e-01 4.2747e+01 3.5306e+01 1.1763e-03 9.8160e+00 7.6027e+00 2.2020e+01
19 10 71.0000 80.0000 1.8605e-01 4.0751e+01 2.8798e+01 7.6999e-04 9.6877e+00 6.7614e+00 2.0369e+01
19 11 71.0000 79.0000 1.6757e-01 3.7733e+01 3.0560e+01 1.7308e-03 9.4356e+00 7.4248e+00 2.2680e+01
19 12 71.0000 78.0000 1.4718e-01 3.5035e+01 3.6294e+01 6.3689e-03 9.2469e+00 9.3678e+00 2.7812e+01
19 13 71.0000 77.0000 1.3288e-01 3.7920e+01 2.9318e+01 1.3740e-03 1.0341e+01 7.8523e+00 2.3951e+01
19 14 71.0000 76.0000 1.1231e-01 3.6234e+01 3.1834e+01 3.0683e-03 1.0172e+01 8.8534e+00 2.6121e+01
19 15 71.0000 75.0000 9.2936e-02 3.2185e+01 2.3018e+01 3.0404e-03 9.5312e+00 6.5819e+00 2.2838e+01
19 16 71.0000 74.0000 6.9985e-02 3.0040e+01 2.9121e+01 9.5194e-03 9.2271e+00 8.4952e+00 2.4330e+01
19 17 71.0000 73.0000 4.5365e-02 2.9844e+01 2.0962e+01 5.1966e-03 9.5032e+00 6.4336e+00 2.3826e+01
19 18 71.0000 72.0000 2.2474e-02 3.0638e+01 1.9949e+01 3.6363e-03 9.6274e+00 6.0004e+00 2.3056e+01
20 0 70.0000 90.0000 3.4349e-01 3.1326e+02 4.4084e+03 4.5127e-04 1.0258e+01 8.2039e+00 2.5708e+01
20 1 70.0000 89.0000 3.2292e-01 8.3980e+01 1.3744e+02 1.1458e-03 9.2352e+00 7.8249e+00 2.5812e+01
20 2 70.0000 88.0000 3.1702e-01 7.3640e+01 8.8046e+01 4.8907e-04 9.7645e+00 7.6195e+00 2.4913e+01
20 3 70.0000 87.0000 3.0313e-01 6.3428e+01 6.8452e+01 6.4682e-04 9.7833e+00 7.7694e+00 2.4915e+01
20 4 70.0000 86.0000 2.9604e-01 5.2328e+01 6.7028e+01 2.6135e-03 9.0177e+00 9.5108e+00 2.9680e+01
20 5 70.0000 85.0000 2.7988e-01 5.0327e+01 4.9677e+01 1.3393e-03 9.1225e+00 7.7736e+00 2.4480e+01
20 6 70.0000 84.0000 2.7100e-01 4.8842e+01 4.5084e+01 1.1375e-03 9.7713e+00 7.7273e+00 2.4401e+01
20 7 70.0000 83.0000 2.4525e-01 4.5816e+01 3.7613e+01 7.9388e-04 9.6683e+00 7.1536e+00 2.3367e+01
20 8 70.0000 82.0000 2.3446e-01 4.3531e+01 3.5175e+01 1.1305e-03 9.9388e+00 7.2240e+00 2.4768e+01
20 9 70.0000 81.0000 2.2450e-01 4.1949e+01 3.7998e+01 1.9902e-03 9.9980e+00 8.4698e+00 2.6852e+01
20 10 70.0000 80.0000 2.0310e-01 2.9020e+01 4.8381e+01 2.6938e-02 7.1862e+00 1.1550e+01 4.4589e+01
20 11 70.0000 79.0000 1.8873e-01 3.4349e+01 2.9928e+01 4.1306e-03 9.0516e+00 7.4055e+00 2.6312e+01
20 12 70.0000 78.0000 1.6972e-01 3.7764e+01 2.6350e+01 1.0215e-03 1.0153e+01 6.8794e+00 2.4271e+01
20 13 70.0000 77.0000 1.5320e-01 3.4548e+01 2.5963e+01 2.6153e-03 9.7309e+00 7.1335e+00 2.3512e+01
20 14 70.0000 76.0000 1.3156e-01 3.2637e+01 2.4853e+01 3.3794e-03 9.3855e+00 7.0751e+00 2.4669e+01
20 15 70.0000 75.0000 1.1040e-01 3.2137e+01 2.6956e+01 5.3478e-03 9.5970e+00 8.1193e+00 2.5857e+01
20 16 70.0000 74.0000 8.9180e-02 3.2918e+01 2.1516e+01 1.8117e-03 9.8420e+00 6.6499e+00 2.4339e+01
20 17 70.0000 73.0000 6.6587e-02 3.1071e+01 2.3455e+01 4.7102e-03 9.6976e+00 7.4205e+00 2.2959e+01
20 18 70.0000 72.0000 4.8644e-02 3.1363e+01 2.3963e+01 3.9147e-03 1.0259e+01 7.5738e+00 2.5121e+01
20 19 70.0000 71.0000 2.6170e-02 2.8797e+01 2.2557e+01 7.6144e-03 9.5284e+00 7.3619e+00 2.5014e+01
21 0 69.0000 90.0000 3.6232e-01 3.3841e+02 6.0349e+03 5.8789e-04 1.0088e+01 8.2714e+00 2.6564e+01
21 1 69.0000 89.0000 3.4647e-01 8.7036e+01 1.2337e+02 3.1824e-04 9.8733e+00 7.2352e+00 2.6964e+01
21 2 69.0000 88.0000 3.3168e-01 7.5214e+01 8.7301e+01 3.0673e-04 1.0378e+01 7.2507e+00 2.6341e+01
21 3 69.0000 87.0000 3.2644e-01 6.6139e+01 7.4713e+01 8.2722e-04 1.0534e+01 8.8177e+00 2.9710e+01
21 4 69.0000 86.0000 3.0939e-01 5.5668e+01 5.0937e+01 5.2686e-04 1.0046e+01 6.8845e+00 2.6600e+01
21 5 69.0000 85.0000 2.9580e-01 5.3140e+01 5.2679e+01 1.3191e-03 1.0243e+01 8.4204e+00 2.6853e+01
21 6 69.0000 84.0000 2.8077e-01 4.9955e+01 4.8408e+01 1.4208e-03 1.0086e+01 8.7505e+00 2.7844e+01
21 7 69.0000 83.0000 2.7171e-01 4.5265e+01 4.6675e+01 2.4200e-03 9.6930e+00 9.2146e+00 2.7389e+01
21 8 69.0000 82.0000 2.5985e-01 4.4979e+01 4.1277e+01 1.5309e-03 1.0153e+01 8.8456e+00 2.9348e+01
21 9 69.0000 81.0000 2.3791e-01 3.7893e+01 3.2239e+01 2.3574e-03 9.1364e+00 7.2361e+00 2.7909e+01
21 10 69.0000 80.0000 2.2289e-01 3.6636e+01 3.7080e+01 4.7905e-03 9.3532e+00 8.7455e+00 2.7711e+01
21 11 69.0000 79.0000 2.0548e-01 3.5896e+01 2.7496e+01 2.1309e-03 9.7836e+00 6.9792e+00 2.6606e+01
21 12 69.0000 78.0000 1.8724e-01 3.5852e+01 2.9309e+01 3.0033e-03 1.0127e+01 7.8327e+00 2.4469e+01
21 13 69.0000 77.0000 1.6996e-01 3.5805e+01 2.4222e+01 1.4229e-03 1.0069e+01 6.7270e+00 2.6619e+01
21 14 69.0000 76.0000 1.5392e-01 3.2684e+01 3.0772e+01 5.7947e-03 9.5635e+00 9.0814e+00 2.8058e+01
21 15 69.0000 75.0000 1.3800e-01 3.2517e+01 2.2525e+01 2.5787e-03 9.8475e+00 6.7339e+00 2.8444e+01
21 16 69.0000 74.0000 1.1243e-01 3.0863e+01 2.4479e+01 4.4725e-03 9.7633e+00 7.5466e+00 2.5001e+01
21 17 69.0000 73.0000 9.5440e-02 2.8644e+01 2.4432e+01 9.2259e-03 9.4625e+00 7.9476e+00 2.6538e+01
21 18 69.0000 72.0000 6.9091e-02 2.8037e+01 2.8277e+01 1.1950e-02 9.3219e+00 9.2124e+00 2.9935e+01
21 19 69.0000 71.0000 4.7511e-02 2.9727e+01 1.9662e+01 2.7664e-03 1.0174e+01 6.8812e+00 2.6579e+01
21 20 69.0000 70.0000 2.5931e-02 2.9116e+01 2.4496e+01 6.6026e-03 1.0211e+01 8.1706e+00 2.6486e+01
22 0 68.0000 90.0000 3.7633e-01 2.8359e+02 4.8138e+03 4.3744e-04 9.8561e+00 7.3369e+00 2.6941e+01
22 1 68.0000 89.0000 3.6227e-01 8.8611e+01 1.3738e+02 6.2187e-04 1.0064e+01 7.5367e+00 2.7222e+01
22 2 68.0000 88.0000 3.5040e-01 6.5580e+01 8.1427e+01 8.4920e-04 9.4404e+00 7.6296e+00 2.9343e+01
22 3 68.0000 87.0000 3.4516e-01 6.0889e+01 7.9925e+01 1.8006e-03 9.8882e+00 9.4636e+00 3.0062e+01
22 4 68.0000 86.0000 3.2674e-01 5.5818e+01 5.7191e+01 9.6012e-04 1.0100e+01 7.7645e+00 2.7140e+01
22 5 68.0000 85.0000 3.1809e-01 4.7585e+01 4.2215e+01 8.1236e-04 9.6165e+00 6.6689e+00 3.0487e+01
22 6 68.0000 84.0000 2.9568e-01 4.5340e+01 4.3403e+01 1.6671e-03 9.6271e+00 7.9394e+00 2.6110e+01
22 7 68.0000 83.0000 2.9001e-01 4.4672e+01 4.0893e+01 1.7190e-03 1.0052e+01 8.1891e+00 2.8817e+01
22 8 68.0000 82.0000 2.6993e-01 4.4926e+01 3.4357e+01 6.7405e-04 1.0775e+01 7.4448e+00 3.1227e+01
22 9 68.0000 81.0000 2.5914e-01 4.2441e+01 3.2582e+01 8.3789e-04 1.0563e+01 7.4535e+00 2.9862e+01
22 10 68.0000 80.0000 2.4370e-01 3.7363e+01 3.6010e+01 4.1688e-03 9.8497e+00 9.0886e+00 2.8391e+01
22 11 68.0000 79.0000 2.2849e-01 3.5770e+01 3.2558e+01 3.9666e-03 9.7222e+00 8.7166e+00 2.8565e+01
22 12 68.0000 78.0000 2.1288e-01 3.2347e+01 2.5320e+01 4.0960e-03 9.1730e+00 6.9197e+00 3.2089e+01
22 13 68.0000 77.0000 1.9219e-01 3.2677e+01 2.9296e+01 5.9824e-03 9.4952e+00 8.3116e+00 2.7606e+01
22 14 68.0000 76.0000 1.7562e-01 3.4269e+01 2.4747e+01 2.0019e-03 1.0208e+01 7.4243e+00 2.9012e+01
22 15 68.0000 75.0000 1.5732e-01 3.3203e+01 2.3976e+01 2.2637e-03 1.0304e+01 7.4704e+00 2.8738e+01
22 16 68.0000 74.0000 1.3598e-01 2.8494e+01 2.8603e+01 1.3203e-02 9.2550e+00 9.3124e+00 3.0046e+01
22 17 68.0000 73.0000 1.1732e-01 2.8290e+01 2.1222e+01 7.4197e-03 9.3740e+00 7.2424e+00 2.9369e+01
22 18 68.0000 72.0000 9.5022e-02 3.0276e+01 2.1663e+01 4.4163e-03 1.0231e+01 7.4069e+00 2.6740e+01
22 19 68.0000 71.0000 7.2548e-02 2.8275e+01 2.7459e+01 1.0776e-02 9.9716e+00 9.4244e+00 2.9149e+01
22 20 68.0000 70.0000 4.7630e-02 2.4941e+01 2.8127e+01 2.8551e-02 9.3435e+00 9.7537e+00 2.9816e+01
22 21 68.0000 69.0000 2.5276e-02 2.6504e+01 2.0082e+01 1.5178e-02 1.0008e+01 7.3498e+00 2.6850e+01
23 0 67.0000 90.0000 3.8909e-01 1.9613e+02 1.8053e+03 1.6645e-03 9.5289e+00 9.0338e+00 3.1101e+01
23 1 67.0000 89.0000 3.8265e-01 8.3416e+01 1.4189e+02 1.4500e-03 9.8708e+00 9.2766e+00 3.1656e+01
23 2 67.0000 88.0000 3.7007e-01 6.3223e+01 8.7140e+01 1.8605e-03 9.1539e+00 8.6085e+00 2.9621e+01
23 3 67.0000 87.0000 3.5446e-01 5.5804e+01 7.2159e+01 2.3278e-03 9.6133e+00 9.3397e+00 3.1414e+01
23 4 67.0000 86.0000 3.4700e-01 5.6784e+01 5.8862e+01 8.9870e-04 1.0438e+01 8.3168e+00 2.8315e+01
23 5 67.0000 85.0000 3.2692e-01 4.5053e+01 5.7547e+01 4.7964e-03 9.2407e+00 1.0000e+01 3.4001e+01
23 6 67.0000 84.0000 3.1362e-01 4.8450e+01 5.1672e+01 2.4270e-03 1.0547e+01 9.5062e+00 3.2667e+01
23 7 67.0000 83.0000 3.1148e-01 4.1564e+01 4.6229e+01 4.3491e-03 9.5164e+00 9.5507e+00 3.2085e+01
23 8 67.0000 82.0000 2.9735e-01 3.6306e+01 3.6144e+01 5.2229e-03 9.0084e+00 8.2888e+00 3.1105e+01
23 9 67.0000 81.0000 2.7863e-01 3.6608e+01 4.5504e+01 7.8308e-03 9.6168e+00 1.1250e+01 3.7962e+01
23 10 67.0000 80.0000 2.6534e-01 3.9211e+01 3.1907e+01 1.7767e-03 1.0358e+01 7.9302e+00 3.1068e+01
23 11 67.0000 79.0000 2.4918e-01 3.5088e+01 3.6686e+01 5.8401e-03 9.6678e+00 9.6253e+00 3.1433e+01
23 12 67.0000 78.0000 2.3189e-01 3.7532e+01 3.1399e+01 2.3006e-03 1.0990e+01 8.7955e+00 3.1772e+01
23 13 67.0000 77.0000 2.1377e-01 3.6346e+01 2.9267e+01 2.4544e-03 1.0942e+01 8.4934e+00 3.1875e+01
23 14 67.0000 76.0000 1.9738e-01 3.2508e+01 2.6712e+01 4.1655e-03 1.0214e+01 8.1602e+00 2.9942e+01
23 15 67.0000 75.0000 1.7610e-01 2.8915e+01 3.0122e+01 1.4106e-02 9.1287e+00 9.6722e+00 3.3628e+01
23 16 67.0000 74.0000 1.6441e-01 2.9893e+01 2.6803e+01 9.6805e-03 9.8567e+00 8.6498e+00 2.8747e+01
23 17 67.0000 73.0000 1.4432e-01 3.0055e+01 2.1175e+01 4.1933e-03 1.0251e+01 7.1903e+00 3.1375e+01
23 18 67.0000 72.0000 1.1458e-01 2.7654e+01 2.5515e+01 1.1740e-02 9.5671e+00 8.8388e+00 3.0767e+01
23 19 67.0000 71.0000 9.5678e-02 2.6759e+01 2.0805e+01 1.3385e-02 9.4150e+00 7.4608e+00 2.9592e+01
23 20 67.0000 70.0000 7.4218e-02 2.8149e+01 1.9815e+01 6.3872e-03 1.0259e+01 7.1150e+00 2.9079e+01
23 21 67.0000 69.0000 5.3830e-02 2.2846e+01 2.6813e+01 6.3511e-02 8.7708e+00 9.8396e+00 3.4419e+01
23 22 67.0000 68.0000 2.5216e-02 2.5914e+01 2.1924e+01 1.2703e-02 1.0140e+01 8.4907e+00 3.0159e+01
24 0 66.0000 90.0000 4.0918e-01 3.1534e+02 6.6140e+03 1.1844e-03 1.0189e+01 8.8500e+00 3.0846e+01
24 1 66.0000 89.0000 3.9702e-01 8.2676e+01 1.2452e+02 6.1234e-04 1.0064e+01 7.4657e+00 3.0648e+01
24 2 66.0000 88.0000 3.8462e-01 7.1213e+01 8.1244e+01 3.5326e-04 1.0836e+01 7.4731e+00 3.3725e+01
24 3 66.0000 87.0000 3.7449e-01 5.8642e+01 7.2827e+01 1.7639e-03 1.0101e+01 9.0833e+00 3.1558e+01
24 4 66.0000 86.0000 3.6382e-01 5.2769e+01 5.7616e+01 1.4182e-03 9.9818e+00 8.4128e+00 3.0271e+01
24 5 66.0000 85.0000 3.4772e-01 4.8466e+01 4.3649e+01 9.2761e-04 1.0053e+01 7.0980e+00 3.1238e+01
24 6 66.0000 84.0000 3.4224e-01 4.7346e+01 4.1494e+01 1.0770e-03 1.0539e+01 7.8094e+00 3.2953e+01
24 7 66.0000 83.0000 3.2757e-01 4.0006e+01 4.5213e+01 5.1451e-03 9.3114e+00 9.4582e+00 3.1983e+01
24 8 66.0000 82.0000 3.1207e-01 3.9529e+01 3.7367e+01 2.9081e-03 9.7912e+00 8.4153e+00 3.3249e+01
24 9 66.0000 81.0000 2.9890e-01 3.7476e+01 2.9555e+01 1.9479e-03 9.9169e+00 7.0335e+00 3.2953e+01
24 10 66.0000 80.0000 2.8346e-01 3.2055e+01 2.9652e+01 6.7474e-03 8.8381e+00 7.5937e+00 3.6090e+01
24 11 66.0000 79.0000 2.6808e-01 3.5474e+01 2.7799e+01 2.3613e-03 1.0185e+01 7.4753e+00 2.9770e+01
24 12 66.0000 78.0000 2.5419e-01 3.1712e+01 2.7038e+01 5.7403e-03 9.2708e+00 7.7799e+00 3.1759e+01
24 13 66.0000 77.0000 2.2957e-01 3.2614e+01 2.6878e+01 4.6002e-03 1.0220e+01 8.0200e+00 2.9806e+01
24 14 66.0000 76.0000 2.1347e-01 3.0905e+01 2.5108e+01 5.4621e-03 1.0005e+01 7.7426e+00 2.9235e+01
24 15 66.0000 75.0000 2.0322e-01 3.0774e+01 2.4757e+01 5.7862e-03 9.9922e+00 7.9377e+00 2.9563e+01
24 16 66.0000 74.0000 1.8194e-01 2.9929e+01 2.0850e+01 4.3167e-03 1.0251e+01 6.8595e+00 3.3933e+01
24 17 66.0000 73.0000 1.6274e-01 2.8882e+01 3.0255e+01 1.3699e-02 1.0048e+01 1.0467e+01 3.4750e+01
24 18 66.0000 72.0000 1.4092e-01 2.9238e+01 2.3172e+01 9.0020e-03 1.0540e+01 8.2538e+00 3.0072e+01
24 19 66.0000 71.0000 1.1624e-01 2.5996e+01 2.2022e+01 1.7174e-02 9.4821e+00 7.8869e+00 3.1502e+01
24 20 66.0000 70.0000 9.7168e-02 2.5278e+01 2.6616e+01 2.6565e-02 9.9021e+00 1.0224e+01 3.3889e+01
24 21 66.0000 69.0000 7.4993e-02 2.4862e+01 2.2252e+01 1.8718e-02 9.6909e+00 9.0702e+00 3.1508e+01
24 22 66.0000 68.0000 5.1982e-02 2.6781e+01 2.2330e+01 1.3742e-02 1.0531e+01 9.0319e+00 3.1875e+01
24 23 66.0000 67.0000 2.6230e-02 2.3657e+01 2.2679e+01 3.6020e-02 9.5969e+00 8.6581e+00 3.2767e+01
25 0 65.0000 90.0000 4.2247e-01 4.5063e+02 1.9127e+04 1.2911e-03 1.0637e+01 9.2305e+00 3.4603e+01
25 1 65.0000 89.0000 4.1419e-01 7.6216e+01 1.3384e+02 2.3759e-03 9.8231e+00 9.0118e+00 3.3533e+01
25 2 65.0000 88.0000 3.9744e-01 6.4589e+01 9.7080e+01 2.7709e-03 9.9842e+00 1.0164e+01 3.3606e+01
25 3 65.0000 87.0000 3.8635e-01 5.5166e+01 6.8919e+01 2.4559e-03 9.7677e+00 9.1132e+00 3.3412e+01
25 4 65.0000 86.0000 3.7395e-01 5.0520e+01 5.8279e+01 2.7097e-03 9.6614e+00 8.5630e+00 3.3266e+01
25 5 65.0000 85.0000 3.6709e-01 4.6238e+01 5.2681e+01 3.1787e-03 9.8451e+00 9.2877e+00 3.3965e+01
25 6 65.0000 84.0000 3.6066e-01 4.1924e+01 4.4943e+01 4.1748e-03 9.5749e+00 8.7497e+00 3.1526e+01
25 7 65.0000 83.0000 3.4104e-01 4.3939e+01 3.7584e+01 1.2496e-03 1.0633e+01 7.5528e+00 3.4937e+01
25 8 65.0000 82.0000 3.2739e-01 3.5633e+01 4.1983e+01 8.9067e-03 8.9466e+00 9.7802e+00 3.8183e+01
25 9 65.0000 81.0000 3.1642e-01 3.9430e+01 3.5442e+01 2.7514e-03 1.0526e+01 8.7639e+00 3.3796e+01
25 10 65.0000 80.0000 3.0921e-01 3.5866e+01 3.1712e+01 3.3111e-03 9.9359e+00 8.3259e+00 3.2288e+01
25 11 65.0000 79.0000 2.8179e-01 3.2929e+01 3.1335e+01 6.7457e-03 9.9583e+00 8.7787e+00 3.1551e+01
25 12 65.0000 78.0000 2.7225e-01 3.2962e+01 3.1977e+01 6.1406e-03 9.9261e+00 9.1667e+00 3.2438e+01
25 13 65.0000 77.0000 2.5341e-01 3.1609e+01 2.6647e+01 5.6087e-03 9.8016e+00 7.9822e+00 3.3021e+01
25 14 65.0000 76.0000 2.3708e-01 2.8865e+01 2.9306e+01 1.3414e-02 9.2884e+00 9.1140e+00 3.4384e+01
25 15 65.0000 75.0000 2.2265e-01 2.8617e+01 2.5346e+01 1.0607e-02 9.6808e+00 8.1244e+00 3.2989e+01
25 16 65.0000 74.0000 1.9970e-01 2.7022e+01 2.5584e+01 1.5433e-02 9.3601e+00 8.6579e+00 3.4148e+01
25 17 65.0000 73.0000 1.8927e-01 2.8629e+01 2.7971e+01 1.5166e-02 1.0407e+01 9.6536e+00 3.1947e+01
25 18 65.0000 72.0000 1.6292e-01 2.9032e+01 2.6149e+01 9.3469e-03 1.0741e+01 9.3653e+00 3.2035e+01
25 19 65.0000 71.0000 1.4605e-01 2.6688e+01 2.0282e+01 1.0496e-02 1.0158e+01 7.3561e+00 3.4166e+01
25 20 65.0000 70.0000 1.2274e-01 2.7047e+01 1.8781e+01 8.7241e-03 9.9091e+00 7.2430e+00 3.4235e+01
25 21 65.0000 69.0000 1.0212e-01 2.6962e+01 2.1957e+01 1.0629e-02 1.0592e+01 8.3940e+00 3.2514e+01
25 22 65.0000 68.0000 7.4694e-02 2.4936e+01 2.2937e+01 2.5616e-02 1.0058e+01 8.7776e+00 3.3163e+01
25 23 65.0000 67.0000 4.9776e-02 2.6038e+01 1.9776e+01 1.4200e-02 1.0642e+01 8.3911e+00 3.2423e+01
25 24 65.0000 66.0000 2.4203e-02 2.2551e+01 2.3071e+01 6.0036e-02 9.9776e+00 9.7398e+00 3.5822e+01
26 0 64.0000 90.0000 4.4221e-01 1.7477e+02 5.3184e+03 2.3815e-03 1.0376e+01 1.0718e+01 3.6969e+01
26 1 64.0000 89.0000 4.2694e-01 7.8062e+01 1.2924e+02 1.5297e-03 1.0185e+01 8.7984e+00 3.4437e+01
26 2 64.0000 88.0000 4.2069e-01 6.0940e+01 8.6025e+01 2.0926e-03 9.8691e+00 8.7213e+00 3.3166e+01
26 3 64.0000 87.0000 4.0614e-01 5.5197e+01 8.2055e+01 4.0056e-03 9.6599e+00 1.0931e+01 3.6940e+01
26 4 64.0000 86.0000 3.9756e-01 4.8943e+01 5.1369e+01 1.5108e-03 9.9995e+00 7.7639e+00 3.5535e+01
26 5 64.0000 85.0000 3.8271e-01 4.4021e+01 5.4345e+01 4.2423e-03 9.9473e+00 9.6710e+00 3.3537e+01
26 6 64.0000 84.0000 3.6930e-01 4.1849e+01 4.1161e+01 2.8787e-03 9.9797e+00 8.1615e+00 3.3707e+01
26 7 64.0000 83.0000 3.6274e-01 4.4826e+01 4.1615e+01 1.6681e-03 1.0875e+01 8.5734e+00 3.3861e+01
26 8 64.0000 82.0000 3.4605e-01 3.6794e+01 3.8079e+01 5.1250e-03 9.5448e+00 8.8182e+00 3.3904e+01
26 9 64.0000 81.0000 3.3234e-01 3.5432e+01 3.5611e+01 5.7378e-03 9.7277e+00 8.7876e+00 3.0703e+01
26 10 64.0000 80.0000 3.1928e-01 3.2904e+01 4.4018e+01 1.3554e-02 9.2285e+00 1.1875e+01 3.9877e+01
26 11 64.0000 79.0000 3.0784e-01 3.5115e+01 3.2746e+01 4.9057e-03 1.0328e+01 9.0999e+00 3.2819e+01
26 12 64.0000 78.0000 2.8346e-01 2.6080e+01 3.7691e+01 3.5689e-02 8.1685e+00 1.1162e+01 4.3269e+01
26 13 64.0000 77.0000 2.7428e-01 3.0930e+01 3.1207e+01 1.0770e-02 9.8506e+00 9.5836e+00 3.3924e+01
26 14 64.0000 76.0000 2.5007e-01 3.2727e+01 2.9036e+01 5.6879e-03 1.0889e+01 9.2650e+00 3.3921e+01
26 15 64.0000 75.0000 2.4632e-01 3.1634e+01 2.6606e+01 5.3001e-03 1.0872e+01 8.6536e+00 3.4229e+01
26 16 64.0000 74.0000 2.2426e-01 2.9137e+01 2.5930e+01 9.8560e-03 1.0038e+01 8.9808e+00 3.2922e+01
26 17 64.0000 73.0000 2.0316e-01 2.7946e+01 2.6287e+01 1.3657e-02 1.0037e+01 9.2954e+00 3.3566e+01
26 18 64.0000 72.0000 1.8665e-01 2.8678e+01 2.3718e+01 8.3906e-03 1.0708e+01 8.7426e+00 3.4158e+01
26 19 64.0000 71.0000 1.6799e-01 2.8161e+01 2.7293e+01 1.3082e-02 1.0620e+01 1.0466e+01 3.5484e+01
26 20 64.0000 70.0000 1.4689e-01 2.6824e+01 2.4012e+01 1.6213e-02 1.0352e+01 9.2635e+00 3.2930e+01
26 21 64.0000 69.0000 1.2721e-01 2.6537e+01 2.2695e+01 1.6731e-02 1.0516e+01 9.0694e+00 3.3790e+01
26 22 64.0000 68.0000 1.0188e-01 2.5547e+01 1.9488e+01 1.3507e-02 1.0618e+01 7.7639e+00 3.5847e+01
26 23 64.0000 67.0000 7.7854e-02 2.4528e+01 1.9712e+01 1.7404e-02 9.9149e+00 8.2911e+00 3.4104e+01
26 24 64.0000 66.0000 5.2996e-02 2.2282e+01 2.5861e+01 5.9670e-02 9.1047e+00 1.0842e+01 3.9332e+01
26 25 64.0000 65.0000 2.6587e-02 2.3998e+01 1.8212e+01 1.4713e-02 1.0632e+01 7.7993e+00 3.3965e+01
27 0 63.0000 90.0000 4.4775e-01 2.0850e+02 2.3674e+03 2.0801e-03 1.0191e+01 9.3759e+00 3.3855e+01
27 1 63.0000 89.0000 4.4167e-01 7.9897e+01 1.2316e+02 6.9981e-04 1.0644e+01 7.7312e+00 3.5780e+01
27 2 63.0000 88.0000 4.3607e-01 6.3920e+01 9.5094e+01 2.3860e-03 1.0359e+01 9.9160e+00 3.6225e+01
27 3 63.0000 87.0000 4.2450e-01 5.6901e+01 6.9939e+01 1.9248e-03 1.0535e+01 8.9473e+00 3.5669e+01
27 4 63.0000 86.0000 4.1210e-01 4.6536e+01 6.1671e+01 5.1521e-03 9.6006e+00 1.0013e+01 3.5716e+01
27 5 63.0000 85.0000 4.0054e-01 4.5733e+01 5.4164e+01 4.0567e-03 1.0317e+01 9.8976e+00 3.4961e+01
27 6 63.0000 84.0000 3.9016e-01 3.9908e+01 4.5247e+01 4.9977e-03 9.6973e+00 9.0345e+00 3.5416e+01
27 7 63.0000 83.0000 3.7872e-01 3.9928e+01 4.1893e+01 4.2797e-03 1.0298e+01 8.9908e+00 3.4542e+01
27 8 63.0000 82.0000 3.6119e-01 3.9429e+01 3.3906e+01 2.0391e-03 1.0679e+01 8.0000e+00 3.6269e+01
27 9 63.0000 81.0000 3.5118e-01 3.7557e+01 4.2751e+01 6.5880e-03 1.0321e+01 1.1276e+01 3.9008e+01
27 10 63.0000 80.0000 3.3836e-01 3.6676e+01 3.4136e+01 3.7102e-03 1.0862e+01 9.1196e+00 3.6914e+01
27 11 63.0000 79.0000 3.2173e-01 3.3467e+01 3.0081e+01 5.5602e-03 1.0220e+01 8.6327e+00 3.4425e+01
27 12 63.0000 78.0000 3.1362e-01 3.5035e+01 2.7459e+01 2.4986e-03 1.0842e+01 8.1735e+00 3.5233e+01
27 13 63.0000 77.0000 2.9115e-01 3.2303e+01 2.7945e+01 5.3673e-03 1.0419e+01 8.4455e+00 3.4555e+01
27 14 63.0000 76.0000 2.7452e-01 2.8600e+01 3.1704e+01 1.8114e-02 9.7354e+00 1.0372e+01 3.7107e+01
27 15 63.0000 75.0000 2.5592e-01 2.8456e+01 3.1123e+01 1.5464e-02 9.7444e+00 1.0661e+01 3.7501e+01
27 16 63.0000 74.0000 2.4608e-01 2.6376e+01 2.4776e+01 1.7987e-02 9.5654e+00 8.6314e+00 3.3553e+01
27 17 63.0000 73.0000 2.3022e-01 2.5792e+01 2.9611e+01 2.6556e-02 9.6792e+00 1.0528e+01 3.6463e+01
27 18 63.0000 72.0000 2.0727e-01 2.8958e+01 2.9834e+01 1.1872e-02 1.1095e+01 1.1000e+01 4.1885e+01
27 19 63.0000 71.0000 1.8462e-01 2.8631e+01 2.5972e+01 1.2414e-02 1.0860e+01 9.6409e+00 3.7369e+01
27 20 63.0000 70.0000 1.7353e-01 2.4056e+01 2.3547e+01 3.3613e-02 9.5784e+00 9.3000e+00 3.5087e+01
27 21 63.0000 69.0000 1.4778e-01 2.5191e+01 2.1342e+01 1.7980e-02 1.0443e+01 8.5940e+00 3.5635e+01
27 22 63.0000 68.0000 1.2894e-01 2.5397e+01 2.0849e+01 1.6379e-02 1.0436e+01 8.6905e+00 3.4155e+01
27 23 63.0000 67.0000 1.0188e-01 2.5155e+01 2.1416e+01 1.4448e-02 1.0520e+01 8.9838e+00 3.5287e+01
27 24 63.0000 66.0000 7.7675e-02 2.2291e+01 1.9282e+01 4.3493e-02 9.6180e+00 8.0216e+00 3.6671e+01
27 25 63.0000 65.0000 5.5738e-02 2.3094e+01 1.8855e+01 3.3445e-02 1.0390e+01 8.2095e+00 3.6286e+01
27 26 63.0000 64.0000 2.8495e-02 2.3209e+01 2.3714e+01 3.1414e-02 9.1418e+00 1.0743e+01 3.7849e+01
28 0 62.0000 90.0000 4.7374e-01 2.0990e+02 2.8440e+03 1.5556e-03 1.0580e+01 9.1743e+00 3.5127e+01
28 1 62.0000 89.0000 4.6194e-01 6.5511e+01 1.2897e+02 5.1290e-03 9.1909e+00 9.8460e+00 3.8463e+01
28 2 62.0000 88.0000 4.5121e-01 5.4448e+01 9.0009e+01 6.0982e-03 9.4984e+00 1.0273e+01 3.6858e+01
28 3 62.0000 87.0000 4.3696e-01 5.2238e+01 8.0734e+01 5.6606e-03 1.0110e+01 1.1573e+01 4.2438e+01
28 4 62.0000 86.0000 4.3112e-01 5.4500e+01 5.7654e+01 9.7972e-04 1.1423e+01 8.8005e+00 3.7138e+01
28 5 62.0000 85.0000 4.2349e-01 4.3715e+01 5.3744e+01 5.5466e-03 9.9252e+00 1.0022e+01 3.5339e+01
28 6 62.0000 84.0000 4.0996e-01 4.2195e+01 4.3921e+01 3.4834e-03 1.0076e+01 8.5523e+00 3.6666e+01
28 7 62.0000 83.0000 3.9613e-01 3.9984e+01 4.3085e+01 4.4577e-03 1.0347e+01 9.6259e+00 3.4865e+01
28 8 62.0000 82.0000 3.8235e-01 3.8888e+01 4.2745e+01 5.1012e-03 1.0746e+01 1.0332e+01 3.8729e+01
28 9 62.0000 81.0000 3.7300e-01 3.5771e+01 4.3206e+01 8.8929e-03 1.0259e+01 1.1177e+01 4.2545e+01
28 10 62.0000 80.0000 3.5201e-01 3.6788e+01 3.3423e+01 4.0038e-03 1.1019e+01 8.9965e+00 3.7473e+01
28 11 62.0000 79.0000 3.4456e-01 3.3295e+01 3.3670e+01 7.8370e-03 9.9305e+00 9.7721e+00 3.7331e+01
28 12 62.0000 78.0000 3.2173e-01 3.2547e+01 3.1494e+01 7.4695e-03 1.0393e+01 9.5163e+00 3.7049e+01
28 13 62.0000 77.0000 3.1928e-01 3.2433e+01 2.7512e+01 5.1312e-03 1.0903e+01 8.8217e+00 3.6960e+01
28 14 62.0000 76.0000 2.9914e-01 2.6931e+01 2.6520e+01 1.9881e-02 9.2678e+00 8.7466e+00 3.6422e+01
28 15 62.0000 75.0000 2.8227e-01 2.8864e+01 2.6607e+01 1.3211e-02 1.0199e+01 9.1319e+00 3.6987e+01
28 16 62.0000 74.0000 2.6218e-01 2.5987e+01 2.2727e+01 1.7184e-02 9.3006e+00 8.0177e+00 4.2425e+01
28 17 62.0000 73.0000 2.4912e-01 2.8412e+01 2.1751e+01 6.7000e-03 1.0597e+01 8.0247e+00 3.7213e+01
28 18 62.0000 72.0000 2.3183e-01 2.7569e+01 2.2322e+01 1.0259e-02 1.0394e+01 8.4332e+00 3.6840e+01
28 19 62.0000 71.0000 2.0954e-01 2.5980e+01 2.7368e+01 2.2850e-02 1.0389e+01 1.0628e+01 3.8027e+01
28 20 62.0000 70.0000 1.9547e-01 2.6793e+01 2.4607e+01 1.7776e-02 1.0496e+01 9.7051e+00 3.6718e+01
28 21 62.0000 69.0000 1.7317e-01 2.1666e+01 2.8795e+01 6.0197e-02 8.6720e+00 1.1698e+01 4.3983e+01
28 22 62.0000 68.0000 1.4981e-01 2.5999e+01 2.1323e+01 1.5504e-02 1.0752e+01 8.7166e+00 3.7239e+01
28 23 62.0000 67.0000 1.2817e-01 2.4660e+01 2.5306e+01 2.7797e-02 1.0854e+01 1.0860e+01 3.9724e+01
28 24 62.0000 66.0000 1.0969e-01 2.4384e+01 2.0744e+01 2.8173e-02 1.0468e+01 8.8800e+00 3.6245e+01
28 25 62.0000 65.0000 7.8808e-02 2.3809e+01 2.4404e+01 3.6879e-02 1.0321e+01 1.0876e+01 3.8603e+01
28 26 62.0000 64.0000 5.5797e-02 2.2269e+01 1.8264e+01 3.4826e-02 1.0127e+01 8.3309e+00 3.6845e+01
28 27 62.0000 63.0000 2.6647e-02 2.1316e+01 1.8823e+01 5.9601e-02 1.0082e+01 8.1098e+00 3.8292e+01
29 0 61.0000 90.0000 4.8441e-01 1.3205e+02 1.0384e+03 3.5678e-03 9.8422e+00 9.5661e+00 3.9834e+01
29 1 61.0000 89.0000 4.7833e-01 7.1757e+01 1.4212e+02 3.7853e-03 1.0185e+01 1.0382e+01 3.7230e+01
29 2 61.0000 88.0000 4.6593e-01 6.0983e+01 9.5571e+01 3.4349e-03 1.0563e+01 1.0666e+01 3.8628e+01
29 3 61.0000 87.0000 4.5765e-01 5.7715e+01 7.5892e+01 2.1047e-03 1.1185e+01 1.0229e+01 4.0031e+01
29 4 61.0000 86.0000 4.4835e-01 4.4275e+01 6.2966e+01 7.3189e-03 9.5407e+00 1.0453e+01 4.1352e+01
29 5 61.0000 85.0000 4.3785e-01 4.8315e+01 5.1702e+01 2.1772e-03 1.1094e+01 9.1282e+00 3.7014e+01
29 6 61.0000 84.0000 4.2665e-01 4.5205e+01 4.6724e+01 2.5382e-03 1.1054e+01 9.1952e+00 3.7791e+01
29 7 61.0000 83.0000 4.0692e-01 3.8280e+01 3.8436e+01 5.0783e-03 1.0264e+01 8.5750e+00 3.9504e+01
29 8 61.0000 82.0000 3.9297e-01 3.6520e+01 4.2471e+01 7.9833e-03 9.9767e+00 1.0548e+01 3.8184e+01
29 9 61.0000 81.0000 3.8921e-01 3.3599e+01 4.7234e+01 1.5485e-02 9.8541e+00 1.2612e+01 4.4821e+01
29 10 61.0000 80.0000 3.7168e-01 3.3715e+01 3.3493e+01 7.4252e-03 1.0128e+01 9.1312e+00 3.8708e+01
29 11 61.0000 79.0000 3.5654e-01 2.9232e+01 4.0357e+01 2.2285e-02 9.1075e+00 1.2110e+01 4.4073e+01
29 12 61.0000 78.0000 3.4325e-01 3.0068e+01 3.2542e+01 1.3476e-02 9.9844e+00 1.0301e+01 4.0551e+01
29 13 61.0000 77.0000 3.3639e-01 2.8454e+01 2.6851e+01 1.3894e-02 9.6322e+00 8.4722e+00 3.9556e+01
29 14 61.0000 76.0000 3.1875e-01 3.0704e+01 3.0148e+01 1.0211e-02 1.0754e+01 1.0000e+01 3.7667e+01
29 15 61.0000 75.0000 3.0468e-01 2.7224e+01 2.6962e+01 1.6315e-02 9.7884e+00 9.3464e+00 3.8279e+01
29 16 61.0000 74.0000 2.9443e-01 2.6644e+01 3.0147e+01 2.0210e-02 9.9029e+00 1.0982e+01 4.0862e+01
29 17 61.0000 73.0000 2.7624e-01 2.7851e+01 2.8400e+01 1.5214e-02 1.0471e+01 1.0462e+01 3.8280e+01
29 18 61.0000 72.0000 2.5550e-01 2.8437e+01 2.6288e+01 1.1985e-02 1.0769e+01 9.9787e+00 3.7561e+01
29 19 61.0000 71.0000 2.3762e-01 2.6441e+01 2.0652e+01 1.1131e-02 1.0683e+01 8.1963e+00 3.8199e+01
29 20 61.0000 70.0000 2.2104e-01 2.5899e+01 2.4092e+01 1.7865e-02 1.0865e+01 9.9563e+00 3.9423e+01
29 21 61.0000 69.0000 2.0000e-01 2.4429e+01 2.1022e+01 2.3224e-02 1.0248e+01 8.8747e+00 3.7087e+01
29 22 61.0000 68.0000 1.7860e-01 2.6871e+01 2.9671e+01 2.1703e-02 1.1366e+01 1.2718e+01 4.9065e+01
29 23 61.0000 67.0000 1.5386e-01 2.3061e+01 2.2475e+01 3.2954e-02 9.7445e+00 9.7639e+00 3.8875e+01
29 24 61.0000 66.0000 1.3669e-01 2.3595e+01 2.8462e+01 4.1323e-02 1.0077e+01 1.2199e+01 4.4260e+01
29 25 61.0000 65.0000 1.0730e-01 2.3021e+01 2.2329e+01 3.0564e-02 1.0538e+01 1.0119e+01 3.7807e+01
29 26 61.0000 64.0000 8.3636e-02 2.2159e+01 2.1601e+01 4.1270e-02 1.0644e+01 1.0009e+01 3.7101e+01
29 27 61.0000 63.0000 5.6692e-02 2.3209e+01 2.2087e+01 2.9357e-02 1.0815e+01 9.9843e+00 3.6147e+01
29 28 61.0000 62.0000 2.9866e-02 2.1578e+01 2.1669e+01 3.9401e-02 1.0031e+01 1.0183e+01 3.7713e+01
30 0 60.0000 90.0000 4.9961e-01 2.6222e+02 1.0360e+04 7.1967e-03 9.8022e+00 1.1692e+01 3.9697e+01
30 1 60.0000 89.0000 4.9395e-01 7.0318e+01 1.3157e+02 3.0383e-03 1.0199e+01 9.3891e+00 3.8033e+01
30 2 60.0000 88.0000 4.7869e-01 5.3762e+01 8.6278e+01 5.4937e-03 9.7594e+00 9.8369e+00 4.0068e+01
30 3 60.0000 87.0000 4.6957e-01 5.1874e+01 6.7265e+01 3.2265e-03 1.0624e+01 8.9644e+00 3.6888e+01
30 4 60.0000 86.0000 4.6826e-01 4.5522e+01 5.4937e+01 4.1342e-03 9.8415e+00 8.9999e+00 3.6707e+01
30 5 60.0000 85.0000 4.4846e-01 4.3572e+01 5.7285e+01 6.5306e-03 1.0333e+01 1.0885e+01 4.0388e+01
30 6 60.0000 84.0000 4.4328e-01 4.2761e+01 4.3893e+01 2.7822e-03 1.0837e+01 9.2279e+00 3.7505e+01
30 7 60.0000 83.0000 4.3004e-01 3.7726e+01 4.4126e+01 7.4140e-03 1.0199e+01 1.0046e+01 3.8532e+01
30 8 60.0000 82.0000 4.2134e-01 3.9896e+01 3.7796e+01 2.8404e-03 1.0980e+01 9.1409e+00 3.8806e+01
30 9 60.0000 81.0000 4.0566e-01 3.1918e+01 3.7056e+01 1.4359e-02 9.2396e+00 9.8763e+00 3.9695e+01
30 10 60.0000 80.0000 4.0209e-01 3.0767e+01 3.2676e+01 1.3977e-02 9.5255e+00 9.2337e+00 4.1052e+01
30 11 60.0000 79.0000 3.8373e-01 2.8833e+01 3.4059e+01 1.9117e-02 9.2927e+00 1.0169e+01 4.1108e+01
30 12 60.0000 78.0000 3.6918e-01 3.0431e+01 2.7076e+01 9.5755e-03 9.9696e+00 8.3820e+00 3.8984e+01
30 13 60.0000 77.0000 3.6197e-01 3.1739e+01 2.7670e+01 6.3252e-03 1.1037e+01 9.0000e+00 3.7879e+01
30 14 60.0000 76.0000 3.4265e-01 2.7568e+01 2.9865e+01 1.9825e-02 9.9454e+00 1.0234e+01 3.9274e+01
30 15 60.0000 75.0000 3.2483e-01 2.7789e+01 2.8199e+01 1.8551e-02 1.0062e+01 9.9900e+00 3.9340e+01
30 16 60.0000 74.0000 3.0593e-01 2.8558e+01 2.9256e+01 1.3845e-02 1.0863e+01 1.0667e+01 4.1554e+01
30 17 60.0000 73.0000 2.9377e-01 2.6182e+01 2.9553e+01 2.3154e-02 1.0007e+01 1.1120e+01 3.8890e+01
30 18 60.0000 72.0000 2.7636e-01 2.4979e+01 2.7966e+01 2.8762e-02 1.0051e+01 1.0944e+01 3.8351e+01
30 19 60.0000 71.0000 2.5800e-01 2.5307e+01 2.4559e+01 2.3434e-02 1.0236e+01 9.9702e+00 3.8860e+01
30 20 60.0000 70.0000 2.4167e-01 2.3999e+01 1.9055e+01 2.5368e-02 1.0105e+01 7.9072e+00 4.2105e+01
30 21 60.0000 69.0000 2.1556e-01 2.2696e+01 2.2226e+01 3.9655e-02 9.4688e+00 9.3127e+00 3.9718e+01
30 22 60.0000 68.0000 2.0483e-01 2.3536e+01 2.2026e+01 3.1763e-02 1.0301e+01 9.6941e+00 3.6956e+01
30 23 60.0000 