# SIMULATION OUTPUT
# i, j, thmin, thmax, f_bal, mean, std_dev, ks_p_value
0 0 90.0000 90.0000 0.0000e+00 0.0000e+00 0.0000e+00 0.0000e+00
0 1 90.0000 85.0000 0.0000e+00 0.0000e+00 0.0000e+00 0.0000e+00
0 2 90.0000 80.0000 0.0000e+00 0.0000e+00 0.0000e+00 0.0000e+00
0 3 90.0000 75.0000 0.0000e+00 0.0000e+00 0.0000e+00 0.0000e+00
0 4 90.0000 70.0000 0.0000e+00 0.0000e+00 0.0000e+00 0.0000e+00
0 5 90.0000 65.0000 0.0000e+00 0.0000e+00 0.0000e+00 0.0000e+00
0 6 90.0000 60.0000 0.0000e+00 0.0000e+00 0.0000e+00 0.0000e+00
0 7 90.0000 55.0000 0.0000e+00 0.0000e+00 0.0000e+00 0.0000e+00
0 8 90.0000 50.0000 0.0000e+00 0.0000e+00 0.0000e+00 0.0000e+00
0 9 90.0000 45.0000 0.0000e+00 0.0000e+00 0.0000e+00 0.0000e+00
0 10 90.0000 40.0000 0.0000e+00 0.0000e+00 0.0000e+00 0.0000e+00
0 11 90.0000 35.0000 0.0000e+00 0.0000e+00 0.0000e+00 0.0000e+00
0 12 90.0000 30.0000 0.0000e+00 0.0000e+00 0.0000e+00 0.0000e+00
0 13 90.0000 25.0000 0.0000e+00 0.0000e+00 0.0000e+00 0.0000e+00
0 14 90.0000 20.0000 0.0000e+00 0.0000e+00 0.0000e+00 0.0000e+00
0 15 90.0000 15.0000 0.0000e+00 0.0000e+00 0.0000e+00 0.0000e+00
0 16 90.0000 10.0000 0.0000e+00 0.0000e+00 0.0000e+00 0.0000e+00
0 17 90.0000 5.0000 0.0000e+00 0.0000e+00 0.0000e+00 0.0000e+00
1 0 85.0000 90.0000 8.6855e-02 1.0983e+03 9.9014e+03 6.5172e-30
1 1 85.0000 85.0000 0.0000e+00 0.0000e+00 0.0000e+00 0.0000e+00
1 2 85.0000 80.0000 0.0000e+00 0.0000e+00 0.0000e+00 0.0000e+00
1 3 85.0000 75.0000 0.0000e+00 0.0000e+00 0.0000e+00 0.0000e+00
1 4 85.0000 70.0000 0.0000e+00 0.0000e+00 0.0000e+00 0.0000e+00
1 5 85.0000 65.0000 0.0000e+00 0.0000e+00 0.0000e+00 0.0000e+00
1 6 85.0000 60.0000 0.0000e+00 0.0000e+00 0.0000e+00 0.0000e+00
1 7 85.0000 55.0000 0.0000e+00 0.0000e+00 0.0000e+00 0.0000e+00
1 8 85.0000 50.0000 0.0000e+00 0.0000e+00 0.0000e+00 0.0000e+00
1 9 85.0000 45.0000 0.0000e+00 0.0000e+00 0.0000e+00 0.0000e+00
1 10 85.0000 40.0000 0.0000e+00 0.0000e+00 0.0000e+00 0.0000e+00
1 11 85.0000 35.0000 0.0000e+00 0.0000e+00 0.0000e+00 0.0000e+00
1 12 85.0000 30.0000 0.0000e+00 0.0000e+00 0.0000e+00 0.0000e+00
1 13 85.0000 25.0000 0.0000e+00 0.0000e+00 0.0000e+00 0.0000e+00
1 14 85.0000 20.0000 0.0000e+00 0.0000e+00 0.0000e+00 0.0000e+00
1 15 85.0000 15.0000 0.0000e+00 0.0000e+00 0.0000e+00 0.0000e+00
1 16 85.0000 10.0000 0.0000e+00 0.0000e+00 0.0000e+00 0.0000e+00
1 17 85.0000 5.0000 0.0000e+00 0.0000e+00 0.0000e+00 0.0000e+00
2 0 80.0000 90.0000 1.7091e-01 5.3335e+02 5.3959e+03 2.4790e-22
2 1 80.0000 85.0000 8.4054e-02 6.9113e+01 4.2664e+01 9.5401e-18
2 2 80.0000 80.0000 0.0000e+00 0.0000e+00 0.0000e+00 0.0000e+00
2 3 80.0000 75.0000 0.0000e+00 0.0000e+00 0.0000e+00 0.0000e+00
2 4 80.0000 70.0000 0.0000e+00 0.0000e+00 0.0000e+00 0.0000e+00
2 5 80.0000 65.0000 0.0000e+00 0.0000e+00 0.0000e+00 0.0000e+00
2 6 80.0000 60.0000 0.0000e+00 0.0000e+00 0.0000e+00 0.0000e+00
2 7 80.0000 55.0000 0.0000e+00 0.0000e+00 0.0000e+00 0.0000e+00
2 8 80.0000 50.0000 0.0000e+00 0.0000e+00 0.0000e+00 0.0000e+00
2 9 80.0000 45.0000 0.0000e+00 0.0000e+00 0.0000e+00 0.0000e+00
2 10 80.0000 40.0000 0.0000e+00 0.0000e+00 0.0000e+00 0.0000e+00
2 11 80.0000 35.0000 0.0000e+00 0.0000e+00 0.0000e+00 0.0000e+00
2 12 80.0000 30.0000 0.0000e+00 0.0000e+00 0.0000e+00 0.0000e+00
2 13 80.0000 25.0000 0.0000e+00 0.0000e+00 0.0000e+00 0.0000e+00
2 14 80.0000 20.0000 0.0000e+00 0.0000e+00 0.0000e+00 0.0000e+00
2 15 80.0000 15.0000 0.0000e+00 0.0000e+00 0.0000e+00 0.0000e+00
2 16 80.0000 10.0000 0.0000e+00 0.0000e+00 0.0000e+00 0.0000e+00
2 17 80.0000 5.0000 0.0000e+00 0.0000e+00 0.0000e+00 0.0000e+00
3 0 75.0000 90.0000 2.5645e-01 3.4911e+02 3.3841e+03 8.5449e-17
3 1 75.0000 85.0000 1.6960e-01 6.0578e+01 4.4816e+01 4.3663e-14
3 2 75.0000 80.0000 8.5544e-02 3.8772e+01 2.3366e+01 7.7573e-10
3 3 75.0000 75.0000 0.0000e+00 0.0000e+00 0.0000e+00 0.0000e+00
3 4 75.0000 70.0000 0.0000e+00 0.0000e+00 0.0000e+00 0.0000e+00
3 5 75.0000 65.0000 0.0000e+00 0.0000e+00 0.0000e+00 0.0000e+00
3 6 75.0000 60.0000 0.0000e+00 0.0000e+00 0.0000e+00 0.0000e+00
3 7 75.0000 55.0000 0.0000e+00 0.0000e+00 0.0000e+00 0.0000e+00
3 8 75.0000 50.0000 0.0000e+00 0.0000e+00 0.0000e+00 0.0000e+00
3 9 75.0000 45.0000 0.0000e+00 0.0000e+00 0.0000e+00 0.0000e+00
3 10 75.0000 40.0000 0.0000e+00 0.0000e+00 0.0000e+00 0.0000e+00
3 11 75.0000 35.0000 0.0000e+00 0.0000e+00 0.0000e+00 0.0000e+00
3 12 75.0000 30.0000 0.0000e+00 0.0000e+00 0.0000e+00 0.0000e+00
3 13 75.0000 25.0000 0.0000e+00 0.0000e+00 0.0000e+00 0.0000e+00
3 14 75.0000 20.0000 0.0000e+00 0.0000e+00 0.0000e+00 0.0000e+00
3 15 75.0000 15.0000 0.0000e+00 0.0000e+00 0.0000e+00 0.0000e+00
3 16 75.0000 10.0000 0.0000e+00 0.0000e+00 0.0000e+00 0.0000e+00
3 17 75.0000 5.0000 0.0000e+00 0.0000e+00 0.0000e+00 0.0000e+00
4 0 70.0000 90.0000 3.4069e-01 1.9335e+02 3.1104e+03 3.3273e-10
4 1 70.0000 85.0000 2.5383e-01 5.4865e+01 4.5277e+01 4.6315e-12
4 2 70.0000 80.0000 1.6978e-01 3.8725e+01 2.6334e+01 4.1191e-09
4 3 70.0000 75.0000 8.4232e-02 2.7542e+01 1.6378e+01 5.5321e-07
4 4 70.0000 70.0000 0.0000e+00 0.0000e+00 0.0000e+00 0.0000e+00
4 5 70.0000 65.0000 0.0000e+00 0.0000e+00 0.0000e+00 0.0000e+00
4 6 70.0000 60.0000 0.0000e+00 0.0000e+00 0.0000e+00 0.0000e+00
4 7 70.0000 55.0000 0.0000e+00 0.0000e+00 0.0000e+00 0.0000e+00
4 8 70.0000 50.0000 0.0000e+00 0.0000e+00 0.0000e+00 0.0000e+00
4 9 70.0000 45.0000 0.0000e+00 0.0000e+00 0.0000e+00 0.0000e+00
4 10 70.0000 40.0000 0.0000e+00 0.0000e+00 0.0000e+00 0.0000e+00
4 11 70.0000 35.0000 0.0000e+00 0.0000e+00 0.0000e+00 0.0000e+00
4 12 70.0000 30.0000 0.0000e+00 0.0000e+00 0.0000e+00 0.0000e+00
4 13 70.0000 25.0000 0.0000e+00 0.0000e+00 0.0000e+00 0.0000e+00
4 14 70.0000 20.0000 0.0000e+00 0.0000e+00 0.0000e+00 0.0000e+00
4 15 70.0000 15.0000 0.0000e+00 0.0000e+00 0.0000e+00 0.0000e+00
4 16 70.0000 10.0000 0.0000e+00 0.0000e+00 0.0000e+00 0.0000e+00
4 17 70.0000 5.0000 0.0000e+00 0.0000e+00 0.0000e+00 0.0000e+00
5 0 65.0000 90.0000 4.2098e-01 2.8053e+02 5.4084e+03 2.3118e-11
5 1 65.0000 85.0000 3.3413e-01 5.1394e+01 5.0480e+01 2.9828e-09
5 2 65.0000 80.0000 2.5007e-01 3.3718e+01 3.2712e+01 5.1045e-05
5 3 65.0000 75.0000 1.6453e-01 2.5503e+01 1.6851e+01 9.5803e-06
5 4 65.0000 70.0000 8.0298e-02 2.0613e+01 1.1813e+01 9.2987e-05
5 5 65.0000 65.0000 0.0000e+00 0.0000e+00 0.0000e+00 0.0000e+00
5 6 65.0000 60.0000 0.0000e+00 0.0000e+00 0.0000e+00 0.0000e+00
5 7 65.0000 55.0000 0.0000e+00 0.0000e+00 0.0000e+00 0.0000e+00
5 8 65.0000 50.0000 0.0000e+00 0.0000e+00 0.0000e+00 0.0000e+00
5 9 65.0000 45.0000 0.0000e+00 0.0000e+00 0.0000e+00 0.0000e+00
5 10 65.0000 40.0000 0.0000e+00 0.0000e+00 0.0000e+00 0.0000e+00
5 11 65.0000 35.0000 0.0000e+00 0.0000e+00 0.0000e+00 0.0000e+00
5 12 65.0000 30.0000 0.0000e+00 0.0000e+00 0.0000e+00 0.0000e+00
5 13 65.0000 25.0000 0.0000e+00 0.0000e+00 0.0000e+00 0.0000e+00
5 14 65.0000 20.0000 0.0000e+00 0.0000e+00 0.0000e+00 0.0000e+00
5 15 65.0000 15.0000 0.0000e+00 0.0000e+00 0.0000e+00 0.0000e+00
5 16 65.0000 10.0000 0.0000e+00 0.0000e+00 0.0000e+00 0.0000e+00
5 17 65.0000 5.0000 0.0000e+00 0.0000e+00 0.0000e+00 0.0000e+00
6 0 60.0000 90.0000 5.0075e-01 1.7881e+02 2.7609e+03 4.0840e-06
6 1 60.0000 85.0000 4.1389e-01 4.6919e+01 4.2622e+01 1.2365e-08
6 2 60.0000 80.0000 3.2984e-01 2.7613e+01 2.2943e+01 7.5688e-05
6 3 60.0000 75.0000 2.4429e-01 2.2532e+01 1.5162e+01 1.2293e-04
6 4 60.0000 70.0000 1.6006e-01 1.9683e+01 1.0547e+01 3.7005e-05
6 5 60.0000 65.0000 7.9762e-02 1.7922e+01 9.5873e+00 1.1813e-04
6 6 60.0000 60.0000 0.0000e+00 0.0000e+00 0.0000e+00 0.0000e+00
6 7 60.0000 55.0000 0.0000e+00 0.0000e+00 0.0000e+00 0.0000e+00
6 8 60.0000 50.0000 0.0000e+00 0.0000e+00 0.0000e+00 0.0000e+00
6 9 60.0000 45.0000 0.0000e+00 0.0000e+00 0.0000e+00 0.0000e+00
6 10 60.0000 40.0000 0.0000e+00 0.0000e+00 0.0000e+00 0.0000e+00
6 11 60.0000 35.0000 0.0000e+00 0.0000e+00 0.0000e+00 0.0000e+00
6 12 60.0000 30.0000 0.0000e+00 0.0000e+00 0.0000e+00 0.0000e+00
6 13 60.0000 25.0000 0.0000e+00 0.0000e+00 0.0000e+00 0.0000e+00
6 14 60.0000 20.0000 0.0000e+00 0.0000e+00 0.0000e+00 0.0000e+00
6 15 60.0000 15.0000 0.0000e+00 0.0000e+00 0.0000e+00 0.0000e+00
6 16 60.0000 10.0000 0.0000e+00 0.0000e+00 0.0000e+00 0.0000e+00
6 17 60.0000 5.0000 0.0000e+00 0.0000e+00 0.0000e+00 0.0000e+00
7 0 55.0000 90.0000 5.7610e-01 1.5897e+02 2.8741e+03 1.6003e-06
7 1 55.0000 85.0000 4.8924e-01 4.3736e+01 4.1180e+01 9.0872e-08
7 2 55.0000 80.0000 4.0519e-01 3.6035e+01 3.3940e+01 8.7741e-06
7 3 55.0000 75.0000 3.1964e-01 1.9368e+01 1.5618e+01 1.1232e-02
7 4 55.0000 70.0000 2.3541e-01 1.7451e+01 1.1232e+01 5.3354e-03
7 5 55.0000 65.0000 1.5511e-01 1.5780e+01 8.0988e+00 1.8571e-03
7 6 55.0000 60.0000 7.5350e-02 1.5569e+01 8.1200e+00 2.4074e-03
7 7 55.0000 55.0000 0.0000e+00 0.0000e+00 0.0000e+00 0.0000e+00
7 8 55.0000 50.0000 0.0000e+00 0.0000e+00 0.0000e+00 0.0000e+00
7 9 55.0000 45.0000 0.0000e+00 0.0000e+00 0.0000e+00 0.0000e+00
7 10 55.0000 40.0000 0.0000e+00 0.0000e+00 0.0000e+00 0.0000e+00
7 11 55.0000 35.0000 0.0000e+00 0.0000e+00 0.0000e+00 0.0000e+00
7 12 55.0000 30.0000 0.0000e+00 0.0000e+00 0.0000e+00 0.0000e+00
7 13 55.0000 25.0000 0.0000e+00 0.0000e+00 0.0000e+00 0.0000e+00
7 14 55.0000 20.0000 0.0000e+00 0.0000e+00 0.0000e+00 0.0000e+00
7 15 55.0000 15.0000 0.0000e+00 0.0000e+00 0.0000e+00 0.0000e+00
7 16 55.0000 10.0000 0.0000e+00 0.0000e+00 0.0000e+00 0.0000e+00
7 17 55.0000 5.0000 0.0000e+00 0.0000e+00 0.0000e+00 0.0000e+00
8 0 50.0000 90.0000 6.4751e-01 2.4759e+02 7.6461e+03 8.6069e-06
8 1 50.0000 85.0000 5.6066e-01 3.9563e+01 4.3427e+01 7.9375e-06
8 2 50.0000 80.0000 4.7660e-01 2.8614e+01 4.4946e+01 1.8207e-03
8 3 50.0000 75.0000 3.9106e-01 1.7946e+01 1.3963e+01 1.8758e-02
8 4 50.0000 70.0000 3.0683e-01 1.5508e+01 9.1045e+00 7.4570e-03
8 5 50.0000 65.0000 2.2653e-01 1.3979e+01 7.6752e+00 6.1998e-04
8 6 50.0000 60.0000 1.4677e-01 1.3437e+01 5.8889e+00 6.5794e-05
8 7 50.0000 55.0000 7.1416e-02 1.2620e+01 6.6867e+00 1.2462e-04
8 8 50.0000 50.0000 0.0000e+00 0.0000e+00 0.0000e+00 0.0000e+00
8 9 50.0000 45.0000 0.0000e+00 0.0000e+00 0.0000e+00 0.0000e+00
8 10 50.0000 40.0000 0.0000e+00 0.0000e+00 0.0000e+00 0.0000e+00
8 11 50.0000 35.0000 0.0000e+00 0.0000e+00 0.0000e+00 0.0000e+00
8 12 50.0000 30.0000 0.0000e+00 0.0000e+00 0.0000e+00 0.0000e+00
8 13 50.0000 25.0000 0.0000e+00 0.0000e+00 0.0000e+00 0.0000e+00
8 14 50.0000 20.0000 0.0000e+00 0.0000e+00 0.0000e+00 0.0000e+00
8 15 50.0000 15.0000 0.0000e+00 0.0000e+00 0.0000e+00 0.0000e+00
8 16 50.0000 10.0000 0.0000e+00 0.0000e+00 0.0000e+00 0.0000e+00
8 17 50.0000 5.0000 0.0000e+00 0.0000e+00 0.0000e+00 0.0000e+00
9 0 45.0000 90.0000 7.1308e-01 1.6674e+02 4.8610e+03 2.0610e-04
9 1 45.0000 85.0000 6.2623e-01 3.8135e+01 4.1868e+01 1.6501e-05
9 2 45.0000 80.0000 5.4218e-01 2.4595e+01 2.9484e+01 2.8995e-02
9 3 45.0000 75.0000 4.5663e-01 1.6027e+01 1.1790e+01 3.1915e-02
9 4 45.0000 70.0000 3.7240e-01 1.2650e+01 9.4425e+00 2.2074e-03
9 5 45.0000 65.0000 2.9210e-01 1.2886e+01 6.7304e+00 2.0661e-04
9 6 45.0000 60.0000 2.1234e-01 1.1539e+01 5.8416e+00 9.6155e-06
9 7 45.0000 55.0000 1.3699e-01 1.1841e+01 5.4356e+00 8.2272e-06
9 8 45.0000 50.0000 6.5574e-02 1.1768e+01 5.5167e+00 7.7510e-06
9 9 45.0000 45.0000 0.0000e+00 0.0000e+00 0.0000e+00 0.0000e+00
9 10 45.0000 40.0000 0.0000e+00 0.0000e+00 0.0000e+00 0.0000e+00
9 11 45.0000 35.0000 0.0000e+00 0.0000e+00 0.0000e+00 0.0000e+00
9 12 45.0000 30.0000 0.0000e+00 0.0000e+00 0.0000e+00 0.0000e+00
9 13 45.0000 25.0000 0.0000e+00 0.0000e+00 0.0000e+00 0.0000e+00
9 14 45.0000 20.0000 0.0000e+00 0.0000e+00 0.0000e+00 0.0000e+00
9 15 45.0000 15.0000 0.0000e+00 0.0000e+00 0.0000e+00 0.0000e+00
9 16 45.0000 10.0000 0.0000e+00 0.0000e+00 0.0000e+00 0.0000e+00
9 17 45.0000 5.0000 0.0000e+00 0.0000e+00 0.0000e+00 0.0000e+00
10 0 40.0000 90.0000 7.7276e-01 2.0367e+02 4.8747e+03 3.0483e-05
10 1 40.0000 85.0000 6.8590e-01 3.8392e+01 4.0634e+01 7.6129e-06
10 2 40.0000 80.0000 6.0185e-01 2.5346e+01 2.9171e+01 1.2914e-02
10 3 40.0000 75.0000 5.1630e-01 1.3333e+01 1.5673e+01 4.3318e-02
10 4 40.0000 70.0000 4.3207e-01 1.3204e+01 9.0808e+00 1.9288e-03
10 5 40.0000 65.0000 3.5177e-01 1.2394e+01 6.8023e+00 1.5771e-04
10 6 40.0000 60.0000 2.7201e-01 1.1522e+01 5.9074e+00 1.3718e-05
10 7 40.0000 55.0000 1.9666e-01 1.0308e+01 5.1075e+00 1.3194e-06
10 8 40.0000 50.0000 1.2525e-01 1.1018e+01 5.3029e+00 3.1970e-06
10 9 40.0000 45.0000 5.9672e-02 9.4054e+00 5.2978e+00 5.9525e-07
10 10 40.0000 40.0000 0.0000e+00 0.0000e+00 0.0000e+00 0.0000e+00
10 11 40.0000 35.0000 0.0000e+00 0.0000e+00 0.0000e+00 0.0000e+00
10 12 40.0000 30.0000 0.0000e+00 0.0000e+00 0.0000e+00 0.0000e+00
10 13 40.0000 25.0000 0.0000e+00 0.0000e+00 0.0000e+00 0.0000e+00
10 14 40.0000 20.0000 0.0000e+00 0.0000e+00 0.0000e+00 0.0000e+00
10 15 40.0000 15.0000 0.0000e+00 0.0000e+00 0.0000e+00 0.0000e+00
10 16 40.0000 10.0000 0.0000e+00 0.0000e+00 0.0000e+00 0.0000e+00
10 17 40.0000 5.0000 0.0000e+00 0.0000e+00 0.0000e+00 0.0000e+00
11 0 35.0000 90.0000 8.2289e-01 1.5212e+02 4.0373e+03 2.3693e-03
11 1 35.0000 85.0000 7.3604e-01 3.7509e+01 4.2166e+01 3.8392e-05
11 2 35.0000 80.0000 6.5198e-01 1.7883e+01 3.2498e+01 3.7672e-04
11 3 35.0000 75.0000 5.6644e-01 9.6290e+00 9.7139e+00 6.1572e-04
11 4 35.0000 70.0000 4.8221e-01 1.0862e+01 7.9230e+00 2.4584e-04
11 5 35.0000 65.0000 4.0191e-01 1.0527e+01 5.5719e+00 4.6879e-06
11 6 35.0000 60.0000 3.2215e-01 9.3243e+00 4.0103e+00 4.7268e-08
11 7 35.0000 55.0000 2.4680e-01 9.5870e+00 4.1454e+00 7.0071e-08
11 8 35.0000 50.0000 1.7538e-01 8.8751e+00 3.7443e+00 1.5381e-08
11 9 35.0000 45.0000 1.0981e-01 9.6739e+00 4.2753e+00 5.9190e-08
11 10 35.0000 40.0000 5.0134e-02 9.6043e+00 5.6026e+00 1.6851e-06
11 11 35.0000 35.0000 0.0000e+00 0.0000e+00 0.0000e+00 0.0000e+00
11 12 35.0000 30.0000 0.0000e+00 0.0000e+00 0.0000e+00 0.0000e+00
11 13 35.0000 25.0000 0.0000e+00 0.0000e+00 0.0000e+00 0.0000e+00
11 14 35.0000 20.0000 0.0000e+00 0.0000e+00 0.0000e+00 0.0000e+00
11 15 35.0000 15.0000 0.0000e+00 0.0000e+00 0.0000e+00 0.0000e+00
11 16 35.0000 10.0000 0.0000e+00 0.0000e+00 0.0000e+00 0.0000e+00
11 17 35.0000 5.0000 0.0000e+00 0.0000e+00 0.0000e+00 0.0000e+00
12 0 30.0000 90.0000 8.6993e-01 1.5113e+02 4.1297e+03 1.3619e-04
12 1 30.0000 85.0000 7.8307e-01 3.7500e+01 4.9169e+01 4.5003e-04
12 2 30.0000 80.0000 6.9902e-01 1.1477e+01 3.2398e+01 8.0708e-07
12 3 30.0000 75.0000 6.1347e-01 6.7753e+00 1.1994e+01 2.6900e-04
12 4 30.0000 70.0000 5.2924e-01 8.9785e+00 5.5316e+00 1.0737e-06
12 5 30.0000 65.0000 4.4894e-01 9.1240e+00 4.6874e+00 1.7698e-07
12 6 30.0000 60.0000 3.6918e-01 8.6834e+00 4.3205e+00 5.7060e-08
12 7 30.0000 55.0000 2.9383e-01 8.4589e+00 3.5085e+00 4.3933e-09
12 8 30.0000 50.0000 2.2241e-01 8.5780e+00 3.8442e+00 2.4760e-08
12 9 30.0000 45.0000 1.5684e-01 8.6869e+00 4.3509e+00 3.3875e-08
12 10 30.0000 40.0000 9.7168e-02 8.7104e+00 4.4290e+00 5.1635e-08
12 11 30.0000 35.0000 4.7034e-02 9.0077e+00 4.7217e+00 1.6737e-07
12 12 30.0000 30.0000 0.0000e+00 0.0000e+00 0.0000e+00 0.0000e+00
12 13 30.0000 25.0000 0.0000e+00 0.0000e+00 0.0000e+00 0.0000e+00
12 14 30.0000 20.0000 0.0000e+00 0.0000e+00 0.0000e+00 0.0000e+00
12 15 30.0000 15.0000 0.0000e+00 0.0000e+00 0.0000e+00 0.0000e+00
12 16 30.0000 10.0000 0.0000e+00 0.0000e+00 0.0000e+00 0.0000e+00
12 17 30.0000 5.0000 0.0000e+00 0.0000e+00 0.0000e+00 0.0000e+00
13 0 25.0000 90.0000 9.0909e-01 1.8251e+02 4.8637e+03 1.1450e-03
13 1 25.0000 85.0000 8.2224e-01 4.0112e+01 4.4066e+01 2.3631e-06
13 2 25.0000 80.0000 7.3818e-01 1.3210e+01 2.6548e+01 9.8662e-05
13 3 25.0000 75.0000 6.5264e-01 4.8336e+00 1.0245e+01 6.5466e-06
13 4 25.0000 70.0000 5.6841e-01 7.7605e+00 4.8730e+00 1.1026e-07
13 5 25.0000 65.0000 4.8811e-01 7.6067e+00 3.9403e+00 3.2639e-09
13 6 25.0000 60.0000 4.0835e-01 7.3823e+00 3.4237e+00 8.7443e-11
13 7 25.0000 55.0000 3.3300e-01 8.0975e+00 3.9685e+00 8.9441e-09
13 8 25.0000 50.0000 2.6158e-01 8.3266e+00 3.8852e+00 1.4711e-08
13 9 25.0000 45.0000 1.9601e-01 8.0209e+00 4.1857e+00 2.2438e-08
13 10 25.0000 40.0000 1.3633e-01 8.3614e+00 4.5109e+00 3.9181e-08
13 11 25.0000 35.0000 8.6200e-02 8.2682e+00 4.3199e+00 4.2249e-08
13 12 25.0000 30.0000 3.9165e-02 8.9678e+00 4.3557e+00 1.2402e-07
13 13 25.0000 25.0000 0.0000e+00 0.0000e+00 0.0000e+00 0.0000e+00
13 14 25.0000 20.0000 0.0000e+00 0.0000e+00 0.0000e+00 0.0000e+00
13 15 25.0000 15.0000 0.0000e+00 0.0000e+00 0.0000e+00 0.0000e+00
13 16 25.0000 10.0000 0.0000e+00 0.0000e+00 0.0000e+00 0.0000e+00
13 17 25.0000 5.0000 0.0000e+00 0.0000e+00 0.0000e+00 0.0000e+00
14 0 20.0000 90.0000 9.4075e-01 1.4282e+02 3.5075e+03 2.3845e-03
14 1 20.0000 85.0000 8.5389e-01 4.4872e+01 5.2594e+01 2.5551e-06
14 2 20.0000 80.0000 7.6984e-01 6.5899e-01 1.2441e+01 1.6297e-12
14 3 20.0000 75.0000 6.8429e-01 6.8166e+00 4.6112e+00 5.1327e-09
14 4 20.0000 70.0000 6.0006e-01 6.3558e+00 3.1797e+00 1.2482e-11
14 5 20.0000 65.0000 5.1976e-01 6.0992e+00 2.6781e+00 7.0576e-13
14 6 20.0000 60.0000 4.4000e-01 6.5393e+00 2.7757e+00 1.4863e-12
14 7 20.0000 55.0000 3.6465e-01 7.4611e+00 3.4995e+00 1.2346e-10
14 8 20.0000 50.0000 2.9323e-01 7.1423e+00 3.2070e+00 1.0960e-11
14 9 20.0000 45.0000 2.2766e-01 7.5193e+00 3.8457e+00 6.7106e-10
14 10 20.0000 40.0000 1.6799e-01 7.7596e+00 3.8495e+00 1.7483e-09
14 11 20.0000 35.0000 1.1785e-01 8.3178e+00 4.3590e+00 3.2221e-08
14 12 20.0000 30.0000 7.0820e-02 8.6290e+00 4.3205e+00 5.4328e-08
14 13 20.0000 25.0000 3.1654e-02 8.4992e+00 4.0525e+00 6.2645e-08
14 14 20.0000 20.0000 0.0000e+00 0.0000e+00 0.0000e+00 0.0000e+00
14 15 20.0000 15.0000 0.0000e+00 0.0000e+00 0.0000e+00 0.0000e+00
14 16 20.0000 10.0000 0.0000e+00 0.0000e+00 0.0000e+00 0.0000e+00
14 17 20.0000 5.0000 0.0000e+00 0.0000e+00 0.0000e+00 0.0000e+00
15 0 15.0000 90.0000 9.6542e-01 1.4369e+02 2.8129e+03 3.2801e-03
15 1 15.0000 85.0000 8.7857e-01 1.2980e+01 5.1154e+01 6.8802e-08
15 2 15.0000 80.0000 7.9452e-01 3.2772e-01 9.5311e+00 5.3321e-15
15 3 15.0000 75.0000 7.0897e-01 5.4836e+00 3.5796e+00 1.7278e-11
15 4 15.0000 70.0000 6.2474e-01 5.0586e+00 2.6082e+00 1.6361e-14
15 5 15.0000 65.0000 5.4444e-01 5.8384e+00 2.7047e+00 8.9135e-13
15 6 15.0000 60.0000 4.6468e-01 6.0121e+00 2.8546e+00 9.0462e-13
15 7 15.0000 55.0000 3.8933e-01 6.6126e+00 3.2975e+00 6.1184e-12
15 8 15.0000 50.0000 3.1791e-01 6.9497e+00 3.3967e+00 2.3712e-11
15 9 15.0000 45.0000 2.5234e-01 7.3122e+00 3.5703e+00 8.6027e-11
15 10 15.0000 40.0000 1.9267e-01 7.4526e+00 3.7430e+00 6.1738e-10
15 11 15.0000 35.0000 1.4253e-01 7.5447e+00 4.0458e+00 1.3384e-09
15 12 15.0000 30.0000 9.5499e-02 7.5757e+00 3.8969e+00 1.3892e-09
15 13 15.0000 25.0000 5.6334e-02 8.0859e+00 4.3595e+00 5.8517e-08
15 14 15.0000 20.0000 2.4680e-02 8.1011e+00 4.4156e+00 1.1855e-07
15 15 15.0000 15.0000 0.0000e+00 0.0000e+00 0.0000e+00 0.0000e+00
15 16 15.0000 10.0000 0.0000e+00 0.0000e+00 0.0000e+00 0.0000e+00
15 17 15.0000 5.0000 0.0000e+00 0.0000e+00 0.0000e+00 0.0000e+00
16 0 10.0000 90.0000 9.8385e-01 1.7433e+02 4.8675e+03 4.7936e-03
16 1 10.0000 85.0000 8.9699e-01 5.1606e+01 5.5916e+01 7.6542e-09
16 2 10.0000 80.0000 8.1294e-01 3.5834e+00 2.4767e+00 3.8732e-17
16 3 10.0000 75.0000 7.2739e-01 4.2885e+00 2.5476e+00 9.1947e-16
16 4 10.0000 70.0000 6.4316e-01 4.6807e+00 2.4768e+00 1.4604e-15
16 5 10.0000 65.0000 5.6286e-01 5.3934e+00 2.7456e+00 1.0636e-13
16 6 10.0000 60.0000 4.8310e-01 5.9267e+00 3.0999e+00 1.8686e-12
16 7 10.0000 55.0000 4.0775e-01 6.3678e+00 3.4261e+00 8.7245e-12
16 8 10.0000 50.0000 3.3633e-01 6.2769e+00 3.2693e+00 3.0256e-12
16 9 10.0000 45.0000 2.7076e-01 6.9962e+00 3.5864e+00 4.0635e-11
16 10 10.0000 40.0000 2.1109e-01 7.1518e+00 3.8106e+00 2.0095e-10
16 11 10.0000 35.0000 1.6095e-01 7.2172e+00 3.5659e+00 9.7287e-11
16 12 10.0000 30.0000 1.1392e-01 7.3988e+00 3.8386e+00 3.3382e-10
16 13 10.0000 25.0000 7.4754e-02 7.7679e+00 3.8392e+00 2.2484e-09
16 14 10.0000 20.0000 4.3100e-02 7.6095e+00 3.9425e+00 2.7351e-09
16 15 10.0000 15.0000 1.8420e-02 7.9054e+00 4.0996e+00 8.1910e-08
16 16 10.0000 10.0000 0.0000e+00 0.0000e+00 0.0000e+00 0.0000e+00
16 17 10.0000 5.0000 0.0000e+00 0.0000e+00 0.0000e+00 0.0000e+00
17 0 5.0000 90.0000 9.9595e-01 1.6086e+02 3.2696e+03 3.6122e-04
17 1 5.0000 85.0000 9.0909e-01 6.6441e+00 3.7598e+01 4.2015e-09
17 2 5.0000 80.0000 8.2504e-01 3.0131e+00 2.1906e+00 7.3884e-21
17 3 5.0000 75.0000 7.3949e-01 4.0468e+00 2.8534e+00 2.5631e-15
17 4 5.0000 70.0000 6.5526e-01 4.5119e+00 2.5644e+00 1.2961e-15
17 5 5.0000 65.0000 5.7496e-01 5.0641e+00 2.7720e+00 2.0002e-14
17 6 5.0000 60.0000 4.9520e-01 5.3424e+00 2.8847e+00 1.3777e-13
17 7 5.0000 55.0000 4.1985e-01 6.0421e+00 3.1945e+00 2.2002e-12
17 8 5.0000 50.0000 3.4844e-01 6.3318e+00 3.4456e+00 5.4224e-12
17 9 5.0000 45.0000 2.8286e-01 6.5804e+00 3.4020e+00 6.5604e-12
17 10 5.0000 40.0000 2.2319e-01 6.8935e+00 3.7603e+00 8.7310e-11
17 11 5.0000 35.0000 1.7306e-01 7.0278e+00 3.9127e+00 1.7848e-10
17 12 5.0000 30.0000 1.2602e-01 7.3951e+00 3.9208e+00 1.0244e-09
17 13 5.0000 25.0000 8.6855e-02 7.8994e+00 4.0811e+00 1.0599e-08
17 14 5.0000 20.0000 5.5201e-02 8.0875e+00 4.0177e+00 1.2708e-08
17 15 5.0000 15.0000 3.0522e-02 8.1902e+00 4.0315e+00 8.7280e-08
17 16 5.0000 10.0000 1.2101e-02 8.0749e+00 3.6348e+00 2.0735e-07
17 17 5.0000 5.0000 0.0000e+00 0.0000e+00 0.0000e+00 0.0000e+00
