# SIMULATION OUTPUT
# i, j, thmin, thmax, f_bal, mean, std_dev, ks_p_value
0 0 90.0000 90.0000 0.0000e+00 0.0000e+00 0.0000e+00 0.0000e+00
0 1 90.0000 85.0000 0.0000e+00 0.0000e+00 0.0000e+00 0.0000e+00
0 2 90.0000 80.0000 0.0000e+00 0.0000e+00 0.0000e+00 0.0000e+00
0 3 90.0000 75.0000 0.0000e+00 0.0000e+00 0.0000e+00 0.0000e+00
0 4 90.0000 70.0000 0.0000e+00 0.0000e+00 0.0000e+00 0.0000e+00
0 5 90.0000 65.0000 0.0000e+00 0.0000e+00 0.0000e+00 0.0000e+00
0 6 90.0000 60.0000 0.0000e+00 0.0000e+00 0.0000e+00 0.0000e+00
0 7 90.0000 55.0000 0.0000e+00 0.0000e+00 0.0000e+00 0.0000e+00
0 8 90.0000 50.0000 0.0000e+00 0.0000e+00 0.0000e+00 0.0000e+00
0 9 90.0000 45.0000 0.0000e+00 0.0000e+00 0.0000e+00 0.0000e+00
0 10 90.0000 40.0000 0.0000e+00 0.0000e+00 0.0000e+00 0.0000e+00
0 11 90.0000 35.0000 0.0000e+00 0.0000e+00 0.0000e+00 0.0000e+00
0 12 90.0000 30.0000 0.0000e+00 0.0000e+00 0.0000e+00 0.0000e+00
0 13 90.0000 25.0000 0.0000e+00 0.0000e+00 0.0000e+00 0.0000e+00
0 14 90.0000 20.0000 0.0000e+00 0.0000e+00 0.0000e+00 0.0000e+00
0 15 90.0000 15.0000 0.0000e+00 0.0000e+00 0.0000e+00 0.0000e+00
0 16 90.0000 10.0000 0.0000e+00 0.0000e+00 0.0000e+00 0.0000e+00
0 17 90.0000 5.0000 0.0000e+00 0.0000e+00 0.0000e+00 0.0000e+00
1 0 85.0000 90.0000 8.5842e-02 9.2935e+02 6.9394e+03 2.2405e-30
1 1 85.0000 85.0000 0.0000e+00 0.0000e+00 0.0000e+00 0.0000e+00
1 2 85.0000 80.0000 0.0000e+00 0.0000e+00 0.0000e+00 0.0000e+00
1 3 85.0000 75.0000 0.0000e+00 0.0000e+00 0.0000e+00 0.0000e+00
1 4 85.0000 70.0000 0.0000e+00 0.0000e+00 0.0000e+00 0.0000e+00
1 5 85.0000 65.0000 0.0000e+00 0.0000e+00 0.0000e+00 0.0000e+00
1 6 85.0000 60.0000 0.0000e+00 0.0000e+00 0.0000e+00 0.0000e+00
1 7 85.0000 55.0000 0.0000e+00 0.0000e+00 0.0000e+00 0.0000e+00
1 8 85.0000 50.0000 0.0000e+00 0.0000e+00 0.0000e+00 0.0000e+00
1 9 85.0000 45.0000 0.0000e+00 0.0000e+00 0.0000e+00 0.0000e+00
1 10 85.0000 40.0000 0.0000e+00 0.0000e+00 0.0000e+00 0.0000e+00
1 11 85.0000 35.0000 0.0000e+00 0.0000e+00 0.0000e+00 0.0000e+00
1 12 85.0000 30.0000 0.0000e+00 0.0000e+00 0.0000e+00 0.0000e+00
1 13 85.0000 25.0000 0.0000e+00 0.0000e+00 0.0000e+00 0.0000e+00
1 14 85.0000 20.0000 0.0000e+00 0.0000e+00 0.0000e+00 0.0000e+00
1 15 85.0000 15.0000 0.0000e+00 0.0000e+00 0.0000e+00 0.0000e+00
1 16 85.0000 10.0000 0.0000e+00 0.0000e+00 0.0000e+00 0.0000e+00
1 17 85.0000 5.0000 0.0000e+00 0.0000e+00 0.0000e+00 0.0000e+00
2 0 80.0000 90.0000 1.6745e-01 4.6002e+03 1.9667e+05 1.1731e-22
2 1 80.0000 85.0000 9.2876e-02 7.2008e+01 4.6013e+01 1.4764e-17
2 2 80.0000 80.0000 0.0000e+00 0.0000e+00 0.0000e+00 0.0000e+00
2 3 80.0000 75.0000 0.0000e+00 0.0000e+00 0.0000e+00 0.0000e+00
2 4 80.0000 70.0000 0.0000e+00 0.0000e+00 0.0000e+00 0.0000e+00
2 5 80.0000 65.0000 0.0000e+00 0.0000e+00 0.0000e+00 0.0000e+00
2 6 80.0000 60.0000 0.0000e+00 0.0000e+00 0.0000e+00 0.0000e+00
2 7 80.0000 55.0000 0.0000e+00 0.0000e+00 0.0000e+00 0.0000e+00
2 8 80.0000 50.0000 0.0000e+00 0.0000e+00 0.0000e+00 0.0000e+00
2 9 80.0000 45.0000 0.0000e+00 0.0000e+00 0.0000e+00 0.0000e+00
2 10 80.0000 40.0000 0.0000e+00 0.0000e+00 0.0000e+00 0.0000e+00
2 11 80.0000 35.0000 0.0000e+00 0.0000e+00 0.0000e+00 0.0000e+00
2 12 80.0000 30.0000 0.0000e+00 0.0000e+00 0.0000e+00 0.0000e+00
2 13 80.0000 25.0000 0.0000e+00 0.0000e+00 0.0000e+00 0.0000e+00
2 14 80.0000 20.0000 0.0000e+00 0.0000e+00 0.0000e+00 0.0000e+00
2 15 80.0000 15.0000 0.0000e+00 0.0000e+00 0.0000e+00 0.0000e+00
2 16 80.0000 10.0000 0.0000e+00 0.0000e+00 0.0000e+00 0.0000e+00
2 17 80.0000 5.0000 0.0000e+00 0.0000e+00 0.0000e+00 0.0000e+00
3 0 75.0000 90.0000 2.5830e-01 2.9294e+02 2.6588e+03 5.8187e-15
3 1 75.0000 85.0000 1.8885e-01 5.6043e+01 4.4305e+01 3.1447e-12
3 2 75.0000 80.0000 1.0212e-01 4.5060e+01 3.0655e+01 6.5675e-11
3 3 75.0000 75.0000 0.0000e+00 0.0000e+00 0.0000e+00 0.0000e+00
3 4 75.0000 70.0000 0.0000e+00 0.0000e+00 0.0000e+00 0.0000e+00
3 5 75.0000 65.0000 0.0000e+00 0.0000e+00 0.0000e+00 0.0000e+00
3 6 75.0000 60.0000 0.0000e+00 0.0000e+00 0.0000e+00 0.0000e+00
3 7 75.0000 55.0000 0.0000e+00 0.0000e+00 0.0000e+00 0.0000e+00
3 8 75.0000 50.0000 0.0000e+00 0.0000e+00 0.0000e+00 0.0000e+00
3 9 75.0000 45.0000 0.0000e+00 0.0000e+00 0.0000e+00 0.0000e+00
3 10 75.0000 40.0000 0.0000e+00 0.0000e+00 0.0000e+00 0.0000e+00
3 11 75.0000 35.0000 0.0000e+00 0.0000e+00 0.0000e+00 0.0000e+00
3 12 75.0000 30.0000 0.0000e+00 0.0000e+00 0.0000e+00 0.0000e+00
3 13 75.0000 25.0000 0.0000e+00 0.0000e+00 0.0000e+00 0.0000e+00
3 14 75.0000 20.0000 0.0000e+00 0.0000e+00 0.0000e+00 0.0000e+00
3 15 75.0000 15.0000 0.0000e+00 0.0000e+00 0.0000e+00 0.0000e+00
3 16 75.0000 10.0000 0.0000e+00 0.0000e+00 0.0000e+00 0.0000e+00
3 17 75.0000 5.0000 0.0000e+00 0.0000e+00 0.0000e+00 0.0000e+00
4 0 70.0000 90.0000 3.4164e-01 4.6497e+02 1.2358e+04 8.5305e-12
4 1 70.0000 85.0000 2.8340e-01 5.0680e+01 4.7391e+01 7.5427e-10
4 2 70.0000 80.0000 2.0179e-01 3.7014e+01 2.9297e+01 5.2214e-07
4 3 70.0000 75.0000 1.1279e-01 3.3671e+01 2.7253e+01 2.9666e-06
4 4 70.0000 70.0000 0.0000e+00 0.0000e+00 0.0000e+00 0.0000e+00
4 5 70.0000 65.0000 0.0000e+00 0.0000e+00 0.0000e+00 0.0000e+00
4 6 70.0000 60.0000 0.0000e+00 0.0000e+00 0.0000e+00 0.0000e+00
4 7 70.0000 55.0000 0.0000e+00 0.0000e+00 0.0000e+00 0.0000e+00
4 8 70.0000 50.0000 0.0000e+00 0.0000e+00 0.0000e+00 0.0000e+00
4 9 70.0000 45.0000 0.0000e+00 0.0000e+00 0.0000e+00 0.0000e+00
4 10 70.0000 40.0000 0.0000e+00 0.0000e+00 0.0000e+00 0.0000e+00
4 11 70.0000 35.0000 0.0000e+00 0.0000e+00 0.0000e+00 0.0000e+00
4 12 70.0000 30.0000 0.0000e+00 0.0000e+00 0.0000e+00 0.0000e+00
4 13 70.0000 25.0000 0.0000e+00 0.0000e+00 0.0000e+00 0.0000e+00
4 14 70.0000 20.0000 0.0000e+00 0.0000e+00 0.0000e+00 0.0000e+00
4 15 70.0000 15.0000 0.0000e+00 0.0000e+00 0.0000e+00 0.0000e+00
4 16 70.0000 10.0000 0.0000e+00 0.0000e+00 0.0000e+00 0.0000e+00
4 17 70.0000 5.0000 0.0000e+00 0.0000e+00 0.0000e+00 0.0000e+00
5 0 65.0000 90.0000 4.2176e-01 2.4861e+02 2.0087e+03 5.3868e-11
5 1 65.0000 85.0000 3.6227e-01 4.2196e+01 4.5494e+01 3.8828e-06
5 2 65.0000 80.0000 3.0402e-01 3.4013e+01 3.5453e+01 6.6721e-05
5 3 65.0000 75.0000 2.1979e-01 2.4680e+01 3.3575e+01 3.7175e-03
5 4 65.0000 70.0000 1.2352e-01 2.4025e+01 2.4683e+01 8.2723e-03
5 5 65.0000 65.0000 0.0000e+00 0.0000e+00 0.0000e+00 0.0000e+00
5 6 65.0000 60.0000 0.0000e+00 0.0000e+00 0.0000e+00 0.0000e+00
5 7 65.0000 55.0000 0.0000e+00 0.0000e+00 0.0000e+00 0.0000e+00
5 8 65.0000 50.0000 0.0000e+00 0.0000e+00 0.0000e+00 0.0000e+00
5 9 65.0000 45.0000 0.0000e+00 0.0000e+00 0.0000e+00 0.0000e+00
5 10 65.0000 40.0000 0.0000e+00 0.0000e+00 0.0000e+00 0.0000e+00
5 11 65.0000 35.0000 0.0000e+00 0.0000e+00 0.0000e+00 0.0000e+00
5 12 65.0000 30.0000 0.0000e+00 0.0000e+00 0.0000e+00 0.0000e+00
5 13 65.0000 25.0000 0.0000e+00 0.0000e+00 0.0000e+00 0.0000e+00
5 14 65.0000 20.0000 0.0000e+00 0.0000e+00 0.0000e+00 0.0000e+00
5 15 65.0000 15.0000 0.0000e+00 0.0000e+00 0.0000e+00 0.0000e+00
5 16 65.0000 10.0000 0.0000e+00 0.0000e+00 0.0000e+00 0.0000e+00
5 17 65.0000 5.0000 0.0000e+00 0.0000e+00 0.0000e+00 0.0000e+00
6 0 60.0000 90.0000 4.9842e-01 3.5966e+02 1.5917e+04 1.0384e-07
6 1 60.0000 85.0000 4.5794e-01 3.1009e+01 6.0219e+01 2.1974e-04
6 2 60.0000 80.0000 3.9225e-01 3.5202e+01 4.0279e+01 1.1410e-04
6 3 60.0000 75.0000 3.2608e-01 3.0486e+01 2.7246e+01 7.2391e-05
6 4 60.0000 70.0000 2.4531e-01 2.6788e+01 2.5411e+01 7.0091e-04
6 5 60.0000 65.0000 1.3556e-01 2.2890e+01 2.2108e+01 4.3773e-03
6 6 60.0000 60.0000 0.0000e+00 0.0000e+00 0.0000e+00 0.0000e+00
6 7 60.0000 55.0000 0.0000e+00 0.0000e+00 0.0000e+00 0.0000e+00
6 8 60.0000 50.0000 0.0000e+00 0.0000e+00 0.0000e+00 0.0000e+00
6 9 60.0000 45.0000 0.0000e+00 0.0000e+00 0.0000e+00 0.0000e+00
6 10 60.0000 40.0000 0.0000e+00 0.0000e+00 0.0000e+00 0.0000e+00
6 11 60.0000 35.0000 0.0000e+00 0.0000e+00 0.0000e+00 0.0000e+00
6 12 60.0000 30.0000 0.0000e+00 0.0000e+00 0.0000e+00 0.0000e+00
6 13 60.0000 25.0000 0.0000e+00 0.0000e+00 0.0000e+00 0.0000e+00
6 14 60.0000 20.0000 0.0000e+00 0.0000e+00 0.0000e+00 0.0000e+00
6 15 60.0000 15.0000 0.0000e+00 0.0000e+00 0.0000e+00 0.0000e+00
6 16 60.0000 10.0000 0.0000e+00 0.0000e+00 0.0000e+00 0.0000e+00
6 17 60.0000 5.0000 0.0000e+00 0.0000e+00 0.0000e+00 0.0000e+00
7 0 55.0000 90.0000 5.7222e-01 2.4274e+02 8.9843e+03 3.5894e-06
7 1 55.0000 85.0000 5.3663e-01 3.6624e+01 5.1283e+01 7.9089e-04
7 2 55.0000 80.0000 4.8262e-01 3.3203e+01 3.8269e+01 2.5553e-04
7 3 55.0000 75.0000 4.2879e-01 2.7602e+01 3.2552e+01 5.1946e-03
7 4 55.0000 70.0000 3.5541e-01 2.4338e+01 2.4266e+01 2.9305e-03
7 5 55.0000 65.0000 2.5604e-01 2.3079e+01 2.1949e+01 3.6425e-03
7 6 55.0000 60.0000 1.4814e-01 2.1243e+01 1.9501e+01 7.6676e-03
7 7 55.0000 55.0000 0.0000e+00 0.0000e+00 0.0000e+00 0.0000e+00
7 8 55.0000 50.0000 0.0000e+00 0.0000e+00 0.0000e+00 0.0000e+00
7 9 55.0000 45.0000 0.0000e+00 0.0000e+00 0.0000e+00 0.0000e+00
7 10 55.0000 40.0000 0.0000e+00 0.0000e+00 0.0000e+00 0.0000e+00
7 11 55.0000 35.0000 0.0000e+00 0.0000e+00 0.0000e+00 0.0000e+00
7 12 55.0000 30.0000 0.0000e+00 0.0000e+00 0.0000e+00 0.0000e+00
7 13 55.0000 25.0000 0.0000e+00 0.0000e+00 0.0000e+00 0.0000e+00
7 14 55.0000 20.0000 0.0000e+00 0.0000e+00 0.0000e+00 0.0000e+00
7 15 55.0000 15.0000 0.0000e+00 0.0000e+00 0.0000e+00 0.0000e+00
7 16 55.0000 10.0000 0.0000e+00 0.0000e+00 0.0000e+00 0.0000e+00
7 17 55.0000 5.0000 0.0000e+00 0.0000e+00 0.0000e+00 0.0000e+00
8 0 50.0000 90.0000 6.3809e-01 4.5322e+02 2.2618e+04 6.2952e-06
8 1 50.0000 85.0000 6.0835e-01 3.6453e+01 5.6602e+01 1.4306e-03
8 2 50.0000 80.0000 5.5857e-01 3.0471e+01 4.1191e+01 4.1262e-03
8 3 50.0000 75.0000 5.2018e-01 2.5857e+01 2.9694e+01 6.4611e-03
8 4 50.0000 70.0000 4.5949e-01 2.2678e+01 3.1277e+01 3.7161e-03
8 5 50.0000 65.0000 3.7693e-01 2.2777e+01 2.5660e+01 1.8563e-02
8 6 50.0000 60.0000 2.7982e-01 2.1172e+01 2.0640e+01 1.3020e-02
8 7 50.0000 55.0000 1.5988e-01 1.8728e+01 2.0263e+01 5.3136e-02
8 8 50.0000 50.0000 0.0000e+00 0.0000e+00 0.0000e+00 0.0000e+00
8 9 50.0000 45.0000 0.0000e+00 0.0000e+00 0.0000e+00 0.0000e+00
8 10 50.0000 40.0000 0.0000e+00 0.0000e+00 0.0000e+00 0.0000e+00
8 11 50.0000 35.0000 0.0000e+00 0.0000e+00 0.0000e+00 0.0000e+00
8 12 50.0000 30.0000 0.0000e+00 0.0000e+00 0.0000e+00 0.0000e+00
8 13 50.0000 25.0000 0.0000e+00 0.0000e+00 0.0000e+00 0.0000e+00
8 14 50.0000 20.0000 0.0000e+00 0.0000e+00 0.0000e+00 0.0000e+00
8 15 50.0000 15.0000 0.0000e+00 0.0000e+00 0.0000e+00 0.0000e+00
8 16 50.0000 10.0000 0.0000e+00 0.0000e+00 0.0000e+00 0.0000e+00
8 17 50.0000 5.0000 0.0000e+00 0.0000e+00 0.0000e+00 0.0000e+00
9 0 45.0000 90.0000 7.0587e-01 1.1156e+02 1.9472e+03 3.0741e-05
9 1 45.0000 85.0000 6.8405e-01 3.8957e+01 5.3550e+01 5.4818e-04
9 2 45.0000 80.0000 6.4429e-01 2.8328e+01 3.4830e+01 4.7974e-03
9 3 45.0000 75.0000 6.0405e-01 2.5754e+01 2.9693e+01 6.8693e-03
9 4 45.0000 70.0000 5.5285e-01 2.3800e+01 2.0546e+01 1.5584e-03
9 5 45.0000 65.0000 4.8775e-01 2.1054e+01 1.9465e+01 1.1647e-02
9 6 45.0000 60.0000 4.1359e-01 1.8550e+01 2.1824e+01 2.0130e-02
9 7 45.0000 55.0000 3.2191e-01 1.6750e+01 2.1007e+01 9.0245e-03
9 8 45.0000 50.0000 1.7997e-01 1.8523e+01 1.6714e+01 5.0375e-02
9 9 45.0000 45.0000 0.0000e+00 0.0000e+00 0.0000e+00 0.0000e+00
9 10 45.0000 40.0000 0.0000e+00 0.0000e+00 0.0000e+00 0.0000e+00
9 11 45.0000 35.0000 0.0000e+00 0.0000e+00 0.0000e+00 0.0000e+00
9 12 45.0000 30.0000 0.0000e+00 0.0000e+00 0.0000e+00 0.0000e+00
9 13 45.0000 25.0000 0.0000e+00 0.0000e+00 0.0000e+00 0.0000e+00
9 14 45.0000 20.0000 0.0000e+00 0.0000e+00 0.0000e+00 0.0000e+00
9 15 45.0000 15.0000 0.0000e+00 0.0000e+00 0.0000e+00 0.0000e+00
9 16 45.0000 10.0000 0.0000e+00 0.0000e+00 0.0000e+00 0.0000e+00
9 17 45.0000 5.0000 0.0000e+00 0.0000e+00 0.0000e+00 0.0000e+00
10 0 40.0000 90.0000 7.6769e-01 1.8206e+02 4.3696e+03 4.2248e-04
10 1 40.0000 85.0000 7.4086e-01 3.0157e+01 5.8614e+01 9.3995e-04
10 2 40.0000 80.0000 7.1762e-01 2.9476e+01 3.6019e+01 4.1520e-03
10 3 40.0000 75.0000 6.7750e-01 2.5038e+01 3.1009e+01 1.8519e-02
10 4 40.0000 70.0000 6.4137e-01 2.4694e+01 2.4273e+01 2.6642e-03
10 5 40.0000 65.0000 5.9565e-01 2.0823e+01 2.0476e+01 2.8481e-02
10 6 40.0000 60.0000 5.3478e-01 1.8056e+01 2.2408e+01 1.0993e-02
10 7 40.0000 55.0000 4.5204e-01 1.7914e+01 2.0682e+01 2.4211e-02
10 8 40.0000 50.0000 3.4414e-01 1.6106e+01 1.8192e+01 3.3849e-02
10 9 40.0000 45.0000 1.9654e-01 1.6494e+01 1.3446e+01 3.2786e-02
10 10 40.0000 40.0000 0.0000e+00 0.0000e+00 0.0000e+00 0.0000e+00
10 11 40.0000 35.0000 0.0000e+00 0.0000e+00 0.0000e+00 0.0000e+00
10 12 40.0000 30.0000 0.0000e+00 0.0000e+00 0.0000e+00 0.0000e+00
10 13 40.0000 25.0000 0.0000e+00 0.0000e+00 0.0000e+00 0.0000e+00
10 14 40.0000 20.0000 0.0000e+00 0.0000e+00 0.0000e+00 0.0000e+00
10 15 40.0000 15.0000 0.0000e+00 0.0000e+00 0.0000e+00 0.0000e+00
10 16 40.0000 10.0000 0.0000e+00 0.0000e+00 0.0000e+00 0.0000e+00
10 17 40.0000 5.0000 0.0000e+00 0.0000e+00 0.0000e+00 0.0000e+00
11 0 35.0000 90.0000 8.1615e-01 1.9593e+02 4.8459e+03 2.0245e-04
11 1 35.0000 85.0000 8.0191e-01 3.9955e+01 5.1105e+01 1.4609e-04
11 2 35.0000 80.0000 7.8414e-01 2.6927e+01 3.4185e+01 1.5235e-02
11 3 35.0000 75.0000 7.5660e-01 2.4878e+01 3.0990e+01 2.4477e-02
11 4 35.0000 70.0000 7.2584e-01 2.1061e+01 2.5656e+01 2.6734e-02
11 5 35.0000 65.0000 6.9145e-01 1.3682e+01 3.2998e+01 2.5196e-06
11 6 35.0000 60.0000 6.4286e-01 2.0192e+01 1.9980e+01 2.9371e-02
11 7 35.0000 55.0000 5.7413e-01 1.7626e+01 1.4445e+01 3.7325e-02
11 8 35.0000 50.0000 4.8703e-01 1.7948e+01 1.7390e+01 9.5985e-02
11 9 35.0000 45.0000 3.8283e-01 1.4556e+01 1.8187e+01 8.2511e-03
11 10 35.0000 40.0000 2.2563e-01 1.5532e+01 1.6655e+01 5.2379e-02
11 11 35.0000 35.0000 0.0000e+00 0.0000e+00 0.0000e+00 0.0000e+00
11 12 35.0000 30.0000 0.0000e+00 0.0000e+00 0.0000e+00 0.0000e+00
11 13 35.0000 25.0000 0.0000e+00 0.0000e+00 0.0000e+00 0.0000e+00
11 14 35.0000 20.0000 0.0000e+00 0.0000e+00 0.0000e+00 0.0000e+00
11 15 35.0000 15.0000 0.0000e+00 0.0000e+00 0.0000e+00 0.0000e+00
11 16 35.0000 10.0000 0.0000e+00 0.0000e+00 0.0000e+00 0.0000e+00
11 17 35.0000 5.0000 0.0000e+00 0.0000e+00 0.0000e+00 0.0000e+00
12 0 30.0000 90.0000 8.6557e-01 3.3563e+02 1.4143e+04 3.2724e-04
12 1 30.0000 85.0000 8.5610e-01 3.9117e+01 6.2557e+01 1.6573e-03
12 2 30.0000 80.0000 8.3970e-01 3.0493e+01 3.9024e+01 5.3663e-03
12 3 30.0000 75.0000 8.1300e-01 2.5588e+01 2.8212e+01 6.9618e-03
12 4 30.0000 70.0000 7.9076e-01 2.1760e+01 2.4048e+01 4.0597e-02
12 5 30.0000 65.0000 7.7353e-01 2.0470e+01 1.8774e+01 1.9802e-02
12 6 30.0000 60.0000 7.3204e-01 1.7396e+01 1.8617e+01 6.3457e-02
12 7 30.0000 55.0000 6.8912e-01 1.6527e+01 1.8838e+01 2.8380e-02
12 8 30.0000 50.0000 6.2468e-01 1.8020e+01 1.9794e+01 3.8240e-02
12 9 30.0000 45.0000 5.4390e-01 1.5977e+01 1.5001e+01 5.3088e-02
12 10 30.0000 40.0000 4.2832e-01 1.3241e+01 1.7301e+01 5.0723e-03
12 11 30.0000 35.0000 2.5824e-01 1.4654e+01 1.4921e+01 3.6769e-02
12 12 30.0000 30.0000 0.0000e+00 0.0000e+00 0.0000e+00 0.0000e+00
12 13 30.0000 25.0000 0.0000e+00 0.0000e+00 0.0000e+00 0.0000e+00
12 14 30.0000 20.0000 0.0000e+00 0.0000e+00 0.0000e+00 0.0000e+00
12 15 30.0000 15.0000 0.0000e+00 0.0000e+00 0.0000e+00 0.0000e+00
12 16 30.0000 10.0000 0.0000e+00 0.0000e+00 0.0000e+00 0.0000e+00
12 17 30.0000 5.0000 0.0000e+00 0.0000e+00 0.0000e+00 0.0000e+00
13 0 25.0000 90.0000 9.0712e-01 3.0671e+02 1.2978e+04 1.4864e-03
13 1 25.0000 85.0000 8.9669e-01 3.5987e+01 5.0179e+01 1.7311e-03
13 2 25.0000 80.0000 8.8453e-01 2.8859e+01 3.7045e+01 6.5052e-03
13 3 25.0000 75.0000 8.7261e-01 2.4635e+01 3.0968e+01 2.6868e-02
13 4 25.0000 70.0000 8.5878e-01 2.0540e+01 2.2296e+01 6.3420e-02
13 5 25.0000 65.0000 8.3827e-01 1.9866e+01 2.2703e+01 3.8630e-02
13 6 25.0000 60.0000 8.1323e-01 1.9906e+01 1.9331e+01 3.2787e-02
13 7 25.0000 55.0000 7.7872e-01 1.8180e+01 1.7432e+01 9.9389e-02
13 8 25.0000 50.0000 7.4235e-01 1.6127e+01 1.9462e+01 1.3548e-02
13 9 25.0000 45.0000 6.7940e-01 1.5279e+01 1.6140e+01 6.0434e-02
13 10 25.0000 40.0000 5.9845e-01 1.4163e+01 1.4867e+01 3.5207e-02
13 11 25.0000 35.0000 4.7905e-01 1.4753e+01 1.5453e+01 4.9475e-02
13 12 25.0000 30.0000 3.0051e-01 1.2812e+01 1.7200e+01 2.7578e-03
13 13 25.0000 25.0000 0.0000e+00 0.0000e+00 0.0000e+00 0.0000e+00
13 14 25.0000 20.0000 0.0000e+00 0.0000e+00 0.0000e+00 0.0000e+00
13 15 25.0000 15.0000 0.0000e+00 0.0000e+00 0.0000e+00 0.0000e+00
13 16 25.0000 10.0000 0.0000e+00 0.0000e+00 0.0000e+00 0.0000e+00
13 17 25.0000 5.0000 0.0000e+00 0.0000e+00 0.0000e+00 0.0000e+00
14 0 20.0000 90.0000 9.4098e-01 5.1125e+02 4.1989e+04 1.2615e-03
14 1 20.0000 85.0000 9.3389e-01 3.7566e+01 5.6769e+01 3.4676e-03
14 2 20.0000 80.0000 9.2590e-01 2.8769e+01 3.6035e+01 6.4329e-03
14 3 20.0000 75.0000 9.1875e-01 2.5354e+01 2.6580e+01 4.6040e-03
14 4 20.0000 70.0000 9.1010e-01 2.2138e+01 2.8851e+01 1.3069e-02
14 5 20.0000 65.0000 8.9574e-01 1.9638e+01 2.2113e+01 4.6613e-02
14 6 20.0000 60.0000 8.7756e-01 1.7054e+01 2.3346e+01 3.9075e-03
14 7 20.0000 55.0000 8.5556e-01 1.9025e+01 2.0210e+01 6.6605e-02
14 8 20.0000 50.0000 8.2921e-01 1.6262e+01 1.5539e+01 6.8895e-02
14 9 20.0000 45.0000 7.9344e-01 1.5025e+01 1.5846e+01 5.9274e-02
14 10 20.0000 40.0000 7.4009e-01 1.4786e+01 1.5874e+01 5.2506e-02
14 11 20.0000 35.0000 6.6724e-01 1.5189e+01 1.5327e+01 4.5079e-02
14 12 20.0000 30.0000 5.4855e-01 1.4761e+01 1.6168e+01 4.2248e-02
14 13 20.0000 25.0000 3.5845e-01 1.3793e+01 1.3699e+01 1.6574e-02
14 14 20.0000 20.0000 0.0000e+00 0.0000e+00 0.0000e+00 0.0000e+00
14 15 20.0000 15.0000 0.0000e+00 0.0000e+00 0.0000e+00 0.0000e+00
14 16 20.0000 10.0000 0.0000e+00 0.0000e+00 0.0000e+00 0.0000e+00
14 17 20.0000 5.0000 0.0000e+00 0.0000e+00 0.0000e+00 0.0000e+00
15 0 15.0000 90.0000 9.6477e-01 1.1686e+02 1.4816e+03 2.9405e-04
15 1 15.0000 85.0000 9.6018e-01 3.5615e+01 5.6881e+01 7.3580e-03
15 2 15.0000 80.0000 9.6101e-01 2.7949e+01 3.3735e+01 8.0237e-03
15 3 15.0000 75.0000 9.5297e-01 2.2468e+01 3.2249e+01 4.7772e-03
15 4 15.0000 70.0000 9.4844e-01 2.3230e+01 2.3559e+01 1.0127e-02
15 5 15.0000 65.0000 9.4194e-01 2.0575e+01 2.2513e+01 6.5360e-02
15 6 15.0000 60.0000 9.3264e-01 1.7477e+01 2.0838e+01 2.1089e-02
15 7 15.0000 55.0000 9.2155e-01 1.8094e+01 2.0284e+01 4.0996e-02
15 8 15.0000 50.0000 9.1052e-01 1.5834e+01 1.5094e+01 5.4478e-02
15 9 15.0000 45.0000 8.8387e-01 1.6341e+01 1.5486e+01 6.5575e-02
15 10 15.0000 40.0000 8.5174e-01 1.4868e+01 1.4217e+01 3.2467e-02
15 11 15.0000 35.0000 8.1168e-01 1.5178e+01 1.6559e+01 3.5671e-02
15 12 15.0000 30.0000 7.4027e-01 1.4254e+01 1.6296e+01 2.4284e-02
15 13 15.0000 25.0000 6.3982e-01 1.4897e+01 1.3218e+01 1.7864e-02
15 14 15.0000 20.0000 4.3225e-01 1.3530e+01 1.6378e+01 1.3944e-02
15 15 15.0000 15.0000 0.0000e+00 0.0000e+00 0.0000e+00 0.0000e+00
15 16 15.0000 10.0000 0.0000e+00 0.0000e+00 0.0000e+00 0.0000e+00
15 17 15.0000 5.0000 0.0000e+00 0.0000e+00 0.0000e+00 0.0000e+00
16 0 10.0000 90.0000 9.8456e-01 1.2076e+02 2.3036e+03 1.4788e-03
16 1 10.0000 85.0000 9.8134e-01 3.5535e+01 5.1874e+01 3.6978e-03
16 2 10.0000 80.0000 9.8033e-01 3.0879e+01 3.4644e+01 1.0187e-03
16 3 10.0000 75.0000 9.8224e-01 2.4653e+01 3.0913e+01 2.7731e-02
16 4 10.0000 70.0000 9.7663e-01 2.2095e+01 2.3835e+01 2.9200e-02
16 5 10.0000 65.0000 9.7252e-01 1.8212e+01 2.3001e+01 1.1623e-02
16 6 10.0000 60.0000 9.7109e-01 1.9000e+01 1.9511e+01 9.2227e-02
16 7 10.0000 55.0000 9.6280e-01 1.7959e+01 2.1233e+01 2.2631e-02
16 8 10.0000 50.0000 9.5708e-01 1.5274e+01 1.6099e+01 6.6036e-02
16 9 10.0000 45.0000 9.4557e-01 1.5919e+01 1.5486e+01 6.2372e-02
16 10 10.0000 40.0000 9.3389e-01 1.4181e+01 1.2718e+01 1.2363e-02
16 11 10.0000 35.0000 9.1386e-01 1.5506e+01 1.3084e+01 2.1260e-02
16 12 10.0000 30.0000 8.8507e-01 1.4257e+01 1.6839e+01 1.7078e-02
16 13 10.0000 25.0000 8.3976e-01 1.3997e+01 1.1308e+01 7.6489e-03
16 14 10.0000 20.0000 7.5040e-01 1.4116e+01 1.3929e+01 2.3082e-02
16 15 10.0000 15.0000 5.5404e-01 1.2396e+01 1.4651e+01 1.3826e-02
16 16 10.0000 10.0000 0.0000e+00 0.0000e+00 0.0000e+00 0.0000e+00
16 17 10.0000 5.0000 0.0000e+00 0.0000e+00 0.0000e+00 0.0000e+00
17 0 5.0000 90.0000 9.9613e-01 1.4677e+02 4.2956e+03 3.4107e-04
17 1 5.0000 85.0000 9.9499e-01 3.2423e+01 5.6579e+01 1.0919e-02
17 2 5.0000 80.0000 9.9553e-01 3.0205e+01 3.9065e+01 6.4278e-03
17 3 5.0000 75.0000 9.9505e-01 2.4988e+01 2.7765e+01 9.5069e-03
17 4 5.0000 70.0000 9.9481e-01 2.1516e+01 2.3956e+01 4.4647e-02
17 5 5.0000 65.0000 9.9428e-01 1.7622e+01 2.4934e+01 2.9999e-03
17 6 5.0000 60.0000 9.9201e-01 1.8988e+01 1.9375e+01 7.9063e-02
17 7 5.0000 55.0000 9.9148e-01 1.8060e+01 1.9241e+01 6.5273e-02
17 8 5.0000 50.0000 9.8921e-01 1.6031e+01 1.3681e+01 3.5952e-02
17 9 5.0000 45.0000 9.8706e-01 1.5480e+01 1.7352e+01 3.3788e-02
17 10 5.0000 40.0000 9.8390e-01 1.5252e+01 1.5777e+01 6.2405e-02
17 11 5.0000 35.0000 9.7920e-01 1.4728e+01 1.3769e+01 2.4306e-02
17 12 5.0000 30.0000 9.7192e-01 1.2486e+01 1.7702e+01 1.5839e-03
17 13 5.0000 25.0000 9.5750e-01 1.3784e+01 1.4579e+01 2.7608e-02
17 14 5.0000 20.0000 9.3860e-01 1.3170e+01 1.5443e+01 1.8132e-02
17 15 5.0000 15.0000 8.8864e-01 1.3542e+01 1.4471e+01 2.3744e-02
17 16 5.0000 10.0000 7.5106e-01 1.2711e+01 1.4337e+01 2.0637e-02
17 17 5.0000 5.0000 0.0000e+00 0.0000e+00 0.0000e+00 0.0000e+00
